<?xml version="1.0" encoding="UTF-8"?>
<!-- Generated by org.testng.reporters.JUnitXMLReporter -->
<testsuite hostname="PC1" ignored="1" tests="2" failures="0" timestamp="03 Dec 2018 18:00:01 GMT" time="0.188" errors="0">
  <testcase name="LoginTest" time="0.046" classname="AppSkipTest"/>
  <testcase name="PasswordChange" time="0.017" classname="AppSkipTest">
    <skipped/>
  </testcase> <!-- PasswordChange -->
  <testcase name="LogoutTest" time="0.0" classname="AppSkipTest">
    <ignored/>
  </testcase> <!-- LogoutTest -->
</testsuite>
