<?xml version="1.0" encoding="UTF-8"?>
<!-- Generated by org.testng.reporters.JUnitXMLReporter -->
<testsuite hostname="PC1" ignored="1" name="Chrome tests" tests="4" failures="0" timestamp="19 Dec 2018 19:46:36 GMT" time="89.951" errors="0">
  <testcase name="positiveloginTest" time="7.562" classname="com.cbt.tests.login.LoginTests"/>
  <testcase name="availableProductsTest" time="5.721" classname="com.cbt.tests.order.OrderTests"/>
  <testcase name="labelsVerication" time="7.295" classname="com.cbt.tests.order.OrderTests"/>
  <testcase name="positiveLoginUsingPOM" time="5.289" classname="com.cbt.tests.login.LoginTests"/>
  <testcase name="invalidUsernameTest" time="0.0" classname="com.cbt.tests.login.LoginTests">
    <ignored/>
  </testcase> <!-- invalidUsernameTest -->
</testsuite> <!-- Chrome tests -->
