<?xml version="1.0" encoding="UTF-8"?>
<!-- Generated by org.testng.reporters.JUnitXMLReporter -->
<testsuite hostname="PC1" ignored="1" name="Login tests" tests="2" failures="0" timestamp="19 Dec 2018 19:36:00 GMT" time="35.506" errors="0">
  <testcase name="positiveloginTest" time="3.865" classname="com.cbt.tests.login.LoginTests"/>
  <testcase name="positiveLoginUsingPOM" time="1.977" classname="com.cbt.tests.login.LoginTests"/>
  <testcase name="invalidUsernameTest" time="0.0" classname="com.cbt.tests.login.LoginTests">
    <ignored/>
  </testcase> <!-- invalidUsernameTest -->
</testsuite> <!-- Login tests -->
