<?xml version="1.0" encoding="UTF-8"?>
<testng-results skipped="0" failed="0" ignored="0" total="1" passed="1">
  <reporter-output>
  </reporter-output>
  <suite name="Default suite" duration-ms="15768" started-at="2018-12-20T10:38:57Z" finished-at="2018-12-20T10:39:13Z">
    <groups>
    </groups>
    <test name="Default test" duration-ms="15768" started-at="2018-12-20T10:38:57Z" finished-at="2018-12-20T10:39:13Z">
      <class name="com.newtours.loginTest">
        <test-method status="PASS" signature="setUp()[pri:0, instance:com.newtours.loginTest@ae45eb6]" name="setUp" is-config="true" duration-ms="9597" started-at="2018-12-20T10:38:57Z" finished-at="2018-12-20T10:39:07Z">
          <reporter-output>
          </reporter-output>
        </test-method> <!-- setUp -->
        <test-method status="PASS" signature="login()[pri:0, instance:com.newtours.loginTest@ae45eb6]" name="login" duration-ms="5139" started-at="2018-12-20T10:39:07Z" finished-at="2018-12-20T10:39:12Z">
          <reporter-output>
          </reporter-output>
        </test-method> <!-- login -->
        <test-method status="PASS" signature="closeUp()[pri:0, instance:com.newtours.loginTest@ae45eb6]" name="closeUp" is-config="true" duration-ms="903" started-at="2018-12-20T10:39:12Z" finished-at="2018-12-20T10:39:13Z">
          <reporter-output>
          </reporter-output>
        </test-method> <!-- closeUp -->
      </class> <!-- com.newtours.loginTest -->
    </test> <!-- Default test -->
  </suite> <!-- Default suite -->
</testng-results>
