!SESSION 2018-11-26 16:51:22.847 -----------------------------------------------
eclipse.buildId=4.9.0.I20180906-0745
java.version=1.8.0_191
java.vendor=Oracle Corporation
BootLoader constants: OS=win32, ARCH=x86_64, WS=win32, NL=en_US
Framework arguments:  -product org.eclipse.epp.package.java.product -product org.eclipse.epp.package.java.product
Command-line arguments:  -os win32 -ws win32 -arch x86_64 -product org.eclipse.epp.package.java.product -data C:\Users\PC\Documents\GitHub\Selenium -product org.eclipse.epp.package.java.product

!ENTRY org.eclipse.ui 2 0 2018-11-26 16:51:36.577
!MESSAGE Warnings while parsing the images from the 'org.eclipse.ui.commandImages' extension point.
!SUBENTRY 1 org.eclipse.ui 2 0 2018-11-26 16:51:36.578
!MESSAGE Cannot bind to an undefined command: plug-in='com.genuitec.eclipse.theming.ui', id='com.genuitec.myeclipse.help.darktheme.commandid'

!ENTRY com.genuitec.eclipse.theming.ui 1 0 2018-11-26 16:51:40.643
!MESSAGE A DevStyle Theme is being activated on this workspace; preparing colors and configuration

!ENTRY com.genuitec.eclipse.theming.ui 1 0 2018-11-26 16:51:40.990
!MESSAGE DevStyle has archived current color configurations to alternate preferences - will be restored when switching out of the DevStyle Theme

!ENTRY org.eclipse.egit.ui 2 0 2018-11-26 16:52:04.720
!MESSAGE Warning: The environment variable HOME is not set. The following directory will be used to store the Git
user global configuration and to define the default location to store repositories: 'C:\Users\PC'. If this is
not correct please set the HOME environment variable and restart Eclipse. Otherwise Git for Windows and
EGit might behave differently since they see different configuration options.
This warning can be switched off on the Team > Git > Confirmations and Warnings preference page.
!SESSION 2018-11-27 08:39:02.835 -----------------------------------------------
eclipse.buildId=4.9.0.I20180906-0745
java.version=1.8.0_191
java.vendor=Oracle Corporation
BootLoader constants: OS=win32, ARCH=x86_64, WS=win32, NL=en_US
Framework arguments:  -product org.eclipse.epp.package.java.product
Command-line arguments:  -os win32 -ws win32 -arch x86_64 -product org.eclipse.epp.package.java.product

!ENTRY org.eclipse.egit.ui 2 0 2018-11-27 08:47:09.489
!MESSAGE Warning: The environment variable HOME is not set. The following directory will be used to store the Git
user global configuration and to define the default location to store repositories: 'C:\Users\PC'. If this is
not correct please set the HOME environment variable and restart Eclipse. Otherwise Git for Windows and
EGit might behave differently since they see different configuration options.
This warning can be switched off on the Team > Git > Confirmations and Warnings preference page.
!SESSION 2018-11-27 16:02:45.562 -----------------------------------------------
eclipse.buildId=4.9.0.I20180906-0745
java.version=1.8.0_191
java.vendor=Oracle Corporation
BootLoader constants: OS=win32, ARCH=x86_64, WS=win32, NL=en_US
Framework arguments:  -product org.eclipse.epp.package.java.product
Command-line arguments:  -os win32 -ws win32 -arch x86_64 -product org.eclipse.epp.package.java.product

!ENTRY org.eclipse.egit.ui 2 0 2018-11-27 16:05:59.664
!MESSAGE Warning: The environment variable HOME is not set. The following directory will be used to store the Git
user global configuration and to define the default location to store repositories: 'C:\Users\PC'. If this is
not correct please set the HOME environment variable and restart Eclipse. Otherwise Git for Windows and
EGit might behave differently since they see different configuration options.
This warning can be switched off on the Team > Git > Confirmations and Warnings preference page.

!ENTRY org.eclipse.recommenders.models.rcp 1 11 2018-11-27 16:50:16.739
!MESSAGE The model index service was accessed either before it started or after it finished running.
!STACK 0
org.eclipse.recommenders.utils.Logs$LogTraceException
	at org.eclipse.recommenders.utils.Logs$LogTraceException.newTrace(Logs.java:381)
	at org.eclipse.recommenders.utils.Logs.log(Logs.java:134)
	at org.eclipse.recommenders.utils.Logs.log(Logs.java:126)
	at org.eclipse.recommenders.internal.models.rcp.EclipseModelIndex.suggest(EclipseModelIndex.java:211)
	at org.eclipse.recommenders.models.SimpleModelProvider.acquireModel(SimpleModelProvider.java:70)
	at org.eclipse.recommenders.models.PoolingModelProvider.access$0(PoolingModelProvider.java:1)
	at org.eclipse.recommenders.models.PoolingModelProvider$ModelPoolFactoryMediator.makeObject(PoolingModelProvider.java:96)
	at org.eclipse.recommenders.models.PoolingModelProvider$ModelPoolFactoryMediator.makeObject(PoolingModelProvider.java:1)
	at org.apache.commons.pool.impl.GenericKeyedObjectPool.borrowObject(GenericKeyedObjectPool.java:1220)
	at org.eclipse.recommenders.models.PoolingModelProvider.acquireModel(PoolingModelProvider.java:67)
	at org.eclipse.recommenders.internal.calls.rcp.RcpCallModelProvider.acquireModel(RcpCallModelProvider.java:65)
	at org.eclipse.recommenders.internal.calls.rcp.RcpCallModelProvider.acquireModel(RcpCallModelProvider.java:1)
	at org.eclipse.recommenders.internal.models.rcp.PrefetchModelArchiveJob.run(PrefetchModelArchiveJob.java:43)
	at org.eclipse.core.internal.jobs.Worker.run(Worker.java:63)
!SESSION 2018-11-28 15:57:29.221 -----------------------------------------------
eclipse.buildId=4.9.0.I20180906-0745
java.version=1.8.0_191
java.vendor=Oracle Corporation
BootLoader constants: OS=win32, ARCH=x86_64, WS=win32, NL=en_US
Framework arguments:  -product org.eclipse.epp.package.java.product
Command-line arguments:  -os win32 -ws win32 -arch x86_64 -product org.eclipse.epp.package.java.product

!ENTRY org.eclipse.egit.ui 2 0 2018-11-28 16:00:42.712
!MESSAGE Warning: The environment variable HOME is not set. The following directory will be used to store the Git
user global configuration and to define the default location to store repositories: 'C:\Users\PC'. If this is
not correct please set the HOME environment variable and restart Eclipse. Otherwise Git for Windows and
EGit might behave differently since they see different configuration options.
This warning can be switched off on the Team > Git > Confirmations and Warnings preference page.
!SESSION 2018-11-29 08:51:56.310 -----------------------------------------------
eclipse.buildId=4.9.0.I20180906-0745
java.version=1.8.0_191
java.vendor=Oracle Corporation
BootLoader constants: OS=win32, ARCH=x86_64, WS=win32, NL=en_US
Framework arguments:  -product org.eclipse.epp.package.java.product
Command-line arguments:  -os win32 -ws win32 -arch x86_64 -product org.eclipse.epp.package.java.product

!ENTRY org.eclipse.core.resources 2 10035 2018-11-29 08:52:11.922
!MESSAGE The workspace exited with unsaved changes in the previous session; refreshing workspace to recover changes.

!ENTRY org.eclipse.egit.ui 2 0 2018-11-29 08:53:04.161
!MESSAGE Warning: The environment variable HOME is not set. The following directory will be used to store the Git
user global configuration and to define the default location to store repositories: 'C:\Users\PC'. If this is
not correct please set the HOME environment variable and restart Eclipse. Otherwise Git for Windows and
EGit might behave differently since they see different configuration options.
This warning can be switched off on the Team > Git > Confirmations and Warnings preference page.

!ENTRY org.eclipse.recommenders.models.rcp 1 11 2018-11-29 09:32:18.767
!MESSAGE The model index service was accessed either before it started or after it finished running.
!STACK 0
org.eclipse.recommenders.utils.Logs$LogTraceException
	at org.eclipse.recommenders.utils.Logs$LogTraceException.newTrace(Logs.java:381)
	at org.eclipse.recommenders.utils.Logs.log(Logs.java:134)
	at org.eclipse.recommenders.utils.Logs.log(Logs.java:126)
	at org.eclipse.recommenders.internal.models.rcp.EclipseModelIndex.suggestProjectCoordinateByArtifactId(EclipseModelIndex.java:273)
	at org.eclipse.recommenders.models.advisors.ModelIndexBundleSymbolicNameAdvisor.doSuggest(ModelIndexBundleSymbolicNameAdvisor.java:56)
	at org.eclipse.recommenders.coordinates.AbstractProjectCoordinateAdvisor.suggest(AbstractProjectCoordinateAdvisor.java:24)
	at org.eclipse.recommenders.coordinates.ProjectCoordinateAdvisorService.suggest(ProjectCoordinateAdvisorService.java:50)
	at org.eclipse.recommenders.coordinates.rcp.EclipseProjectCoordinateAdvisorService$2.load(EclipseProjectCoordinateAdvisorService.java:105)
	at org.eclipse.recommenders.coordinates.rcp.EclipseProjectCoordinateAdvisorService$2.load(EclipseProjectCoordinateAdvisorService.java:1)
	at com.google.common.cache.LocalCache$LoadingValueReference.loadFuture(LocalCache.java:3522)
	at com.google.common.cache.LocalCache$Segment.loadSync(LocalCache.java:2315)
	at com.google.common.cache.LocalCache$Segment.lockedGetOrLoad(LocalCache.java:2278)
	at com.google.common.cache.LocalCache$Segment.get(LocalCache.java:2193)
	at com.google.common.cache.LocalCache.get(LocalCache.java:3932)
	at com.google.common.cache.LocalCache.getOrLoad(LocalCache.java:3936)
	at com.google.common.cache.LocalCache$LocalLoadingCache.get(LocalCache.java:4806)
	at org.eclipse.recommenders.coordinates.rcp.EclipseProjectCoordinateAdvisorService.suggest(EclipseProjectCoordinateAdvisorService.java:137)
	at org.eclipse.recommenders.internal.models.rcp.ProjectCoordinateProvider.resolve(ProjectCoordinateProvider.java:189)
	at org.eclipse.recommenders.internal.models.rcp.ProjectCoordinateProvider.resolve(ProjectCoordinateProvider.java:130)
	at org.eclipse.recommenders.internal.models.rcp.ProjectCoordinateProvider.resolve(ProjectCoordinateProvider.java:104)
	at org.eclipse.recommenders.internal.models.rcp.ProjectCoordinateProvider.toUniqueName(ProjectCoordinateProvider.java:199)
	at org.eclipse.recommenders.internal.models.rcp.PrefetchModelArchiveJob.run(PrefetchModelArchiveJob.java:42)
	at org.eclipse.core.internal.jobs.Worker.run(Worker.java:63)

!ENTRY org.eclipse.recommenders.models.rcp 1 11 2018-11-29 09:32:18.861
!MESSAGE The model index service was accessed either before it started or after it finished running.
!STACK 0
org.eclipse.recommenders.utils.Logs$LogTraceException
	at org.eclipse.recommenders.utils.Logs$LogTraceException.newTrace(Logs.java:381)
	at org.eclipse.recommenders.utils.Logs.log(Logs.java:134)
	at org.eclipse.recommenders.utils.Logs.log(Logs.java:126)
	at org.eclipse.recommenders.internal.models.rcp.EclipseModelIndex.suggest(EclipseModelIndex.java:211)
	at org.eclipse.recommenders.models.SimpleModelProvider.acquireModel(SimpleModelProvider.java:70)
	at org.eclipse.recommenders.models.PoolingModelProvider.access$0(PoolingModelProvider.java:1)
	at org.eclipse.recommenders.models.PoolingModelProvider$ModelPoolFactoryMediator.makeObject(PoolingModelProvider.java:96)
	at org.eclipse.recommenders.models.PoolingModelProvider$ModelPoolFactoryMediator.makeObject(PoolingModelProvider.java:1)
	at org.apache.commons.pool.impl.GenericKeyedObjectPool.borrowObject(GenericKeyedObjectPool.java:1220)
	at org.eclipse.recommenders.models.PoolingModelProvider.acquireModel(PoolingModelProvider.java:67)
	at org.eclipse.recommenders.internal.calls.rcp.RcpCallModelProvider.acquireModel(RcpCallModelProvider.java:65)
	at org.eclipse.recommenders.internal.calls.rcp.RcpCallModelProvider.acquireModel(RcpCallModelProvider.java:1)
	at org.eclipse.recommenders.internal.models.rcp.PrefetchModelArchiveJob.run(PrefetchModelArchiveJob.java:43)
	at org.eclipse.core.internal.jobs.Worker.run(Worker.java:63)

!ENTRY org.eclipse.egit.ui 4 0 2018-11-29 09:55:38.622
!MESSAGE The process cannot access the file because another process has locked a portion of the file
!STACK 0
java.io.IOException: The process cannot access the file because another process has locked a portion of the file
	at java.io.FileInputStream.readBytes(Native Method)
	at java.io.FileInputStream.read(Unknown Source)
	at org.eclipse.jgit.util.IO.readFully(IO.java:289)
	at org.eclipse.jgit.internal.storage.file.ObjectDirectoryInserter.insert(ObjectDirectoryInserter.java:141)
	at org.eclipse.jgit.internal.storage.file.ObjectDirectoryInserter.insert(ObjectDirectoryInserter.java:122)
	at org.eclipse.jgit.api.AddCommand.call(AddCommand.java:239)
	at org.eclipse.egit.ui.internal.staging.StagingView$53.run(StagingView.java:3415)
	at org.eclipse.core.internal.jobs.Worker.run(Worker.java:63)

!ENTRY org.eclipse.egit.ui 4 0 2018-11-29 09:55:44.249
!MESSAGE The process cannot access the file because another process has locked a portion of the file
!STACK 0
java.io.IOException: The process cannot access the file because another process has locked a portion of the file
	at java.io.FileInputStream.readBytes(Native Method)
	at java.io.FileInputStream.read(Unknown Source)
	at org.eclipse.jgit.util.IO.readFully(IO.java:289)
	at org.eclipse.jgit.internal.storage.file.ObjectDirectoryInserter.insert(ObjectDirectoryInserter.java:141)
	at org.eclipse.jgit.internal.storage.file.ObjectDirectoryInserter.insert(ObjectDirectoryInserter.java:122)
	at org.eclipse.jgit.api.AddCommand.call(AddCommand.java:239)
	at org.eclipse.egit.ui.internal.staging.StagingView$53.run(StagingView.java:3415)
	at org.eclipse.core.internal.jobs.Worker.run(Worker.java:63)

!ENTRY org.eclipse.egit.ui 4 0 2018-11-29 09:55:49.617
!MESSAGE The process cannot access the file because another process has locked a portion of the file
!STACK 0
java.io.IOException: The process cannot access the file because another process has locked a portion of the file
	at java.io.FileInputStream.readBytes(Native Method)
	at java.io.FileInputStream.read(Unknown Source)
	at org.eclipse.jgit.util.IO.readFully(IO.java:289)
	at org.eclipse.jgit.internal.storage.file.ObjectDirectoryInserter.insert(ObjectDirectoryInserter.java:141)
	at org.eclipse.jgit.internal.storage.file.ObjectDirectoryInserter.insert(ObjectDirectoryInserter.java:122)
	at org.eclipse.jgit.api.AddCommand.call(AddCommand.java:239)
	at org.eclipse.egit.ui.internal.staging.StagingView$53.run(StagingView.java:3415)
	at org.eclipse.core.internal.jobs.Worker.run(Worker.java:63)

!ENTRY org.eclipse.egit.ui 4 0 2018-11-29 09:56:32.201
!MESSAGE The process cannot access the file because another process has locked a portion of the file
!STACK 0
java.io.IOException: The process cannot access the file because another process has locked a portion of the file
	at java.io.FileInputStream.readBytes(Native Method)
	at java.io.FileInputStream.read(Unknown Source)
	at org.eclipse.jgit.util.IO.readFully(IO.java:289)
	at org.eclipse.jgit.internal.storage.file.ObjectDirectoryInserter.insert(ObjectDirectoryInserter.java:141)
	at org.eclipse.jgit.internal.storage.file.ObjectDirectoryInserter.insert(ObjectDirectoryInserter.java:122)
	at org.eclipse.jgit.api.AddCommand.call(AddCommand.java:239)
	at org.eclipse.egit.ui.internal.staging.StagingView$53.run(StagingView.java:3415)
	at org.eclipse.core.internal.jobs.Worker.run(Worker.java:63)

!ENTRY org.eclipse.egit.ui 4 0 2018-11-29 09:58:49.199
!MESSAGE The process cannot access the file because another process has locked a portion of the file
!STACK 0
java.io.IOException: The process cannot access the file because another process has locked a portion of the file
	at java.io.FileInputStream.readBytes(Native Method)
	at java.io.FileInputStream.read(Unknown Source)
	at org.eclipse.jgit.util.IO.readFully(IO.java:289)
	at org.eclipse.jgit.internal.storage.file.ObjectDirectoryInserter.insert(ObjectDirectoryInserter.java:141)
	at org.eclipse.jgit.internal.storage.file.ObjectDirectoryInserter.insert(ObjectDirectoryInserter.java:122)
	at org.eclipse.jgit.api.AddCommand.call(AddCommand.java:239)
	at org.eclipse.egit.ui.internal.staging.StagingView$53.run(StagingView.java:3415)
	at org.eclipse.core.internal.jobs.Worker.run(Worker.java:63)
!SESSION 2018-12-03 16:12:06.272 -----------------------------------------------
eclipse.buildId=4.9.0.I20180906-0745
java.version=1.8.0_191
java.vendor=Oracle Corporation
BootLoader constants: OS=win32, ARCH=x86_64, WS=win32, NL=en_US
Framework arguments:  -product org.eclipse.epp.package.java.product
Command-line arguments:  -os win32 -ws win32 -arch x86_64 -product org.eclipse.epp.package.java.product

!ENTRY org.eclipse.egit.ui 2 0 2018-12-03 16:16:31.451
!MESSAGE Warning: The environment variable HOME is not set. The following directory will be used to store the Git
user global configuration and to define the default location to store repositories: 'C:\Users\PC'. If this is
not correct please set the HOME environment variable and restart Eclipse. Otherwise Git for Windows and
EGit might behave differently since they see different configuration options.
This warning can be switched off on the Team > Git > Confirmations and Warnings preference page.

!ENTRY org.eclipse.equinox.p2.metadata.repository 4 0 2018-12-03 18:03:15.237
!MESSAGE Unexpected error loading extension: org.eclipse.equinox.p2.metadata.repository.compositeRepository
!STACK 0
org.eclipse.oomph.util.ReflectUtil$ReflectionException: java.lang.NullPointerException
	at org.eclipse.oomph.util.ReflectUtil.invokeMethod(ReflectUtil.java:132)
	at org.eclipse.oomph.p2.internal.core.CachingRepositoryManager.loadRepository(CachingRepositoryManager.java:409)
	at org.eclipse.oomph.p2.internal.core.CachingRepositoryManager.loadRepository(CachingRepositoryManager.java:201)
	at org.eclipse.oomph.p2.internal.core.CachingRepositoryManager$Metadata.loadRepository(CachingRepositoryManager.java:476)
	at org.eclipse.equinox.internal.p2.metadata.repository.MetadataRepositoryManager.loadRepository(MetadataRepositoryManager.java:110)
	at org.eclipse.equinox.internal.p2.metadata.repository.MetadataRepositoryManager.loadRepository(MetadataRepositoryManager.java:105)
	at org.eclipse.equinox.internal.p2.metadata.repository.CompositeMetadataRepository.addChild(CompositeMetadataRepository.java:168)
	at org.eclipse.equinox.internal.p2.metadata.repository.CompositeMetadataRepository.<init>(CompositeMetadataRepository.java:110)
	at org.eclipse.equinox.internal.p2.metadata.repository.CompositeMetadataRepositoryFactory.load(CompositeMetadataRepositoryFactory.java:124)
	at org.eclipse.equinox.internal.p2.metadata.repository.MetadataRepositoryManager.factoryLoad(MetadataRepositoryManager.java:63)
	at org.eclipse.equinox.internal.p2.repository.helpers.AbstractRepositoryManager.loadRepository(AbstractRepositoryManager.java:770)
	at sun.reflect.GeneratedMethodAccessor67.invoke(Unknown Source)
	at sun.reflect.DelegatingMethodAccessorImpl.invoke(Unknown Source)
	at java.lang.reflect.Method.invoke(Unknown Source)
	at org.eclipse.oomph.util.ReflectUtil.invokeMethod(ReflectUtil.java:117)
	at org.eclipse.oomph.p2.internal.core.CachingRepositoryManager.loadRepository(CachingRepositoryManager.java:409)
	at org.eclipse.oomph.p2.internal.core.CachingRepositoryManager.loadRepository(CachingRepositoryManager.java:201)
	at org.eclipse.oomph.p2.internal.core.CachingRepositoryManager$Metadata.loadRepository(CachingRepositoryManager.java:476)
	at org.eclipse.equinox.internal.p2.metadata.repository.MetadataRepositoryManager.loadRepository(MetadataRepositoryManager.java:110)
	at org.eclipse.equinox.internal.p2.metadata.repository.MetadataRepositoryManager.loadRepository(MetadataRepositoryManager.java:105)
	at org.eclipse.equinox.p2.engine.ProvisioningContext.loadMetadataRepository(ProvisioningContext.java:238)
	at org.eclipse.equinox.p2.engine.ProvisioningContext.getLoadedMetadataRepositories(ProvisioningContext.java:216)
	at org.eclipse.equinox.p2.engine.ProvisioningContext.getMetadata(ProvisioningContext.java:304)
	at org.eclipse.equinox.internal.p2.director.SimplePlanner.updatesFor(SimplePlanner.java:916)
	at org.eclipse.equinox.p2.operations.UpdateOperation.updatesFor(UpdateOperation.java:144)
	at org.eclipse.equinox.p2.operations.UpdateOperation.computeProfileChangeRequest(UpdateOperation.java:179)
	at org.eclipse.equinox.p2.operations.UpdateOperation.lambda$0(UpdateOperation.java:314)
	at org.eclipse.equinox.internal.p2.operations.SearchForUpdatesResolutionJob.runModal(SearchForUpdatesResolutionJob.java:41)
	at org.eclipse.equinox.p2.operations.ProfileChangeOperation.resolveModal(ProfileChangeOperation.java:118)
	at org.eclipse.equinox.internal.p2.ui.sdk.scheduler.AutomaticUpdater.updatesAvailable(AutomaticUpdater.java:111)
	at org.eclipse.equinox.internal.p2.ui.sdk.scheduler.AutomaticUpdater.updatesAvailable(AutomaticUpdater.java:91)
	at org.eclipse.equinox.internal.p2.ui.sdk.scheduler.AutomaticUpdater$2.run(AutomaticUpdater.java:339)
	at org.eclipse.core.internal.jobs.Worker.run(Worker.java:63)
Caused by: java.lang.NullPointerException
	at org.eclipse.equinox.internal.p2.repository.helpers.AbstractRepositoryManager.findMatchingRepositoryExtensions(AbstractRepositoryManager.java:407)
	at org.eclipse.equinox.internal.p2.repository.helpers.AbstractRepositoryManager.loadRepository(AbstractRepositoryManager.java:765)
	at sun.reflect.GeneratedMethodAccessor67.invoke(Unknown Source)
	at sun.reflect.DelegatingMethodAccessorImpl.invoke(Unknown Source)
	at java.lang.reflect.Method.invoke(Unknown Source)
	at org.eclipse.oomph.util.ReflectUtil.invokeMethod(ReflectUtil.java:117)
	... 32 more

!ENTRY org.eclipse.core.jobs 4 2 2018-12-03 18:03:15.324
!MESSAGE An internal error occurred during: "Update validate job".
!STACK 0
org.eclipse.oomph.util.ReflectUtil$ReflectionException: java.lang.NullPointerException
	at org.eclipse.oomph.util.ReflectUtil.invokeMethod(ReflectUtil.java:132)
	at org.eclipse.oomph.p2.internal.core.CachingRepositoryManager.loadRepository(CachingRepositoryManager.java:409)
	at org.eclipse.oomph.p2.internal.core.CachingRepositoryManager.loadRepository(CachingRepositoryManager.java:201)
	at org.eclipse.oomph.p2.internal.core.CachingRepositoryManager$Metadata.loadRepository(CachingRepositoryManager.java:476)
	at org.eclipse.equinox.internal.p2.metadata.repository.MetadataRepositoryManager.loadRepository(MetadataRepositoryManager.java:110)
	at org.eclipse.equinox.internal.p2.metadata.repository.MetadataRepositoryManager.loadRepository(MetadataRepositoryManager.java:105)
	at org.eclipse.equinox.p2.engine.ProvisioningContext.loadMetadataRepository(ProvisioningContext.java:238)
	at org.eclipse.equinox.p2.engine.ProvisioningContext.getLoadedMetadataRepositories(ProvisioningContext.java:216)
	at org.eclipse.equinox.p2.engine.ProvisioningContext.getMetadata(ProvisioningContext.java:304)
	at org.eclipse.equinox.internal.p2.director.SimplePlanner.updatesFor(SimplePlanner.java:916)
	at org.eclipse.equinox.p2.operations.UpdateOperation.updatesFor(UpdateOperation.java:144)
	at org.eclipse.equinox.p2.operations.UpdateOperation.computeProfileChangeRequest(UpdateOperation.java:179)
	at org.eclipse.equinox.p2.operations.UpdateOperation.lambda$0(UpdateOperation.java:314)
	at org.eclipse.equinox.internal.p2.operations.SearchForUpdatesResolutionJob.runModal(SearchForUpdatesResolutionJob.java:41)
	at org.eclipse.equinox.p2.operations.ProfileChangeOperation.resolveModal(ProfileChangeOperation.java:118)
	at org.eclipse.equinox.internal.p2.ui.sdk.scheduler.AutomaticUpdater.updatesAvailable(AutomaticUpdater.java:111)
	at org.eclipse.equinox.internal.p2.ui.sdk.scheduler.AutomaticUpdater.updatesAvailable(AutomaticUpdater.java:91)
	at org.eclipse.equinox.internal.p2.ui.sdk.scheduler.AutomaticUpdater$2.run(AutomaticUpdater.java:339)
	at org.eclipse.core.internal.jobs.Worker.run(Worker.java:63)
Caused by: java.lang.NullPointerException
	at org.eclipse.equinox.internal.p2.repository.helpers.AbstractRepositoryManager.findMatchingRepositoryExtensions(AbstractRepositoryManager.java:407)
	at org.eclipse.equinox.internal.p2.repository.helpers.AbstractRepositoryManager.loadRepository(AbstractRepositoryManager.java:765)
	at sun.reflect.GeneratedMethodAccessor67.invoke(Unknown Source)
	at sun.reflect.DelegatingMethodAccessorImpl.invoke(Unknown Source)
	at java.lang.reflect.Method.invoke(Unknown Source)
	at org.eclipse.oomph.util.ReflectUtil.invokeMethod(ReflectUtil.java:117)
	... 18 more
!SESSION 2018-12-03 18:03:15.837 -----------------------------------------------
eclipse.buildId=4.9.0.I20180906-0745
java.version=1.8.0_191
java.vendor=Oracle Corporation
BootLoader constants: OS=win32, ARCH=x86_64, WS=win32, NL=en_US
Framework arguments:  -product org.eclipse.epp.package.java.product -product org.eclipse.epp.package.java.product
Command-line arguments:  -os win32 -ws win32 -arch x86_64 -product org.eclipse.epp.package.java.product -data file:/C:/Users/PC/Documents/github/Selenium/ -product org.eclipse.epp.package.java.product

!ENTRY org.eclipse.egit.ui 2 0 2018-12-03 18:04:06.476
!MESSAGE Warning: The environment variable HOME is not set. The following directory will be used to store the Git
user global configuration and to define the default location to store repositories: 'C:\Users\PC'. If this is
not correct please set the HOME environment variable and restart Eclipse. Otherwise Git for Windows and
EGit might behave differently since they see different configuration options.
This warning can be switched off on the Team > Git > Confirmations and Warnings preference page.

!ENTRY org.testng.eclipse 1 0 2018-12-03 18:31:57.295
!MESSAGE [TestNGLaunchConfigurationDelegate] Launching:
  Classpath: C:\Users\PC\eclipse\java-2018-09\eclipse\configuration\org.eclipse.osgi\563\0\.cp\lib\testng-remote.jar C:\Users\PC\Documents\github\Selenium\12-TestNG\bin C:\Users\PC\.p2\pool\plugins\org.testng_6.14.2.r201802161450.jar C:\Users\PC\.p2\pool\plugins\com.beust.jcommander_1.72.0.jar C:\Users\PC\.p2\pool\plugins\org.apache-extras.beanshell.bsh_2.0.0.b6.jar C:\Users\PC\.p2\pool\plugins\org.yaml.snakeyaml_1.17.0.jar
  VMArgs:    -ea
  Class:     org.testng.remote.RemoteTestNG
  Args:      -serport 61012 -protocol json -d C:\Users\PC\Documents\github\Selenium\12-TestNG\test-output C:\Users\PC\AppData\Local\Temp\testng-eclipse-2136086560\testng-customsuite.xml
java -ea -classpath C:\Users\PC\eclipse\java-2018-09\eclipse\configuration\org.eclipse.osgi\563\0\.cp\lib\testng-remote.jar:C:\Users\PC\Documents\github\Selenium\12-TestNG\bin:C:\Users\PC\.p2\pool\plugins\org.testng_6.14.2.r201802161450.jar:C:\Users\PC\.p2\pool\plugins\com.beust.jcommander_1.72.0.jar:C:\Users\PC\.p2\pool\plugins\org.apache-extras.beanshell.bsh_2.0.0.b6.jar:C:\Users\PC\.p2\pool\plugins\org.yaml.snakeyaml_1.17.0.jar org.testng.remote.RemoteTestNG -serport 61012 -protocol json -d C:\Users\PC\Documents\github\Selenium\12-TestNG\test-output C:\Users\PC\AppData\Local\Temp\testng-eclipse-2136086560\testng-customsuite.xml

!ENTRY org.testng.eclipse 1 0 2018-12-03 18:44:00.013
!MESSAGE [TestNGLaunchConfigurationDelegate] Launching:
  Classpath: C:\Users\PC\eclipse\java-2018-09\eclipse\configuration\org.eclipse.osgi\563\0\.cp\lib\testng-remote.jar C:\Users\PC\Documents\github\Selenium\12-TestNG\bin C:\Users\PC\.p2\pool\plugins\org.testng_6.14.2.r201802161450.jar C:\Users\PC\.p2\pool\plugins\com.beust.jcommander_1.72.0.jar C:\Users\PC\.p2\pool\plugins\org.apache-extras.beanshell.bsh_2.0.0.b6.jar C:\Users\PC\.p2\pool\plugins\org.yaml.snakeyaml_1.17.0.jar
  VMArgs:    -ea
  Class:     org.testng.remote.RemoteTestNG
  Args:      -serport 62137 -protocol json -d C:\Users\PC\Documents\github\Selenium\12-TestNG\test-output C:\Users\PC\AppData\Local\Temp\testng-eclipse-1282388402\testng-customsuite.xml
java -ea -classpath C:\Users\PC\eclipse\java-2018-09\eclipse\configuration\org.eclipse.osgi\563\0\.cp\lib\testng-remote.jar:C:\Users\PC\Documents\github\Selenium\12-TestNG\bin:C:\Users\PC\.p2\pool\plugins\org.testng_6.14.2.r201802161450.jar:C:\Users\PC\.p2\pool\plugins\com.beust.jcommander_1.72.0.jar:C:\Users\PC\.p2\pool\plugins\org.apache-extras.beanshell.bsh_2.0.0.b6.jar:C:\Users\PC\.p2\pool\plugins\org.yaml.snakeyaml_1.17.0.jar org.testng.remote.RemoteTestNG -serport 62137 -protocol json -d C:\Users\PC\Documents\github\Selenium\12-TestNG\test-output C:\Users\PC\AppData\Local\Temp\testng-eclipse-1282388402\testng-customsuite.xml

!ENTRY org.testng.eclipse 1 0 2018-12-03 18:50:31.379
!MESSAGE [TestNGLaunchConfigurationDelegate] Launching:
  Classpath: C:\Users\PC\eclipse\java-2018-09\eclipse\configuration\org.eclipse.osgi\563\0\.cp\lib\testng-remote.jar C:\Users\PC\Documents\github\Selenium\12-TestNG\bin C:\Users\PC\.p2\pool\plugins\org.testng_6.14.2.r201802161450.jar C:\Users\PC\.p2\pool\plugins\com.beust.jcommander_1.72.0.jar C:\Users\PC\.p2\pool\plugins\org.apache-extras.beanshell.bsh_2.0.0.b6.jar C:\Users\PC\.p2\pool\plugins\org.yaml.snakeyaml_1.17.0.jar
  VMArgs:    -ea
  Class:     org.testng.remote.RemoteTestNG
  Args:      -serport 62723 -protocol json -d C:\Users\PC\Documents\github\Selenium\12-TestNG\test-output C:\Users\PC\AppData\Local\Temp\testng-eclipse-1294262544\testng-customsuite.xml
java -ea -classpath C:\Users\PC\eclipse\java-2018-09\eclipse\configuration\org.eclipse.osgi\563\0\.cp\lib\testng-remote.jar:C:\Users\PC\Documents\github\Selenium\12-TestNG\bin:C:\Users\PC\.p2\pool\plugins\org.testng_6.14.2.r201802161450.jar:C:\Users\PC\.p2\pool\plugins\com.beust.jcommander_1.72.0.jar:C:\Users\PC\.p2\pool\plugins\org.apache-extras.beanshell.bsh_2.0.0.b6.jar:C:\Users\PC\.p2\pool\plugins\org.yaml.snakeyaml_1.17.0.jar org.testng.remote.RemoteTestNG -serport 62723 -protocol json -d C:\Users\PC\Documents\github\Selenium\12-TestNG\test-output C:\Users\PC\AppData\Local\Temp\testng-eclipse-1294262544\testng-customsuite.xml

!ENTRY org.testng.eclipse 1 0 2018-12-03 18:54:33.200
!MESSAGE [TestNGLaunchConfigurationDelegate] Launching:
  Classpath: C:\Users\PC\eclipse\java-2018-09\eclipse\configuration\org.eclipse.osgi\563\0\.cp\lib\testng-remote.jar C:\Users\PC\Documents\github\Selenium\12-TestNG\bin C:\Users\PC\.p2\pool\plugins\org.testng_6.14.2.r201802161450.jar C:\Users\PC\.p2\pool\plugins\com.beust.jcommander_1.72.0.jar C:\Users\PC\.p2\pool\plugins\org.apache-extras.beanshell.bsh_2.0.0.b6.jar C:\Users\PC\.p2\pool\plugins\org.yaml.snakeyaml_1.17.0.jar
  VMArgs:    -ea
  Class:     org.testng.remote.RemoteTestNG
  Args:      -serport 63077 -protocol json -d C:\Users\PC\Documents\github\Selenium\12-TestNG\test-output C:\Users\PC\AppData\Local\Temp\testng-eclipse--1397903775\testng-customsuite.xml
java -ea -classpath C:\Users\PC\eclipse\java-2018-09\eclipse\configuration\org.eclipse.osgi\563\0\.cp\lib\testng-remote.jar:C:\Users\PC\Documents\github\Selenium\12-TestNG\bin:C:\Users\PC\.p2\pool\plugins\org.testng_6.14.2.r201802161450.jar:C:\Users\PC\.p2\pool\plugins\com.beust.jcommander_1.72.0.jar:C:\Users\PC\.p2\pool\plugins\org.apache-extras.beanshell.bsh_2.0.0.b6.jar:C:\Users\PC\.p2\pool\plugins\org.yaml.snakeyaml_1.17.0.jar org.testng.remote.RemoteTestNG -serport 63077 -protocol json -d C:\Users\PC\Documents\github\Selenium\12-TestNG\test-output C:\Users\PC\AppData\Local\Temp\testng-eclipse--1397903775\testng-customsuite.xml

!ENTRY org.testng.eclipse 1 0 2018-12-03 18:59:59.062
!MESSAGE [TestNGLaunchConfigurationDelegate] Launching:
  Classpath: C:\Users\PC\eclipse\java-2018-09\eclipse\configuration\org.eclipse.osgi\563\0\.cp\lib\testng-remote.jar C:\Users\PC\Documents\github\Selenium\12-TestNG\bin C:\Users\PC\.p2\pool\plugins\org.testng_6.14.2.r201802161450.jar C:\Users\PC\.p2\pool\plugins\com.beust.jcommander_1.72.0.jar C:\Users\PC\.p2\pool\plugins\org.apache-extras.beanshell.bsh_2.0.0.b6.jar C:\Users\PC\.p2\pool\plugins\org.yaml.snakeyaml_1.17.0.jar
  VMArgs:    -ea
  Class:     org.testng.remote.RemoteTestNG
  Args:      -serport 63565 -protocol json -d C:\Users\PC\Documents\github\Selenium\12-TestNG\test-output C:\Users\PC\AppData\Local\Temp\testng-eclipse--440372677\testng-customsuite.xml
java -ea -classpath C:\Users\PC\eclipse\java-2018-09\eclipse\configuration\org.eclipse.osgi\563\0\.cp\lib\testng-remote.jar:C:\Users\PC\Documents\github\Selenium\12-TestNG\bin:C:\Users\PC\.p2\pool\plugins\org.testng_6.14.2.r201802161450.jar:C:\Users\PC\.p2\pool\plugins\com.beust.jcommander_1.72.0.jar:C:\Users\PC\.p2\pool\plugins\org.apache-extras.beanshell.bsh_2.0.0.b6.jar:C:\Users\PC\.p2\pool\plugins\org.yaml.snakeyaml_1.17.0.jar org.testng.remote.RemoteTestNG -serport 63565 -protocol json -d C:\Users\PC\Documents\github\Selenium\12-TestNG\test-output C:\Users\PC\AppData\Local\Temp\testng-eclipse--440372677\testng-customsuite.xml

!ENTRY org.testng.eclipse 1 0 2018-12-03 20:36:10.268
!MESSAGE [TestNGLaunchConfigurationDelegate] Launching:
  Classpath: C:\Users\PC\eclipse\java-2018-09\eclipse\configuration\org.eclipse.osgi\563\0\.cp\lib\testng-remote.jar C:\Users\PC\Documents\github\Selenium\12-TestNG\bin C:\Users\PC\.p2\pool\plugins\org.testng_6.14.2.r201802161450.jar C:\Users\PC\.p2\pool\plugins\com.beust.jcommander_1.72.0.jar C:\Users\PC\.p2\pool\plugins\org.apache-extras.beanshell.bsh_2.0.0.b6.jar C:\Users\PC\.p2\pool\plugins\org.yaml.snakeyaml_1.17.0.jar
  VMArgs:    -ea
  Class:     org.testng.remote.RemoteTestNG
  Args:      -serport 52908 -protocol json -d C:\Users\PC\Documents\github\Selenium\12-TestNG\test-output C:\Users\PC\AppData\Local\Temp\testng-eclipse-620238237\testng-customsuite.xml
java -ea -classpath C:\Users\PC\eclipse\java-2018-09\eclipse\configuration\org.eclipse.osgi\563\0\.cp\lib\testng-remote.jar:C:\Users\PC\Documents\github\Selenium\12-TestNG\bin:C:\Users\PC\.p2\pool\plugins\org.testng_6.14.2.r201802161450.jar:C:\Users\PC\.p2\pool\plugins\com.beust.jcommander_1.72.0.jar:C:\Users\PC\.p2\pool\plugins\org.apache-extras.beanshell.bsh_2.0.0.b6.jar:C:\Users\PC\.p2\pool\plugins\org.yaml.snakeyaml_1.17.0.jar org.testng.remote.RemoteTestNG -serport 52908 -protocol json -d C:\Users\PC\Documents\github\Selenium\12-TestNG\test-output C:\Users\PC\AppData\Local\Temp\testng-eclipse-620238237\testng-customsuite.xml

!ENTRY org.testng.eclipse 1 0 2018-12-03 20:36:46.392
!MESSAGE [TestNGLaunchConfigurationDelegate] Launching:
  Classpath: C:\Users\PC\eclipse\java-2018-09\eclipse\configuration\org.eclipse.osgi\563\0\.cp\lib\testng-remote.jar C:\Users\PC\Documents\github\Selenium\12-TestNG\bin C:\Users\PC\.p2\pool\plugins\org.testng_6.14.2.r201802161450.jar C:\Users\PC\.p2\pool\plugins\com.beust.jcommander_1.72.0.jar C:\Users\PC\.p2\pool\plugins\org.apache-extras.beanshell.bsh_2.0.0.b6.jar C:\Users\PC\.p2\pool\plugins\org.yaml.snakeyaml_1.17.0.jar
  VMArgs:    -ea
  Class:     org.testng.remote.RemoteTestNG
  Args:      -serport 52968 -protocol json -d C:\Users\PC\Documents\github\Selenium\12-TestNG\test-output C:\Users\PC\AppData\Local\Temp\testng-eclipse-1098142344\testng-customsuite.xml
java -ea -classpath C:\Users\PC\eclipse\java-2018-09\eclipse\configuration\org.eclipse.osgi\563\0\.cp\lib\testng-remote.jar:C:\Users\PC\Documents\github\Selenium\12-TestNG\bin:C:\Users\PC\.p2\pool\plugins\org.testng_6.14.2.r201802161450.jar:C:\Users\PC\.p2\pool\plugins\com.beust.jcommander_1.72.0.jar:C:\Users\PC\.p2\pool\plugins\org.apache-extras.beanshell.bsh_2.0.0.b6.jar:C:\Users\PC\.p2\pool\plugins\org.yaml.snakeyaml_1.17.0.jar org.testng.remote.RemoteTestNG -serport 52968 -protocol json -d C:\Users\PC\Documents\github\Selenium\12-TestNG\test-output C:\Users\PC\AppData\Local\Temp\testng-eclipse-1098142344\testng-customsuite.xml

!ENTRY org.testng.eclipse 1 0 2018-12-03 20:44:37.986
!MESSAGE [TestNGLaunchConfigurationDelegate] Launching:
  Classpath: C:\Users\PC\eclipse\java-2018-09\eclipse\configuration\org.eclipse.osgi\563\0\.cp\lib\testng-remote.jar C:\Users\PC\Documents\github\Selenium\12-TestNG\bin C:\Users\PC\.p2\pool\plugins\org.testng_6.14.2.r201802161450.jar C:\Users\PC\.p2\pool\plugins\com.beust.jcommander_1.72.0.jar C:\Users\PC\.p2\pool\plugins\org.apache-extras.beanshell.bsh_2.0.0.b6.jar C:\Users\PC\.p2\pool\plugins\org.yaml.snakeyaml_1.17.0.jar
  VMArgs:    -ea
  Class:     org.testng.remote.RemoteTestNG
  Args:      -serport 53719 -protocol json -d C:\Users\PC\Documents\github\Selenium\12-TestNG\test-output C:\Users\PC\AppData\Local\Temp\testng-eclipse--413478077\testng-customsuite.xml
java -ea -classpath C:\Users\PC\eclipse\java-2018-09\eclipse\configuration\org.eclipse.osgi\563\0\.cp\lib\testng-remote.jar:C:\Users\PC\Documents\github\Selenium\12-TestNG\bin:C:\Users\PC\.p2\pool\plugins\org.testng_6.14.2.r201802161450.jar:C:\Users\PC\.p2\pool\plugins\com.beust.jcommander_1.72.0.jar:C:\Users\PC\.p2\pool\plugins\org.apache-extras.beanshell.bsh_2.0.0.b6.jar:C:\Users\PC\.p2\pool\plugins\org.yaml.snakeyaml_1.17.0.jar org.testng.remote.RemoteTestNG -serport 53719 -protocol json -d C:\Users\PC\Documents\github\Selenium\12-TestNG\test-output C:\Users\PC\AppData\Local\Temp\testng-eclipse--413478077\testng-customsuite.xml

!ENTRY org.testng.eclipse 1 0 2018-12-03 20:53:40.278
!MESSAGE [TestNGLaunchConfigurationDelegate] Launching:
  Classpath: C:\Users\PC\eclipse\java-2018-09\eclipse\configuration\org.eclipse.osgi\563\0\.cp\lib\testng-remote.jar C:\Users\PC\Documents\github\Selenium\12-TestNG\bin C:\Users\PC\.p2\pool\plugins\org.testng_6.14.2.r201802161450.jar C:\Users\PC\.p2\pool\plugins\com.beust.jcommander_1.72.0.jar C:\Users\PC\.p2\pool\plugins\org.apache-extras.beanshell.bsh_2.0.0.b6.jar C:\Users\PC\.p2\pool\plugins\org.yaml.snakeyaml_1.17.0.jar
  VMArgs:    -ea
  Class:     org.testng.remote.RemoteTestNG
  Args:      -serport 54515 -protocol json -d C:\Users\PC\Documents\github\Selenium\12-TestNG\test-output C:\Users\PC\AppData\Local\Temp\testng-eclipse-903502607\testng-customsuite.xml
java -ea -classpath C:\Users\PC\eclipse\java-2018-09\eclipse\configuration\org.eclipse.osgi\563\0\.cp\lib\testng-remote.jar:C:\Users\PC\Documents\github\Selenium\12-TestNG\bin:C:\Users\PC\.p2\pool\plugins\org.testng_6.14.2.r201802161450.jar:C:\Users\PC\.p2\pool\plugins\com.beust.jcommander_1.72.0.jar:C:\Users\PC\.p2\pool\plugins\org.apache-extras.beanshell.bsh_2.0.0.b6.jar:C:\Users\PC\.p2\pool\plugins\org.yaml.snakeyaml_1.17.0.jar org.testng.remote.RemoteTestNG -serport 54515 -protocol json -d C:\Users\PC\Documents\github\Selenium\12-TestNG\test-output C:\Users\PC\AppData\Local\Temp\testng-eclipse-903502607\testng-customsuite.xml

!ENTRY org.testng.eclipse 1 0 2018-12-03 21:10:06.095
!MESSAGE [TestNGLaunchConfigurationDelegate] Launching:
  Classpath: C:\Users\PC\eclipse\java-2018-09\eclipse\configuration\org.eclipse.osgi\563\0\.cp\lib\testng-remote.jar C:\Users\PC\Documents\github\Selenium\12-TestNG\bin C:\Users\PC\.p2\pool\plugins\org.testng_6.14.2.r201802161450.jar C:\Users\PC\.p2\pool\plugins\com.beust.jcommander_1.72.0.jar C:\Users\PC\.p2\pool\plugins\org.apache-extras.beanshell.bsh_2.0.0.b6.jar C:\Users\PC\.p2\pool\plugins\org.yaml.snakeyaml_1.17.0.jar
  VMArgs:    -ea
  Class:     org.testng.remote.RemoteTestNG
  Args:      -serport 55991 -protocol json -d C:\Users\PC\Documents\github\Selenium\12-TestNG\test-output C:\Users\PC\AppData\Local\Temp\testng-eclipse--859241709\testng-customsuite.xml
java -ea -classpath C:\Users\PC\eclipse\java-2018-09\eclipse\configuration\org.eclipse.osgi\563\0\.cp\lib\testng-remote.jar:C:\Users\PC\Documents\github\Selenium\12-TestNG\bin:C:\Users\PC\.p2\pool\plugins\org.testng_6.14.2.r201802161450.jar:C:\Users\PC\.p2\pool\plugins\com.beust.jcommander_1.72.0.jar:C:\Users\PC\.p2\pool\plugins\org.apache-extras.beanshell.bsh_2.0.0.b6.jar:C:\Users\PC\.p2\pool\plugins\org.yaml.snakeyaml_1.17.0.jar org.testng.remote.RemoteTestNG -serport 55991 -protocol json -d C:\Users\PC\Documents\github\Selenium\12-TestNG\test-output C:\Users\PC\AppData\Local\Temp\testng-eclipse--859241709\testng-customsuite.xml

!ENTRY org.testng.eclipse 1 0 2018-12-03 21:10:34.819
!MESSAGE [TestNGLaunchConfigurationDelegate] Launching:
  Classpath: C:\Users\PC\eclipse\java-2018-09\eclipse\configuration\org.eclipse.osgi\563\0\.cp\lib\testng-remote.jar C:\Users\PC\Documents\github\Selenium\12-TestNG\bin C:\Users\PC\.p2\pool\plugins\org.testng_6.14.2.r201802161450.jar C:\Users\PC\.p2\pool\plugins\com.beust.jcommander_1.72.0.jar C:\Users\PC\.p2\pool\plugins\org.apache-extras.beanshell.bsh_2.0.0.b6.jar C:\Users\PC\.p2\pool\plugins\org.yaml.snakeyaml_1.17.0.jar
  VMArgs:    -ea
  Class:     org.testng.remote.RemoteTestNG
  Args:      -serport 56032 -protocol json -d C:\Users\PC\Documents\github\Selenium\12-TestNG\test-output C:\Users\PC\AppData\Local\Temp\testng-eclipse--2106551671\testng-customsuite.xml
java -ea -classpath C:\Users\PC\eclipse\java-2018-09\eclipse\configuration\org.eclipse.osgi\563\0\.cp\lib\testng-remote.jar:C:\Users\PC\Documents\github\Selenium\12-TestNG\bin:C:\Users\PC\.p2\pool\plugins\org.testng_6.14.2.r201802161450.jar:C:\Users\PC\.p2\pool\plugins\com.beust.jcommander_1.72.0.jar:C:\Users\PC\.p2\pool\plugins\org.apache-extras.beanshell.bsh_2.0.0.b6.jar:C:\Users\PC\.p2\pool\plugins\org.yaml.snakeyaml_1.17.0.jar org.testng.remote.RemoteTestNG -serport 56032 -protocol json -d C:\Users\PC\Documents\github\Selenium\12-TestNG\test-output C:\Users\PC\AppData\Local\Temp\testng-eclipse--2106551671\testng-customsuite.xml

!ENTRY org.testng.eclipse 1 0 2018-12-03 21:35:12.220
!MESSAGE [TestNGLaunchConfigurationDelegate] Launching:
  Classpath: C:\Users\PC\eclipse\java-2018-09\eclipse\configuration\org.eclipse.osgi\563\0\.cp\lib\testng-remote.jar C:\Users\PC\Documents\github\Selenium\12-TestNG\bin C:\Users\PC\.p2\pool\plugins\org.testng_6.14.2.r201802161450.jar C:\Users\PC\.p2\pool\plugins\com.beust.jcommander_1.72.0.jar C:\Users\PC\.p2\pool\plugins\org.apache-extras.beanshell.bsh_2.0.0.b6.jar C:\Users\PC\.p2\pool\plugins\org.yaml.snakeyaml_1.17.0.jar
  VMArgs:    -ea
  Class:     org.testng.remote.RemoteTestNG
  Args:      -serport 58472 -protocol json -d C:\Users\PC\Documents\github\Selenium\12-TestNG\test-output C:\Users\PC\AppData\Local\Temp\testng-eclipse--523993554\testng-customsuite.xml
java -ea -classpath C:\Users\PC\eclipse\java-2018-09\eclipse\configuration\org.eclipse.osgi\563\0\.cp\lib\testng-remote.jar:C:\Users\PC\Documents\github\Selenium\12-TestNG\bin:C:\Users\PC\.p2\pool\plugins\org.testng_6.14.2.r201802161450.jar:C:\Users\PC\.p2\pool\plugins\com.beust.jcommander_1.72.0.jar:C:\Users\PC\.p2\pool\plugins\org.apache-extras.beanshell.bsh_2.0.0.b6.jar:C:\Users\PC\.p2\pool\plugins\org.yaml.snakeyaml_1.17.0.jar org.testng.remote.RemoteTestNG -serport 58472 -protocol json -d C:\Users\PC\Documents\github\Selenium\12-TestNG\test-output C:\Users\PC\AppData\Local\Temp\testng-eclipse--523993554\testng-customsuite.xml

!ENTRY org.testng.eclipse 1 0 2018-12-03 21:36:44.256
!MESSAGE [TestNGLaunchConfigurationDelegate] Launching:
  Classpath: C:\Users\PC\eclipse\java-2018-09\eclipse\configuration\org.eclipse.osgi\563\0\.cp\lib\testng-remote.jar C:\Users\PC\Documents\github\Selenium\12-TestNG\bin C:\Users\PC\.p2\pool\plugins\org.testng_6.14.2.r201802161450.jar C:\Users\PC\.p2\pool\plugins\com.beust.jcommander_1.72.0.jar C:\Users\PC\.p2\pool\plugins\org.apache-extras.beanshell.bsh_2.0.0.b6.jar C:\Users\PC\.p2\pool\plugins\org.yaml.snakeyaml_1.17.0.jar
  VMArgs:    -ea
  Class:     org.testng.remote.RemoteTestNG
  Args:      -serport 58607 -protocol json -d C:\Users\PC\Documents\github\Selenium\12-TestNG\test-output C:\Users\PC\AppData\Local\Temp\testng-eclipse--1225836844\testng-customsuite.xml
java -ea -classpath C:\Users\PC\eclipse\java-2018-09\eclipse\configuration\org.eclipse.osgi\563\0\.cp\lib\testng-remote.jar:C:\Users\PC\Documents\github\Selenium\12-TestNG\bin:C:\Users\PC\.p2\pool\plugins\org.testng_6.14.2.r201802161450.jar:C:\Users\PC\.p2\pool\plugins\com.beust.jcommander_1.72.0.jar:C:\Users\PC\.p2\pool\plugins\org.apache-extras.beanshell.bsh_2.0.0.b6.jar:C:\Users\PC\.p2\pool\plugins\org.yaml.snakeyaml_1.17.0.jar org.testng.remote.RemoteTestNG -serport 58607 -protocol json -d C:\Users\PC\Documents\github\Selenium\12-TestNG\test-output C:\Users\PC\AppData\Local\Temp\testng-eclipse--1225836844\testng-customsuite.xml

!ENTRY org.testng.eclipse 1 0 2018-12-03 21:38:48.753
!MESSAGE [TestNGLaunchConfigurationDelegate] Launching:
  Classpath: C:\Users\PC\eclipse\java-2018-09\eclipse\configuration\org.eclipse.osgi\563\0\.cp\lib\testng-remote.jar C:\Users\PC\Documents\github\Selenium\12-TestNG\bin C:\Users\PC\.p2\pool\plugins\org.testng_6.14.2.r201802161450.jar C:\Users\PC\.p2\pool\plugins\com.beust.jcommander_1.72.0.jar C:\Users\PC\.p2\pool\plugins\org.apache-extras.beanshell.bsh_2.0.0.b6.jar C:\Users\PC\.p2\pool\plugins\org.yaml.snakeyaml_1.17.0.jar
  VMArgs:    -ea
  Class:     org.testng.remote.RemoteTestNG
  Args:      -serport 58796 -protocol json -d C:\Users\PC\Documents\github\Selenium\12-TestNG\test-output C:\Users\PC\AppData\Local\Temp\testng-eclipse-1863512933\testng-customsuite.xml
java -ea -classpath C:\Users\PC\eclipse\java-2018-09\eclipse\configuration\org.eclipse.osgi\563\0\.cp\lib\testng-remote.jar:C:\Users\PC\Documents\github\Selenium\12-TestNG\bin:C:\Users\PC\.p2\pool\plugins\org.testng_6.14.2.r201802161450.jar:C:\Users\PC\.p2\pool\plugins\com.beust.jcommander_1.72.0.jar:C:\Users\PC\.p2\pool\plugins\org.apache-extras.beanshell.bsh_2.0.0.b6.jar:C:\Users\PC\.p2\pool\plugins\org.yaml.snakeyaml_1.17.0.jar org.testng.remote.RemoteTestNG -serport 58796 -protocol json -d C:\Users\PC\Documents\github\Selenium\12-TestNG\test-output C:\Users\PC\AppData\Local\Temp\testng-eclipse-1863512933\testng-customsuite.xml

!ENTRY org.testng.eclipse 1 0 2018-12-03 21:39:05.589
!MESSAGE [TestNGLaunchConfigurationDelegate] Launching:
  Classpath: C:\Users\PC\eclipse\java-2018-09\eclipse\configuration\org.eclipse.osgi\563\0\.cp\lib\testng-remote.jar C:\Users\PC\Documents\github\Selenium\12-TestNG\bin C:\Users\PC\.p2\pool\plugins\org.testng_6.14.2.r201802161450.jar C:\Users\PC\.p2\pool\plugins\com.beust.jcommander_1.72.0.jar C:\Users\PC\.p2\pool\plugins\org.apache-extras.beanshell.bsh_2.0.0.b6.jar C:\Users\PC\.p2\pool\plugins\org.yaml.snakeyaml_1.17.0.jar
  VMArgs:    -ea
  Class:     org.testng.remote.RemoteTestNG
  Args:      -serport 58822 -protocol json -d C:\Users\PC\Documents\github\Selenium\12-TestNG\test-output C:\Users\PC\AppData\Local\Temp\testng-eclipse--417647971\testng-customsuite.xml
java -ea -classpath C:\Users\PC\eclipse\java-2018-09\eclipse\configuration\org.eclipse.osgi\563\0\.cp\lib\testng-remote.jar:C:\Users\PC\Documents\github\Selenium\12-TestNG\bin:C:\Users\PC\.p2\pool\plugins\org.testng_6.14.2.r201802161450.jar:C:\Users\PC\.p2\pool\plugins\com.beust.jcommander_1.72.0.jar:C:\Users\PC\.p2\pool\plugins\org.apache-extras.beanshell.bsh_2.0.0.b6.jar:C:\Users\PC\.p2\pool\plugins\org.yaml.snakeyaml_1.17.0.jar org.testng.remote.RemoteTestNG -serport 58822 -protocol json -d C:\Users\PC\Documents\github\Selenium\12-TestNG\test-output C:\Users\PC\AppData\Local\Temp\testng-eclipse--417647971\testng-customsuite.xml

!ENTRY org.testng.eclipse 1 0 2018-12-03 21:47:04.362
!MESSAGE [TestNGLaunchConfigurationDelegate] Launching:
  Classpath: C:\Users\PC\eclipse\java-2018-09\eclipse\configuration\org.eclipse.osgi\563\0\.cp\lib\testng-remote.jar C:\Users\PC\Documents\github\Selenium\12-TestNG\bin C:\Users\PC\.p2\pool\plugins\org.testng_6.14.2.r201802161450.jar C:\Users\PC\.p2\pool\plugins\com.beust.jcommander_1.72.0.jar C:\Users\PC\.p2\pool\plugins\org.apache-extras.beanshell.bsh_2.0.0.b6.jar C:\Users\PC\.p2\pool\plugins\org.yaml.snakeyaml_1.17.0.jar
  VMArgs:    -ea
  Class:     org.testng.remote.RemoteTestNG
  Args:      -serport 59574 -protocol json -d C:\Users\PC\Documents\github\Selenium\12-TestNG\test-output C:\Users\PC\AppData\Local\Temp\testng-eclipse-742471775\testng-customsuite.xml
java -ea -classpath C:\Users\PC\eclipse\java-2018-09\eclipse\configuration\org.eclipse.osgi\563\0\.cp\lib\testng-remote.jar:C:\Users\PC\Documents\github\Selenium\12-TestNG\bin:C:\Users\PC\.p2\pool\plugins\org.testng_6.14.2.r201802161450.jar:C:\Users\PC\.p2\pool\plugins\com.beust.jcommander_1.72.0.jar:C:\Users\PC\.p2\pool\plugins\org.apache-extras.beanshell.bsh_2.0.0.b6.jar:C:\Users\PC\.p2\pool\plugins\org.yaml.snakeyaml_1.17.0.jar org.testng.remote.RemoteTestNG -serport 59574 -protocol json -d C:\Users\PC\Documents\github\Selenium\12-TestNG\test-output C:\Users\PC\AppData\Local\Temp\testng-eclipse-742471775\testng-customsuite.xml
!SESSION 2018-12-04 16:04:32.800 -----------------------------------------------
eclipse.buildId=4.9.0.I20180906-0745
java.version=1.8.0_191
java.vendor=Oracle Corporation
BootLoader constants: OS=win32, ARCH=x86_64, WS=win32, NL=en_US
Framework arguments:  -product org.eclipse.epp.package.java.product
Command-line arguments:  -os win32 -ws win32 -arch x86_64 -product org.eclipse.epp.package.java.product

!ENTRY org.eclipse.egit.ui 2 0 2018-12-04 16:08:43.759
!MESSAGE Warning: The environment variable HOME is not set. The following directory will be used to store the Git
user global configuration and to define the default location to store repositories: 'C:\Users\PC'. If this is
not correct please set the HOME environment variable and restart Eclipse. Otherwise Git for Windows and
EGit might behave differently since they see different configuration options.
This warning can be switched off on the Team > Git > Confirmations and Warnings preference page.

!ENTRY org.testng.eclipse 1 0 2018-12-04 16:42:13.890
!MESSAGE [TestNGLaunchConfigurationDelegate] Launching:
  Classpath: C:\Users\PC\eclipse\java-2018-09\eclipse\configuration\org.eclipse.osgi\563\0\.cp\lib\testng-remote.jar C:\Users\PC\Documents\github\Selenium\12-TestNG\bin C:\Users\PC\.p2\pool\plugins\org.testng_6.14.2.r201802161450.jar C:\Users\PC\.p2\pool\plugins\com.beust.jcommander_1.72.0.jar C:\Users\PC\.p2\pool\plugins\org.apache-extras.beanshell.bsh_2.0.0.b6.jar C:\Users\PC\.p2\pool\plugins\org.yaml.snakeyaml_1.17.0.jar
  VMArgs:    -ea
  Class:     org.testng.remote.RemoteTestNG
  Args:      -serport 51731 -protocol json -d C:\Users\PC\Documents\github\Selenium\12-TestNG\test-output C:\Users\PC\AppData\Local\Temp\testng-eclipse-1060644773\testng-customsuite.xml
java -ea -classpath C:\Users\PC\eclipse\java-2018-09\eclipse\configuration\org.eclipse.osgi\563\0\.cp\lib\testng-remote.jar:C:\Users\PC\Documents\github\Selenium\12-TestNG\bin:C:\Users\PC\.p2\pool\plugins\org.testng_6.14.2.r201802161450.jar:C:\Users\PC\.p2\pool\plugins\com.beust.jcommander_1.72.0.jar:C:\Users\PC\.p2\pool\plugins\org.apache-extras.beanshell.bsh_2.0.0.b6.jar:C:\Users\PC\.p2\pool\plugins\org.yaml.snakeyaml_1.17.0.jar org.testng.remote.RemoteTestNG -serport 51731 -protocol json -d C:\Users\PC\Documents\github\Selenium\12-TestNG\test-output C:\Users\PC\AppData\Local\Temp\testng-eclipse-1060644773\testng-customsuite.xml

!ENTRY org.testng.eclipse 1 0 2018-12-04 17:08:15.188
!MESSAGE [TestNGLaunchConfigurationDelegate] Launching:
  Classpath: C:\Users\PC\eclipse\java-2018-09\eclipse\configuration\org.eclipse.osgi\563\0\.cp\lib\testng-remote.jar C:\Users\PC\Documents\github\Selenium\12-TestNG\bin C:\Users\PC\.p2\pool\plugins\org.testng_6.14.2.r201802161450.jar C:\Users\PC\.p2\pool\plugins\com.beust.jcommander_1.72.0.jar C:\Users\PC\.p2\pool\plugins\org.apache-extras.beanshell.bsh_2.0.0.b6.jar C:\Users\PC\.p2\pool\plugins\org.yaml.snakeyaml_1.17.0.jar
  VMArgs:    -ea
  Class:     org.testng.remote.RemoteTestNG
  Args:      -serport 52280 -protocol json -d C:\Users\PC\Documents\github\Selenium\12-TestNG\test-output C:\Users\PC\AppData\Local\Temp\testng-eclipse--700701754\testng-customsuite.xml
java -ea -classpath C:\Users\PC\eclipse\java-2018-09\eclipse\configuration\org.eclipse.osgi\563\0\.cp\lib\testng-remote.jar:C:\Users\PC\Documents\github\Selenium\12-TestNG\bin:C:\Users\PC\.p2\pool\plugins\org.testng_6.14.2.r201802161450.jar:C:\Users\PC\.p2\pool\plugins\com.beust.jcommander_1.72.0.jar:C:\Users\PC\.p2\pool\plugins\org.apache-extras.beanshell.bsh_2.0.0.b6.jar:C:\Users\PC\.p2\pool\plugins\org.yaml.snakeyaml_1.17.0.jar org.testng.remote.RemoteTestNG -serport 52280 -protocol json -d C:\Users\PC\Documents\github\Selenium\12-TestNG\test-output C:\Users\PC\AppData\Local\Temp\testng-eclipse--700701754\testng-customsuite.xml

!ENTRY org.testng.eclipse 1 0 2018-12-04 17:09:37.185
!MESSAGE [TestNGLaunchConfigurationDelegate] Launching:
  Classpath: C:\Users\PC\eclipse\java-2018-09\eclipse\configuration\org.eclipse.osgi\563\0\.cp\lib\testng-remote.jar C:\Users\PC\Documents\github\Selenium\12-TestNG\bin C:\Users\PC\.p2\pool\plugins\org.testng_6.14.2.r201802161450.jar C:\Users\PC\.p2\pool\plugins\com.beust.jcommander_1.72.0.jar C:\Users\PC\.p2\pool\plugins\org.apache-extras.beanshell.bsh_2.0.0.b6.jar C:\Users\PC\.p2\pool\plugins\org.yaml.snakeyaml_1.17.0.jar
  VMArgs:    -ea
  Class:     org.testng.remote.RemoteTestNG
  Args:      -serport 52299 -protocol json -d C:\Users\PC\Documents\github\Selenium\12-TestNG\test-output C:\Users\PC\AppData\Local\Temp\testng-eclipse-1082163352\testng-customsuite.xml
java -ea -classpath C:\Users\PC\eclipse\java-2018-09\eclipse\configuration\org.eclipse.osgi\563\0\.cp\lib\testng-remote.jar:C:\Users\PC\Documents\github\Selenium\12-TestNG\bin:C:\Users\PC\.p2\pool\plugins\org.testng_6.14.2.r201802161450.jar:C:\Users\PC\.p2\pool\plugins\com.beust.jcommander_1.72.0.jar:C:\Users\PC\.p2\pool\plugins\org.apache-extras.beanshell.bsh_2.0.0.b6.jar:C:\Users\PC\.p2\pool\plugins\org.yaml.snakeyaml_1.17.0.jar org.testng.remote.RemoteTestNG -serport 52299 -protocol json -d C:\Users\PC\Documents\github\Selenium\12-TestNG\test-output C:\Users\PC\AppData\Local\Temp\testng-eclipse-1082163352\testng-customsuite.xml

!ENTRY org.testng.eclipse 1 0 2018-12-04 18:19:13.376
!MESSAGE [TestNGLaunchConfigurationDelegate] Launching:
  Classpath: C:\Users\PC\eclipse\java-2018-09\eclipse\configuration\org.eclipse.osgi\563\0\.cp\lib\testng-remote.jar C:\Users\PC\Documents\github\Selenium\12-TestNG\bin C:\Users\PC\.p2\pool\plugins\org.testng_6.14.2.r201802161450.jar C:\Users\PC\.p2\pool\plugins\com.beust.jcommander_1.72.0.jar C:\Users\PC\.p2\pool\plugins\org.apache-extras.beanshell.bsh_2.0.0.b6.jar C:\Users\PC\.p2\pool\plugins\org.yaml.snakeyaml_1.17.0.jar C:\Users\PC\Documents\github\Selenium\jar\selenium-java-3.141.59\client-combined-3.141.59.jar C:\Users\PC\Documents\github\Selenium\jar\selenium-java-3.141.59\client-combined-3.141.59-sources.jar C:\Users\PC\Documents\github\Selenium\jar\selenium-java-3.141.59\libs\byte-buddy-1.8.15.jar C:\Users\PC\Documents\github\Selenium\jar\selenium-java-3.141.59\libs\commons-exec-1.3.jar C:\Users\PC\Documents\github\Selenium\jar\selenium-java-3.141.59\libs\guava-25.0-jre.jar C:\Users\PC\Documents\github\Selenium\jar\selenium-java-3.141.59\libs\okhttp-3.11.0.jar C:\Users\PC\Documents\github\Selenium\jar\selenium-java-3.141.59\libs\okio-1.14.0.jar
  VMArgs:    -ea
  Class:     org.testng.remote.RemoteTestNG
  Args:      -serport 54928 -protocol json -d C:\Users\PC\Documents\github\Selenium\12-TestNG\test-output C:\Users\PC\AppData\Local\Temp\testng-eclipse-1893053322\testng-customsuite.xml
java -ea -classpath C:\Users\PC\eclipse\java-2018-09\eclipse\configuration\org.eclipse.osgi\563\0\.cp\lib\testng-remote.jar:C:\Users\PC\Documents\github\Selenium\12-TestNG\bin:C:\Users\PC\.p2\pool\plugins\org.testng_6.14.2.r201802161450.jar:C:\Users\PC\.p2\pool\plugins\com.beust.jcommander_1.72.0.jar:C:\Users\PC\.p2\pool\plugins\org.apache-extras.beanshell.bsh_2.0.0.b6.jar:C:\Users\PC\.p2\pool\plugins\org.yaml.snakeyaml_1.17.0.jar:C:\Users\PC\Documents\github\Selenium\jar\selenium-java-3.141.59\client-combined-3.141.59.jar:C:\Users\PC\Documents\github\Selenium\jar\selenium-java-3.141.59\client-combined-3.141.59-sources.jar:C:\Users\PC\Documents\github\Selenium\jar\selenium-java-3.141.59\libs\byte-buddy-1.8.15.jar:C:\Users\PC\Documents\github\Selenium\jar\selenium-java-3.141.59\libs\commons-exec-1.3.jar:C:\Users\PC\Documents\github\Selenium\jar\selenium-java-3.141.59\libs\guava-25.0-jre.jar:C:\Users\PC\Documents\github\Selenium\jar\selenium-java-3.141.59\libs\okhttp-3.11.0.jar:C:\Users\PC\Documents\github\Selenium\jar\selenium-java-3.141.59\libs\okio-1.14.0.jar org.testng.remote.RemoteTestNG -serport 54928 -protocol json -d C:\Users\PC\Documents\github\Selenium\12-TestNG\test-output C:\Users\PC\AppData\Local\Temp\testng-eclipse-1893053322\testng-customsuite.xml

!ENTRY org.testng.eclipse 1 0 2018-12-04 18:47:28.955
!MESSAGE [TestNGLaunchConfigurationDelegate] Launching:
  Classpath: C:\Users\PC\eclipse\java-2018-09\eclipse\configuration\org.eclipse.osgi\563\0\.cp\lib\testng-remote.jar C:\Users\PC\Documents\github\Selenium\12-TestNG\bin C:\Users\PC\.p2\pool\plugins\org.testng_6.14.2.r201802161450.jar C:\Users\PC\.p2\pool\plugins\com.beust.jcommander_1.72.0.jar C:\Users\PC\.p2\pool\plugins\org.apache-extras.beanshell.bsh_2.0.0.b6.jar C:\Users\PC\.p2\pool\plugins\org.yaml.snakeyaml_1.17.0.jar C:\Users\PC\Documents\github\Selenium\jar\selenium-java-3.141.59\client-combined-3.141.59.jar C:\Users\PC\Documents\github\Selenium\jar\selenium-java-3.141.59\client-combined-3.141.59-sources.jar C:\Users\PC\Documents\github\Selenium\jar\selenium-java-3.141.59\libs\byte-buddy-1.8.15.jar C:\Users\PC\Documents\github\Selenium\jar\selenium-java-3.141.59\libs\commons-exec-1.3.jar C:\Users\PC\Documents\github\Selenium\jar\selenium-java-3.141.59\libs\guava-25.0-jre.jar C:\Users\PC\Documents\github\Selenium\jar\selenium-java-3.141.59\libs\okhttp-3.11.0.jar C:\Users\PC\Documents\github\Selenium\jar\selenium-java-3.141.59\libs\okio-1.14.0.jar
  VMArgs:    -ea
  Class:     org.testng.remote.RemoteTestNG
  Args:      -serport 60462 -protocol json -d C:\Users\PC\Documents\github\Selenium\12-TestNG\test-output C:\Users\PC\AppData\Local\Temp\testng-eclipse-1281859698\testng-customsuite.xml
java -ea -classpath C:\Users\PC\eclipse\java-2018-09\eclipse\configuration\org.eclipse.osgi\563\0\.cp\lib\testng-remote.jar:C:\Users\PC\Documents\github\Selenium\12-TestNG\bin:C:\Users\PC\.p2\pool\plugins\org.testng_6.14.2.r201802161450.jar:C:\Users\PC\.p2\pool\plugins\com.beust.jcommander_1.72.0.jar:C:\Users\PC\.p2\pool\plugins\org.apache-extras.beanshell.bsh_2.0.0.b6.jar:C:\Users\PC\.p2\pool\plugins\org.yaml.snakeyaml_1.17.0.jar:C:\Users\PC\Documents\github\Selenium\jar\selenium-java-3.141.59\client-combined-3.141.59.jar:C:\Users\PC\Documents\github\Selenium\jar\selenium-java-3.141.59\client-combined-3.141.59-sources.jar:C:\Users\PC\Documents\github\Selenium\jar\selenium-java-3.141.59\libs\byte-buddy-1.8.15.jar:C:\Users\PC\Documents\github\Selenium\jar\selenium-java-3.141.59\libs\commons-exec-1.3.jar:C:\Users\PC\Documents\github\Selenium\jar\selenium-java-3.141.59\libs\guava-25.0-jre.jar:C:\Users\PC\Documents\github\Selenium\jar\selenium-java-3.141.59\libs\okhttp-3.11.0.jar:C:\Users\PC\Documents\github\Selenium\jar\selenium-java-3.141.59\libs\okio-1.14.0.jar org.testng.remote.RemoteTestNG -serport 60462 -protocol json -d C:\Users\PC\Documents\github\Selenium\12-TestNG\test-output C:\Users\PC\AppData\Local\Temp\testng-eclipse-1281859698\testng-customsuite.xml

!ENTRY org.testng.eclipse 1 0 2018-12-04 18:54:12.750
!MESSAGE [TestNGLaunchConfigurationDelegate] Launching:
  Classpath: C:\Users\PC\eclipse\java-2018-09\eclipse\configuration\org.eclipse.osgi\563\0\.cp\lib\testng-remote.jar C:\Users\PC\Documents\github\Selenium\12-TestNG\bin C:\Users\PC\.p2\pool\plugins\org.testng_6.14.2.r201802161450.jar C:\Users\PC\.p2\pool\plugins\com.beust.jcommander_1.72.0.jar C:\Users\PC\.p2\pool\plugins\org.apache-extras.beanshell.bsh_2.0.0.b6.jar C:\Users\PC\.p2\pool\plugins\org.yaml.snakeyaml_1.17.0.jar C:\Users\PC\Documents\github\Selenium\jar\selenium-java-3.141.59\client-combined-3.141.59.jar C:\Users\PC\Documents\github\Selenium\jar\selenium-java-3.141.59\client-combined-3.141.59-sources.jar C:\Users\PC\Documents\github\Selenium\jar\selenium-java-3.141.59\libs\byte-buddy-1.8.15.jar C:\Users\PC\Documents\github\Selenium\jar\selenium-java-3.141.59\libs\commons-exec-1.3.jar C:\Users\PC\Documents\github\Selenium\jar\selenium-java-3.141.59\libs\guava-25.0-jre.jar C:\Users\PC\Documents\github\Selenium\jar\selenium-java-3.141.59\libs\okhttp-3.11.0.jar C:\Users\PC\Documents\github\Selenium\jar\selenium-java-3.141.59\libs\okio-1.14.0.jar
  VMArgs:    -ea
  Class:     org.testng.remote.RemoteTestNG
  Args:      -serport 61742 -protocol json -d C:\Users\PC\Documents\github\Selenium\12-TestNG\test-output C:\Users\PC\AppData\Local\Temp\testng-eclipse-905605922\testng-customsuite.xml
java -ea -classpath C:\Users\PC\eclipse\java-2018-09\eclipse\configuration\org.eclipse.osgi\563\0\.cp\lib\testng-remote.jar:C:\Users\PC\Documents\github\Selenium\12-TestNG\bin:C:\Users\PC\.p2\pool\plugins\org.testng_6.14.2.r201802161450.jar:C:\Users\PC\.p2\pool\plugins\com.beust.jcommander_1.72.0.jar:C:\Users\PC\.p2\pool\plugins\org.apache-extras.beanshell.bsh_2.0.0.b6.jar:C:\Users\PC\.p2\pool\plugins\org.yaml.snakeyaml_1.17.0.jar:C:\Users\PC\Documents\github\Selenium\jar\selenium-java-3.141.59\client-combined-3.141.59.jar:C:\Users\PC\Documents\github\Selenium\jar\selenium-java-3.141.59\client-combined-3.141.59-sources.jar:C:\Users\PC\Documents\github\Selenium\jar\selenium-java-3.141.59\libs\byte-buddy-1.8.15.jar:C:\Users\PC\Documents\github\Selenium\jar\selenium-java-3.141.59\libs\commons-exec-1.3.jar:C:\Users\PC\Documents\github\Selenium\jar\selenium-java-3.141.59\libs\guava-25.0-jre.jar:C:\Users\PC\Documents\github\Selenium\jar\selenium-java-3.141.59\libs\okhttp-3.11.0.jar:C:\Users\PC\Documents\github\Selenium\jar\selenium-java-3.141.59\libs\okio-1.14.0.jar org.testng.remote.RemoteTestNG -serport 61742 -protocol json -d C:\Users\PC\Documents\github\Selenium\12-TestNG\test-output C:\Users\PC\AppData\Local\Temp\testng-eclipse-905605922\testng-customsuite.xml

!ENTRY org.testng.eclipse 1 0 2018-12-04 18:58:03.332
!MESSAGE [TestNGLaunchConfigurationDelegate] Launching:
  Classpath: C:\Users\PC\eclipse\java-2018-09\eclipse\configuration\org.eclipse.osgi\563\0\.cp\lib\testng-remote.jar C:\Users\PC\Documents\github\Selenium\12-TestNG\bin C:\Users\PC\.p2\pool\plugins\org.testng_6.14.2.r201802161450.jar C:\Users\PC\.p2\pool\plugins\com.beust.jcommander_1.72.0.jar C:\Users\PC\.p2\pool\plugins\org.apache-extras.beanshell.bsh_2.0.0.b6.jar C:\Users\PC\.p2\pool\plugins\org.yaml.snakeyaml_1.17.0.jar C:\Users\PC\Documents\github\Selenium\jar\selenium-java-3.141.59\client-combined-3.141.59.jar C:\Users\PC\Documents\github\Selenium\jar\selenium-java-3.141.59\client-combined-3.141.59-sources.jar C:\Users\PC\Documents\github\Selenium\jar\selenium-java-3.141.59\libs\byte-buddy-1.8.15.jar C:\Users\PC\Documents\github\Selenium\jar\selenium-java-3.141.59\libs\commons-exec-1.3.jar C:\Users\PC\Documents\github\Selenium\jar\selenium-java-3.141.59\libs\guava-25.0-jre.jar C:\Users\PC\Documents\github\Selenium\jar\selenium-java-3.141.59\libs\okhttp-3.11.0.jar C:\Users\PC\Documents\github\Selenium\jar\selenium-java-3.141.59\libs\okio-1.14.0.jar
  VMArgs:    -ea
  Class:     org.testng.remote.RemoteTestNG
  Args:      -serport 62343 -protocol json -d C:\Users\PC\Documents\github\Selenium\12-TestNG\test-output C:\Users\PC\AppData\Local\Temp\testng-eclipse-946879679\testng-customsuite.xml
java -ea -classpath C:\Users\PC\eclipse\java-2018-09\eclipse\configuration\org.eclipse.osgi\563\0\.cp\lib\testng-remote.jar:C:\Users\PC\Documents\github\Selenium\12-TestNG\bin:C:\Users\PC\.p2\pool\plugins\org.testng_6.14.2.r201802161450.jar:C:\Users\PC\.p2\pool\plugins\com.beust.jcommander_1.72.0.jar:C:\Users\PC\.p2\pool\plugins\org.apache-extras.beanshell.bsh_2.0.0.b6.jar:C:\Users\PC\.p2\pool\plugins\org.yaml.snakeyaml_1.17.0.jar:C:\Users\PC\Documents\github\Selenium\jar\selenium-java-3.141.59\client-combined-3.141.59.jar:C:\Users\PC\Documents\github\Selenium\jar\selenium-java-3.141.59\client-combined-3.141.59-sources.jar:C:\Users\PC\Documents\github\Selenium\jar\selenium-java-3.141.59\libs\byte-buddy-1.8.15.jar:C:\Users\PC\Documents\github\Selenium\jar\selenium-java-3.141.59\libs\commons-exec-1.3.jar:C:\Users\PC\Documents\github\Selenium\jar\selenium-java-3.141.59\libs\guava-25.0-jre.jar:C:\Users\PC\Documents\github\Selenium\jar\selenium-java-3.141.59\libs\okhttp-3.11.0.jar:C:\Users\PC\Documents\github\Selenium\jar\selenium-java-3.141.59\libs\okio-1.14.0.jar org.testng.remote.RemoteTestNG -serport 62343 -protocol json -d C:\Users\PC\Documents\github\Selenium\12-TestNG\test-output C:\Users\PC\AppData\Local\Temp\testng-eclipse-946879679\testng-customsuite.xml

!ENTRY org.testng.eclipse 1 0 2018-12-04 20:25:10.162
!MESSAGE [TestNGLaunchConfigurationDelegate] Launching:
  Classpath: C:\Users\PC\eclipse\java-2018-09\eclipse\configuration\org.eclipse.osgi\563\0\.cp\lib\testng-remote.jar C:\Users\PC\Documents\github\Selenium\12-TestNG\bin C:\Users\PC\.p2\pool\plugins\org.testng_6.14.2.r201802161450.jar C:\Users\PC\.p2\pool\plugins\com.beust.jcommander_1.72.0.jar C:\Users\PC\.p2\pool\plugins\org.apache-extras.beanshell.bsh_2.0.0.b6.jar C:\Users\PC\.p2\pool\plugins\org.yaml.snakeyaml_1.17.0.jar C:\Users\PC\Documents\github\Selenium\jar\selenium-java-3.141.59\client-combined-3.141.59.jar C:\Users\PC\Documents\github\Selenium\jar\selenium-java-3.141.59\client-combined-3.141.59-sources.jar C:\Users\PC\Documents\github\Selenium\jar\selenium-java-3.141.59\libs\byte-buddy-1.8.15.jar C:\Users\PC\Documents\github\Selenium\jar\selenium-java-3.141.59\libs\commons-exec-1.3.jar C:\Users\PC\Documents\github\Selenium\jar\selenium-java-3.141.59\libs\guava-25.0-jre.jar C:\Users\PC\Documents\github\Selenium\jar\selenium-java-3.141.59\libs\okhttp-3.11.0.jar C:\Users\PC\Documents\github\Selenium\jar\selenium-java-3.141.59\libs\okio-1.14.0.jar
  VMArgs:    -ea
  Class:     org.testng.remote.RemoteTestNG
  Args:      -serport 53432 -protocol json -d C:\Users\PC\Documents\github\Selenium\12-TestNG\test-output C:\Users\PC\Documents\github\Selenium\12-TestNG\testng.xml
java -ea -classpath C:\Users\PC\eclipse\java-2018-09\eclipse\configuration\org.eclipse.osgi\563\0\.cp\lib\testng-remote.jar:C:\Users\PC\Documents\github\Selenium\12-TestNG\bin:C:\Users\PC\.p2\pool\plugins\org.testng_6.14.2.r201802161450.jar:C:\Users\PC\.p2\pool\plugins\com.beust.jcommander_1.72.0.jar:C:\Users\PC\.p2\pool\plugins\org.apache-extras.beanshell.bsh_2.0.0.b6.jar:C:\Users\PC\.p2\pool\plugins\org.yaml.snakeyaml_1.17.0.jar:C:\Users\PC\Documents\github\Selenium\jar\selenium-java-3.141.59\client-combined-3.141.59.jar:C:\Users\PC\Documents\github\Selenium\jar\selenium-java-3.141.59\client-combined-3.141.59-sources.jar:C:\Users\PC\Documents\github\Selenium\jar\selenium-java-3.141.59\libs\byte-buddy-1.8.15.jar:C:\Users\PC\Documents\github\Selenium\jar\selenium-java-3.141.59\libs\commons-exec-1.3.jar:C:\Users\PC\Documents\github\Selenium\jar\selenium-java-3.141.59\libs\guava-25.0-jre.jar:C:\Users\PC\Documents\github\Selenium\jar\selenium-java-3.141.59\libs\okhttp-3.11.0.jar:C:\Users\PC\Documents\github\Selenium\jar\selenium-java-3.141.59\libs\okio-1.14.0.jar org.testng.remote.RemoteTestNG -serport 53432 -protocol json -d C:\Users\PC\Documents\github\Selenium\12-TestNG\test-output C:\Users\PC\Documents\github\Selenium\12-TestNG\testng.xml

!ENTRY org.testng.eclipse 1 0 2018-12-04 20:38:13.579
!MESSAGE [TestNGLaunchConfigurationDelegate] Launching:
  Classpath: C:\Users\PC\eclipse\java-2018-09\eclipse\configuration\org.eclipse.osgi\563\0\.cp\lib\testng-remote.jar C:\Users\PC\Documents\github\Selenium\12-TestNG\bin C:\Users\PC\.p2\pool\plugins\org.testng_6.14.2.r201802161450.jar C:\Users\PC\.p2\pool\plugins\com.beust.jcommander_1.72.0.jar C:\Users\PC\.p2\pool\plugins\org.apache-extras.beanshell.bsh_2.0.0.b6.jar C:\Users\PC\.p2\pool\plugins\org.yaml.snakeyaml_1.17.0.jar C:\Users\PC\Documents\github\Selenium\jar\selenium-java-3.141.59\client-combined-3.141.59.jar C:\Users\PC\Documents\github\Selenium\jar\selenium-java-3.141.59\client-combined-3.141.59-sources.jar C:\Users\PC\Documents\github\Selenium\jar\selenium-java-3.141.59\libs\byte-buddy-1.8.15.jar C:\Users\PC\Documents\github\Selenium\jar\selenium-java-3.141.59\libs\commons-exec-1.3.jar C:\Users\PC\Documents\github\Selenium\jar\selenium-java-3.141.59\libs\guava-25.0-jre.jar C:\Users\PC\Documents\github\Selenium\jar\selenium-java-3.141.59\libs\okhttp-3.11.0.jar C:\Users\PC\Documents\github\Selenium\jar\selenium-java-3.141.59\libs\okio-1.14.0.jar
  VMArgs:    -ea
  Class:     org.testng.remote.RemoteTestNG
  Args:      -serport 54787 -protocol json -d C:\Users\PC\Documents\github\Selenium\12-TestNG\test-output C:\Users\PC\Documents\github\Selenium\12-TestNG\testng.xml
java -ea -classpath C:\Users\PC\eclipse\java-2018-09\eclipse\configuration\org.eclipse.osgi\563\0\.cp\lib\testng-remote.jar:C:\Users\PC\Documents\github\Selenium\12-TestNG\bin:C:\Users\PC\.p2\pool\plugins\org.testng_6.14.2.r201802161450.jar:C:\Users\PC\.p2\pool\plugins\com.beust.jcommander_1.72.0.jar:C:\Users\PC\.p2\pool\plugins\org.apache-extras.beanshell.bsh_2.0.0.b6.jar:C:\Users\PC\.p2\pool\plugins\org.yaml.snakeyaml_1.17.0.jar:C:\Users\PC\Documents\github\Selenium\jar\selenium-java-3.141.59\client-combined-3.141.59.jar:C:\Users\PC\Documents\github\Selenium\jar\selenium-java-3.141.59\client-combined-3.141.59-sources.jar:C:\Users\PC\Documents\github\Selenium\jar\selenium-java-3.141.59\libs\byte-buddy-1.8.15.jar:C:\Users\PC\Documents\github\Selenium\jar\selenium-java-3.141.59\libs\commons-exec-1.3.jar:C:\Users\PC\Documents\github\Selenium\jar\selenium-java-3.141.59\libs\guava-25.0-jre.jar:C:\Users\PC\Documents\github\Selenium\jar\selenium-java-3.141.59\libs\okhttp-3.11.0.jar:C:\Users\PC\Documents\github\Selenium\jar\selenium-java-3.141.59\libs\okio-1.14.0.jar org.testng.remote.RemoteTestNG -serport 54787 -protocol json -d C:\Users\PC\Documents\github\Selenium\12-TestNG\test-output C:\Users\PC\Documents\github\Selenium\12-TestNG\testng.xml

!ENTRY org.testng.eclipse 1 0 2018-12-04 20:39:41.401
!MESSAGE [TestNGLaunchConfigurationDelegate] Launching:
  Classpath: C:\Users\PC\eclipse\java-2018-09\eclipse\configuration\org.eclipse.osgi\563\0\.cp\lib\testng-remote.jar C:\Users\PC\Documents\github\Selenium\12-TestNG\bin C:\Users\PC\.p2\pool\plugins\org.testng_6.14.2.r201802161450.jar C:\Users\PC\.p2\pool\plugins\com.beust.jcommander_1.72.0.jar C:\Users\PC\.p2\pool\plugins\org.apache-extras.beanshell.bsh_2.0.0.b6.jar C:\Users\PC\.p2\pool\plugins\org.yaml.snakeyaml_1.17.0.jar C:\Users\PC\Documents\github\Selenium\jar\selenium-java-3.141.59\client-combined-3.141.59.jar C:\Users\PC\Documents\github\Selenium\jar\selenium-java-3.141.59\client-combined-3.141.59-sources.jar C:\Users\PC\Documents\github\Selenium\jar\selenium-java-3.141.59\libs\byte-buddy-1.8.15.jar C:\Users\PC\Documents\github\Selenium\jar\selenium-java-3.141.59\libs\commons-exec-1.3.jar C:\Users\PC\Documents\github\Selenium\jar\selenium-java-3.141.59\libs\guava-25.0-jre.jar C:\Users\PC\Documents\github\Selenium\jar\selenium-java-3.141.59\libs\okhttp-3.11.0.jar C:\Users\PC\Documents\github\Selenium\jar\selenium-java-3.141.59\libs\okio-1.14.0.jar
  VMArgs:    -ea
  Class:     org.testng.remote.RemoteTestNG
  Args:      -serport 54966 -protocol json -d C:\Users\PC\Documents\github\Selenium\12-TestNG\test-output C:\Users\PC\Documents\github\Selenium\12-TestNG\testng.xml
java -ea -classpath C:\Users\PC\eclipse\java-2018-09\eclipse\configuration\org.eclipse.osgi\563\0\.cp\lib\testng-remote.jar:C:\Users\PC\Documents\github\Selenium\12-TestNG\bin:C:\Users\PC\.p2\pool\plugins\org.testng_6.14.2.r201802161450.jar:C:\Users\PC\.p2\pool\plugins\com.beust.jcommander_1.72.0.jar:C:\Users\PC\.p2\pool\plugins\org.apache-extras.beanshell.bsh_2.0.0.b6.jar:C:\Users\PC\.p2\pool\plugins\org.yaml.snakeyaml_1.17.0.jar:C:\Users\PC\Documents\github\Selenium\jar\selenium-java-3.141.59\client-combined-3.141.59.jar:C:\Users\PC\Documents\github\Selenium\jar\selenium-java-3.141.59\client-combined-3.141.59-sources.jar:C:\Users\PC\Documents\github\Selenium\jar\selenium-java-3.141.59\libs\byte-buddy-1.8.15.jar:C:\Users\PC\Documents\github\Selenium\jar\selenium-java-3.141.59\libs\commons-exec-1.3.jar:C:\Users\PC\Documents\github\Selenium\jar\selenium-java-3.141.59\libs\guava-25.0-jre.jar:C:\Users\PC\Documents\github\Selenium\jar\selenium-java-3.141.59\libs\okhttp-3.11.0.jar:C:\Users\PC\Documents\github\Selenium\jar\selenium-java-3.141.59\libs\okio-1.14.0.jar org.testng.remote.RemoteTestNG -serport 54966 -protocol json -d C:\Users\PC\Documents\github\Selenium\12-TestNG\test-output C:\Users\PC\Documents\github\Selenium\12-TestNG\testng.xml
!SESSION 2018-12-06 16:34:38.801 -----------------------------------------------
eclipse.buildId=4.9.0.I20180906-0745
java.version=1.8.0_191
java.vendor=Oracle Corporation
BootLoader constants: OS=win32, ARCH=x86_64, WS=win32, NL=en_US
Framework arguments:  -product org.eclipse.epp.package.java.product
Command-line arguments:  -os win32 -ws win32 -arch x86_64 -product org.eclipse.epp.package.java.product

!ENTRY org.eclipse.egit.ui 2 0 2018-12-06 17:07:31.760
!MESSAGE Warning: The environment variable HOME is not set. The following directory will be used to store the Git
user global configuration and to define the default location to store repositories: 'C:\Users\PC'. If this is
not correct please set the HOME environment variable and restart Eclipse. Otherwise Git for Windows and
EGit might behave differently since they see different configuration options.
This warning can be switched off on the Team > Git > Confirmations and Warnings preference page.
!SESSION 2018-12-10 16:04:29.688 -----------------------------------------------
eclipse.buildId=4.9.0.I20180906-0745
java.version=1.8.0_191
java.vendor=Oracle Corporation
BootLoader constants: OS=win32, ARCH=x86_64, WS=win32, NL=en_US
Framework arguments:  -product org.eclipse.epp.package.java.product
Command-line arguments:  -os win32 -ws win32 -arch x86_64 -product org.eclipse.epp.package.java.product

!ENTRY org.eclipse.egit.ui 2 0 2018-12-10 16:52:47.661
!MESSAGE Warning: The environment variable HOME is not set. The following directory will be used to store the Git
user global configuration and to define the default location to store repositories: 'C:\Users\PC'. If this is
not correct please set the HOME environment variable and restart Eclipse. Otherwise Git for Windows and
EGit might behave differently since they see different configuration options.
This warning can be switched off on the Team > Git > Confirmations and Warnings preference page.
!SESSION 2018-12-17 16:20:46.793 -----------------------------------------------
eclipse.buildId=4.9.0.I20180906-0745
java.version=1.8.0_191
java.vendor=Oracle Corporation
BootLoader constants: OS=win32, ARCH=x86_64, WS=win32, NL=en_US
Framework arguments:  -product org.eclipse.epp.package.java.product
Command-line arguments:  -os win32 -ws win32 -arch x86_64 -product org.eclipse.epp.package.java.product

!ENTRY org.eclipse.egit.ui 2 0 2018-12-17 16:26:14.804
!MESSAGE Warning: The environment variable HOME is not set. The following directory will be used to store the Git
user global configuration and to define the default location to store repositories: 'C:\Users\PC'. If this is
not correct please set the HOME environment variable and restart Eclipse. Otherwise Git for Windows and
EGit might behave differently since they see different configuration options.
This warning can be switched off on the Team > Git > Confirmations and Warnings preference page.

!ENTRY org.eclipse.epp.logging.aeri.ide 2 17 2018-12-17 16:26:18.201
!MESSAGE Server org.eclipse.epp.logging.aeri.ide.server failed with exception: Proxy Error. ; version: 2.0.7.v20180504-0806
!STACK 0
org.apache.http.client.HttpResponseException: Proxy Error
	at org.eclipse.epp.internal.logging.aeri.ide.server.mars.HttpResponses$ProgressMonitorResponseHandler.handleResponse(HttpResponses.java:66)
	at org.eclipse.epp.internal.logging.aeri.ide.server.mars.HttpResponses$ProgressMonitorResponseStringHandler.handleResponse(HttpResponses.java:88)
	at org.eclipse.epp.internal.logging.aeri.ide.server.mars.HttpResponses$ProgressMonitorResponseStringHandler.handleResponse(HttpResponses.java:1)
	at org.apache.http.client.fluent.Response.handleResponse(Response.java:90)
	at org.eclipse.epp.internal.logging.aeri.ide.server.mars.HttpResponses.getContentWithProgress(HttpResponses.java:51)
	at org.eclipse.epp.internal.logging.aeri.ide.server.mars.IO.refreshConfiguration(IO.java:65)
	at org.eclipse.epp.internal.logging.aeri.ide.server.mars.ServerConnection.startUp(ServerConnection.java:124)
	at com.google.common.util.concurrent.AbstractIdleService$DelegateService$1.run(AbstractIdleService.java:62)
	at com.google.common.util.concurrent.Callables$4.run(Callables.java:122)
	at java.lang.Thread.run(Unknown Source)
!SESSION 2018-12-18 16:31:17.895 -----------------------------------------------
eclipse.buildId=4.9.0.I20180906-0745
java.version=1.8.0_191
java.vendor=Oracle Corporation
BootLoader constants: OS=win32, ARCH=x86_64, WS=win32, NL=en_US
Framework arguments:  -product org.eclipse.epp.package.java.product -product org.eclipse.epp.package.java.product
Command-line arguments:  -os win32 -ws win32 -arch x86_64 -product org.eclipse.epp.package.java.product -data C:/Users/PC/Documents/GitHub/Selenium -product org.eclipse.epp.package.java.product

!ENTRY org.eclipse.egit.ui 2 0 2018-12-18 16:31:39.700
!MESSAGE Warning: The environment variable HOME is not set. The following directory will be used to store the Git
user global configuration and to define the default location to store repositories: 'C:\Users\PC'. If this is
not correct please set the HOME environment variable and restart Eclipse. Otherwise Git for Windows and
EGit might behave differently since they see different configuration options.
This warning can be switched off on the Team > Git > Confirmations and Warnings preference page.

!ENTRY org.eclipse.epp.logging.aeri.ide 2 17 2018-12-18 16:31:39.959
!MESSAGE Server org.eclipse.epp.logging.aeri.ide.server failed with exception: Proxy Error. ; version: 2.0.7.v20180504-0806
!STACK 0
org.apache.http.client.HttpResponseException: Proxy Error
	at org.eclipse.epp.internal.logging.aeri.ide.server.mars.HttpResponses$ProgressMonitorResponseHandler.handleResponse(HttpResponses.java:66)
	at org.eclipse.epp.internal.logging.aeri.ide.server.mars.HttpResponses$ProgressMonitorResponseStringHandler.handleResponse(HttpResponses.java:88)
	at org.eclipse.epp.internal.logging.aeri.ide.server.mars.HttpResponses$ProgressMonitorResponseStringHandler.handleResponse(HttpResponses.java:1)
	at org.apache.http.client.fluent.Response.handleResponse(Response.java:90)
	at org.eclipse.epp.internal.logging.aeri.ide.server.mars.HttpResponses.getContentWithProgress(HttpResponses.java:51)
	at org.eclipse.epp.internal.logging.aeri.ide.server.mars.IO.refreshConfiguration(IO.java:65)
	at org.eclipse.epp.internal.logging.aeri.ide.server.mars.ServerConnection.startUp(ServerConnection.java:124)
	at com.google.common.util.concurrent.AbstractIdleService$DelegateService$1.run(AbstractIdleService.java:62)
	at com.google.common.util.concurrent.Callables$4.run(Callables.java:122)
	at java.lang.Thread.run(Unknown Source)
!SESSION 2018-12-18 21:44:51.407 -----------------------------------------------
eclipse.buildId=4.9.0.I20180906-0745
java.version=1.8.0_191
java.vendor=Oracle Corporation
BootLoader constants: OS=win32, ARCH=x86_64, WS=win32, NL=en_US
Framework arguments:  -product org.eclipse.epp.package.java.product -product org.eclipse.epp.package.java.product
Command-line arguments:  -os win32 -ws win32 -arch x86_64 -product org.eclipse.epp.package.java.product -data C:/Users/PC/Documents/GitHub/Selenium -product org.eclipse.epp.package.java.product

!ENTRY org.eclipse.egit.ui 2 0 2018-12-18 21:45:19.176
!MESSAGE Warning: The environment variable HOME is not set. The following directory will be used to store the Git
user global configuration and to define the default location to store repositories: 'C:\Users\PC'. If this is
not correct please set the HOME environment variable and restart Eclipse. Otherwise Git for Windows and
EGit might behave differently since they see different configuration options.
This warning can be switched off on the Team > Git > Confirmations and Warnings preference page.

!ENTRY org.testng.eclipse 1 0 2018-12-18 22:24:24.074
!MESSAGE [TestNGLaunchConfigurationDelegate] Launching:
  Classpath: C:\Users\PC\eclipse\java-2018-09\eclipse\configuration\org.eclipse.osgi\563\0\.cp\lib\testng-remote.jar C:\Users\PC\Documents\github\Selenium\PrestaShopAutomationPractice\bin C:\Users\PC\Documents\github\Selenium\jar\selenium-java-3.141.59\libs\byte-buddy-1.8.15.jar C:\Users\PC\Documents\github\Selenium\jar\selenium-java-3.141.59\libs\commons-exec-1.3.jar C:\Users\PC\Documents\github\Selenium\jar\selenium-java-3.141.59\libs\guava-25.0-jre.jar C:\Users\PC\Documents\github\Selenium\jar\selenium-java-3.141.59\libs\okhttp-3.11.0.jar C:\Users\PC\Documents\github\Selenium\jar\selenium-java-3.141.59\libs\okio-1.14.0.jar C:\Users\PC\Documents\github\Selenium\jar\selenium-java-3.141.59\client-combined-3.141.59.jar C:\Users\PC\Documents\github\Selenium\jar\selenium-java-3.141.59\client-combined-3.141.59-sources.jar C:\Users\PC\.p2\pool\plugins\org.testng_6.14.2.r201802161450.jar C:\Users\PC\.p2\pool\plugins\com.beust.jcommander_1.72.0.jar C:\Users\PC\.p2\pool\plugins\org.apache-extras.beanshell.bsh_2.0.0.b6.jar C:\Users\PC\.p2\pool\plugins\org.yaml.snakeyaml_1.17.0.jar
  VMArgs:    -ea
  Class:     org.testng.remote.RemoteTestNG
  Args:      -serport 63996 -protocol json -d C:\Users\PC\Documents\github\Selenium\PrestaShopAutomationPractice\test-output C:\Users\PC\AppData\Local\Temp\testng-eclipse-1861115977\testng-customsuite.xml
java -ea -classpath C:\Users\PC\eclipse\java-2018-09\eclipse\configuration\org.eclipse.osgi\563\0\.cp\lib\testng-remote.jar:C:\Users\PC\Documents\github\Selenium\PrestaShopAutomationPractice\bin:C:\Users\PC\Documents\github\Selenium\jar\selenium-java-3.141.59\libs\byte-buddy-1.8.15.jar:C:\Users\PC\Documents\github\Selenium\jar\selenium-java-3.141.59\libs\commons-exec-1.3.jar:C:\Users\PC\Documents\github\Selenium\jar\selenium-java-3.141.59\libs\guava-25.0-jre.jar:C:\Users\PC\Documents\github\Selenium\jar\selenium-java-3.141.59\libs\okhttp-3.11.0.jar:C:\Users\PC\Documents\github\Selenium\jar\selenium-java-3.141.59\libs\okio-1.14.0.jar:C:\Users\PC\Documents\github\Selenium\jar\selenium-java-3.141.59\client-combined-3.141.59.jar:C:\Users\PC\Documents\github\Selenium\jar\selenium-java-3.141.59\client-combined-3.141.59-sources.jar:C:\Users\PC\.p2\pool\plugins\org.testng_6.14.2.r201802161450.jar:C:\Users\PC\.p2\pool\plugins\com.beust.jcommander_1.72.0.jar:C:\Users\PC\.p2\pool\plugins\org.apache-extras.beanshell.bsh_2.0.0.b6.jar:C:\Users\PC\.p2\pool\plugins\org.yaml.snakeyaml_1.17.0.jar org.testng.remote.RemoteTestNG -serport 63996 -protocol json -d C:\Users\PC\Documents\github\Selenium\PrestaShopAutomationPractice\test-output C:\Users\PC\AppData\Local\Temp\testng-eclipse-1861115977\testng-customsuite.xml

!ENTRY org.testng.eclipse 1 0 2018-12-18 22:41:42.937
!MESSAGE [TestNGLaunchConfigurationDelegate] Launching:
  Classpath: C:\Users\PC\eclipse\java-2018-09\eclipse\configuration\org.eclipse.osgi\563\0\.cp\lib\testng-remote.jar C:\Users\PC\Documents\github\Selenium\PrestaShopAutomationPractice\bin C:\Users\PC\Documents\github\Selenium\jar\selenium-java-3.141.59\libs\byte-buddy-1.8.15.jar C:\Users\PC\Documents\github\Selenium\jar\selenium-java-3.141.59\libs\commons-exec-1.3.jar C:\Users\PC\Documents\github\Selenium\jar\selenium-java-3.141.59\libs\guava-25.0-jre.jar C:\Users\PC\Documents\github\Selenium\jar\selenium-java-3.141.59\libs\okhttp-3.11.0.jar C:\Users\PC\Documents\github\Selenium\jar\selenium-java-3.141.59\libs\okio-1.14.0.jar C:\Users\PC\Documents\github\Selenium\jar\selenium-java-3.141.59\client-combined-3.141.59.jar C:\Users\PC\Documents\github\Selenium\jar\selenium-java-3.141.59\client-combined-3.141.59-sources.jar C:\Users\PC\.p2\pool\plugins\org.testng_6.14.2.r201802161450.jar C:\Users\PC\.p2\pool\plugins\com.beust.jcommander_1.72.0.jar C:\Users\PC\.p2\pool\plugins\org.apache-extras.beanshell.bsh_2.0.0.b6.jar C:\Users\PC\.p2\pool\plugins\org.yaml.snakeyaml_1.17.0.jar
  VMArgs:    -ea
  Class:     org.testng.remote.RemoteTestNG
  Args:      -serport 49314 -protocol json -d C:\Users\PC\Documents\github\Selenium\PrestaShopAutomationPractice\test-output C:\Users\PC\AppData\Local\Temp\testng-eclipse-686166692\testng-customsuite.xml
java -ea -classpath C:\Users\PC\eclipse\java-2018-09\eclipse\configuration\org.eclipse.osgi\563\0\.cp\lib\testng-remote.jar:C:\Users\PC\Documents\github\Selenium\PrestaShopAutomationPractice\bin:C:\Users\PC\Documents\github\Selenium\jar\selenium-java-3.141.59\libs\byte-buddy-1.8.15.jar:C:\Users\PC\Documents\github\Selenium\jar\selenium-java-3.141.59\libs\commons-exec-1.3.jar:C:\Users\PC\Documents\github\Selenium\jar\selenium-java-3.141.59\libs\guava-25.0-jre.jar:C:\Users\PC\Documents\github\Selenium\jar\selenium-java-3.141.59\libs\okhttp-3.11.0.jar:C:\Users\PC\Documents\github\Selenium\jar\selenium-java-3.141.59\libs\okio-1.14.0.jar:C:\Users\PC\Documents\github\Selenium\jar\selenium-java-3.141.59\client-combined-3.141.59.jar:C:\Users\PC\Documents\github\Selenium\jar\selenium-java-3.141.59\client-combined-3.141.59-sources.jar:C:\Users\PC\.p2\pool\plugins\org.testng_6.14.2.r201802161450.jar:C:\Users\PC\.p2\pool\plugins\com.beust.jcommander_1.72.0.jar:C:\Users\PC\.p2\pool\plugins\org.apache-extras.beanshell.bsh_2.0.0.b6.jar:C:\Users\PC\.p2\pool\plugins\org.yaml.snakeyaml_1.17.0.jar org.testng.remote.RemoteTestNG -serport 49314 -protocol json -d C:\Users\PC\Documents\github\Selenium\PrestaShopAutomationPractice\test-output C:\Users\PC\AppData\Local\Temp\testng-eclipse-686166692\testng-customsuite.xml

!ENTRY org.testng.eclipse 1 0 2018-12-18 22:42:48.363
!MESSAGE [TestNGLaunchConfigurationDelegate] Launching:
  Classpath: C:\Users\PC\eclipse\java-2018-09\eclipse\configuration\org.eclipse.osgi\563\0\.cp\lib\testng-remote.jar C:\Users\PC\Documents\github\Selenium\PrestaShopAutomationPractice\bin C:\Users\PC\Documents\github\Selenium\jar\selenium-java-3.141.59\libs\byte-buddy-1.8.15.jar C:\Users\PC\Documents\github\Selenium\jar\selenium-java-3.141.59\libs\commons-exec-1.3.jar C:\Users\PC\Documents\github\Selenium\jar\selenium-java-3.141.59\libs\guava-25.0-jre.jar C:\Users\PC\Documents\github\Selenium\jar\selenium-java-3.141.59\libs\okhttp-3.11.0.jar C:\Users\PC\Documents\github\Selenium\jar\selenium-java-3.141.59\libs\okio-1.14.0.jar C:\Users\PC\Documents\github\Selenium\jar\selenium-java-3.141.59\client-combined-3.141.59.jar C:\Users\PC\Documents\github\Selenium\jar\selenium-java-3.141.59\client-combined-3.141.59-sources.jar C:\Users\PC\.p2\pool\plugins\org.testng_6.14.2.r201802161450.jar C:\Users\PC\.p2\pool\plugins\com.beust.jcommander_1.72.0.jar C:\Users\PC\.p2\pool\plugins\org.apache-extras.beanshell.bsh_2.0.0.b6.jar C:\Users\PC\.p2\pool\plugins\org.yaml.snakeyaml_1.17.0.jar
  VMArgs:    -ea
  Class:     org.testng.remote.RemoteTestNG
  Args:      -serport 49443 -protocol json -d C:\Users\PC\Documents\github\Selenium\PrestaShopAutomationPractice\test-output C:\Users\PC\AppData\Local\Temp\testng-eclipse-64320524\testng-customsuite.xml
java -ea -classpath C:\Users\PC\eclipse\java-2018-09\eclipse\configuration\org.eclipse.osgi\563\0\.cp\lib\testng-remote.jar:C:\Users\PC\Documents\github\Selenium\PrestaShopAutomationPractice\bin:C:\Users\PC\Documents\github\Selenium\jar\selenium-java-3.141.59\libs\byte-buddy-1.8.15.jar:C:\Users\PC\Documents\github\Selenium\jar\selenium-java-3.141.59\libs\commons-exec-1.3.jar:C:\Users\PC\Documents\github\Selenium\jar\selenium-java-3.141.59\libs\guava-25.0-jre.jar:C:\Users\PC\Documents\github\Selenium\jar\selenium-java-3.141.59\libs\okhttp-3.11.0.jar:C:\Users\PC\Documents\github\Selenium\jar\selenium-java-3.141.59\libs\okio-1.14.0.jar:C:\Users\PC\Documents\github\Selenium\jar\selenium-java-3.141.59\client-combined-3.141.59.jar:C:\Users\PC\Documents\github\Selenium\jar\selenium-java-3.141.59\client-combined-3.141.59-sources.jar:C:\Users\PC\.p2\pool\plugins\org.testng_6.14.2.r201802161450.jar:C:\Users\PC\.p2\pool\plugins\com.beust.jcommander_1.72.0.jar:C:\Users\PC\.p2\pool\plugins\org.apache-extras.beanshell.bsh_2.0.0.b6.jar:C:\Users\PC\.p2\pool\plugins\org.yaml.snakeyaml_1.17.0.jar org.testng.remote.RemoteTestNG -serport 49443 -protocol json -d C:\Users\PC\Documents\github\Selenium\PrestaShopAutomationPractice\test-output C:\Users\PC\AppData\Local\Temp\testng-eclipse-64320524\testng-customsuite.xml

!ENTRY org.testng.eclipse 1 0 2018-12-18 22:43:57.818
!MESSAGE [TestNGLaunchConfigurationDelegate] Launching:
  Classpath: C:\Users\PC\eclipse\java-2018-09\eclipse\configuration\org.eclipse.osgi\563\0\.cp\lib\testng-remote.jar C:\Users\PC\Documents\github\Selenium\PrestaShopAutomationPractice\bin C:\Users\PC\Documents\github\Selenium\jar\selenium-java-3.141.59\libs\byte-buddy-1.8.15.jar C:\Users\PC\Documents\github\Selenium\jar\selenium-java-3.141.59\libs\commons-exec-1.3.jar C:\Users\PC\Documents\github\Selenium\jar\selenium-java-3.141.59\libs\guava-25.0-jre.jar C:\Users\PC\Documents\github\Selenium\jar\selenium-java-3.141.59\libs\okhttp-3.11.0.jar C:\Users\PC\Documents\github\Selenium\jar\selenium-java-3.141.59\libs\okio-1.14.0.jar C:\Users\PC\Documents\github\Selenium\jar\selenium-java-3.141.59\client-combined-3.141.59.jar C:\Users\PC\Documents\github\Selenium\jar\selenium-java-3.141.59\client-combined-3.141.59-sources.jar C:\Users\PC\.p2\pool\plugins\org.testng_6.14.2.r201802161450.jar C:\Users\PC\.p2\pool\plugins\com.beust.jcommander_1.72.0.jar C:\Users\PC\.p2\pool\plugins\org.apache-extras.beanshell.bsh_2.0.0.b6.jar C:\Users\PC\.p2\pool\plugins\org.yaml.snakeyaml_1.17.0.jar
  VMArgs:    -ea
  Class:     org.testng.remote.RemoteTestNG
  Args:      -serport 49581 -protocol json -d C:\Users\PC\Documents\github\Selenium\PrestaShopAutomationPractice\test-output C:\Users\PC\AppData\Local\Temp\testng-eclipse--1037292198\testng-customsuite.xml
java -ea -classpath C:\Users\PC\eclipse\java-2018-09\eclipse\configuration\org.eclipse.osgi\563\0\.cp\lib\testng-remote.jar:C:\Users\PC\Documents\github\Selenium\PrestaShopAutomationPractice\bin:C:\Users\PC\Documents\github\Selenium\jar\selenium-java-3.141.59\libs\byte-buddy-1.8.15.jar:C:\Users\PC\Documents\github\Selenium\jar\selenium-java-3.141.59\libs\commons-exec-1.3.jar:C:\Users\PC\Documents\github\Selenium\jar\selenium-java-3.141.59\libs\guava-25.0-jre.jar:C:\Users\PC\Documents\github\Selenium\jar\selenium-java-3.141.59\libs\okhttp-3.11.0.jar:C:\Users\PC\Documents\github\Selenium\jar\selenium-java-3.141.59\libs\okio-1.14.0.jar:C:\Users\PC\Documents\github\Selenium\jar\selenium-java-3.141.59\client-combined-3.141.59.jar:C:\Users\PC\Documents\github\Selenium\jar\selenium-java-3.141.59\client-combined-3.141.59-sources.jar:C:\Users\PC\.p2\pool\plugins\org.testng_6.14.2.r201802161450.jar:C:\Users\PC\.p2\pool\plugins\com.beust.jcommander_1.72.0.jar:C:\Users\PC\.p2\pool\plugins\org.apache-extras.beanshell.bsh_2.0.0.b6.jar:C:\Users\PC\.p2\pool\plugins\org.yaml.snakeyaml_1.17.0.jar org.testng.remote.RemoteTestNG -serport 49581 -protocol json -d C:\Users\PC\Documents\github\Selenium\PrestaShopAutomationPractice\test-output C:\Users\PC\AppData\Local\Temp\testng-eclipse--1037292198\testng-customsuite.xml

!ENTRY org.testng.eclipse 1 0 2018-12-18 23:02:55.088
!MESSAGE [TestNGLaunchConfigurationDelegate] Launching:
  Classpath: C:\Users\PC\eclipse\java-2018-09\eclipse\configuration\org.eclipse.osgi\563\0\.cp\lib\testng-remote.jar C:\Users\PC\Documents\github\Selenium\PrestaShopAutomationPractice\bin C:\Users\PC\Documents\github\Selenium\jar\selenium-java-3.141.59\libs\byte-buddy-1.8.15.jar C:\Users\PC\Documents\github\Selenium\jar\selenium-java-3.141.59\libs\commons-exec-1.3.jar C:\Users\PC\Documents\github\Selenium\jar\selenium-java-3.141.59\libs\guava-25.0-jre.jar C:\Users\PC\Documents\github\Selenium\jar\selenium-java-3.141.59\libs\okhttp-3.11.0.jar C:\Users\PC\Documents\github\Selenium\jar\selenium-java-3.141.59\libs\okio-1.14.0.jar C:\Users\PC\Documents\github\Selenium\jar\selenium-java-3.141.59\client-combined-3.141.59.jar C:\Users\PC\Documents\github\Selenium\jar\selenium-java-3.141.59\client-combined-3.141.59-sources.jar C:\Users\PC\.p2\pool\plugins\org.testng_6.14.2.r201802161450.jar C:\Users\PC\.p2\pool\plugins\com.beust.jcommander_1.72.0.jar C:\Users\PC\.p2\pool\plugins\org.apache-extras.beanshell.bsh_2.0.0.b6.jar C:\Users\PC\.p2\pool\plugins\org.yaml.snakeyaml_1.17.0.jar
  VMArgs:    -ea
  Class:     org.testng.remote.RemoteTestNG
  Args:      -serport 51338 -protocol json -d C:\Users\PC\Documents\github\Selenium\PrestaShopAutomationPractice\test-output C:\Users\PC\AppData\Local\Temp\testng-eclipse--1665180501\testng-customsuite.xml
java -ea -classpath C:\Users\PC\eclipse\java-2018-09\eclipse\configuration\org.eclipse.osgi\563\0\.cp\lib\testng-remote.jar:C:\Users\PC\Documents\github\Selenium\PrestaShopAutomationPractice\bin:C:\Users\PC\Documents\github\Selenium\jar\selenium-java-3.141.59\libs\byte-buddy-1.8.15.jar:C:\Users\PC\Documents\github\Selenium\jar\selenium-java-3.141.59\libs\commons-exec-1.3.jar:C:\Users\PC\Documents\github\Selenium\jar\selenium-java-3.141.59\libs\guava-25.0-jre.jar:C:\Users\PC\Documents\github\Selenium\jar\selenium-java-3.141.59\libs\okhttp-3.11.0.jar:C:\Users\PC\Documents\github\Selenium\jar\selenium-java-3.141.59\libs\okio-1.14.0.jar:C:\Users\PC\Documents\github\Selenium\jar\selenium-java-3.141.59\client-combined-3.141.59.jar:C:\Users\PC\Documents\github\Selenium\jar\selenium-java-3.141.59\client-combined-3.141.59-sources.jar:C:\Users\PC\.p2\pool\plugins\org.testng_6.14.2.r201802161450.jar:C:\Users\PC\.p2\pool\plugins\com.beust.jcommander_1.72.0.jar:C:\Users\PC\.p2\pool\plugins\org.apache-extras.beanshell.bsh_2.0.0.b6.jar:C:\Users\PC\.p2\pool\plugins\org.yaml.snakeyaml_1.17.0.jar org.testng.remote.RemoteTestNG -serport 51338 -protocol json -d C:\Users\PC\Documents\github\Selenium\PrestaShopAutomationPractice\test-output C:\Users\PC\AppData\Local\Temp\testng-eclipse--1665180501\testng-customsuite.xml

!ENTRY org.testng.eclipse 1 0 2018-12-18 23:03:41.005
!MESSAGE [TestNGLaunchConfigurationDelegate] Launching:
  Classpath: C:\Users\PC\eclipse\java-2018-09\eclipse\configuration\org.eclipse.osgi\563\0\.cp\lib\testng-remote.jar C:\Users\PC\Documents\github\Selenium\PrestaShopAutomationPractice\bin C:\Users\PC\Documents\github\Selenium\jar\selenium-java-3.141.59\libs\byte-buddy-1.8.15.jar C:\Users\PC\Documents\github\Selenium\jar\selenium-java-3.141.59\libs\commons-exec-1.3.jar C:\Users\PC\Documents\github\Selenium\jar\selenium-java-3.141.59\libs\guava-25.0-jre.jar C:\Users\PC\Documents\github\Selenium\jar\selenium-java-3.141.59\libs\okhttp-3.11.0.jar C:\Users\PC\Documents\github\Selenium\jar\selenium-java-3.141.59\libs\okio-1.14.0.jar C:\Users\PC\Documents\github\Selenium\jar\selenium-java-3.141.59\client-combined-3.141.59.jar C:\Users\PC\Documents\github\Selenium\jar\selenium-java-3.141.59\client-combined-3.141.59-sources.jar C:\Users\PC\.p2\pool\plugins\org.testng_6.14.2.r201802161450.jar C:\Users\PC\.p2\pool\plugins\com.beust.jcommander_1.72.0.jar C:\Users\PC\.p2\pool\plugins\org.apache-extras.beanshell.bsh_2.0.0.b6.jar C:\Users\PC\.p2\pool\plugins\org.yaml.snakeyaml_1.17.0.jar
  VMArgs:    -ea
  Class:     org.testng.remote.RemoteTestNG
  Args:      -serport 51444 -protocol json -d C:\Users\PC\Documents\github\Selenium\PrestaShopAutomationPractice\test-output C:\Users\PC\AppData\Local\Temp\testng-eclipse--511859829\testng-customsuite.xml
java -ea -classpath C:\Users\PC\eclipse\java-2018-09\eclipse\configuration\org.eclipse.osgi\563\0\.cp\lib\testng-remote.jar:C:\Users\PC\Documents\github\Selenium\PrestaShopAutomationPractice\bin:C:\Users\PC\Documents\github\Selenium\jar\selenium-java-3.141.59\libs\byte-buddy-1.8.15.jar:C:\Users\PC\Documents\github\Selenium\jar\selenium-java-3.141.59\libs\commons-exec-1.3.jar:C:\Users\PC\Documents\github\Selenium\jar\selenium-java-3.141.59\libs\guava-25.0-jre.jar:C:\Users\PC\Documents\github\Selenium\jar\selenium-java-3.141.59\libs\okhttp-3.11.0.jar:C:\Users\PC\Documents\github\Selenium\jar\selenium-java-3.141.59\libs\okio-1.14.0.jar:C:\Users\PC\Documents\github\Selenium\jar\selenium-java-3.141.59\client-combined-3.141.59.jar:C:\Users\PC\Documents\github\Selenium\jar\selenium-java-3.141.59\client-combined-3.141.59-sources.jar:C:\Users\PC\.p2\pool\plugins\org.testng_6.14.2.r201802161450.jar:C:\Users\PC\.p2\pool\plugins\com.beust.jcommander_1.72.0.jar:C:\Users\PC\.p2\pool\plugins\org.apache-extras.beanshell.bsh_2.0.0.b6.jar:C:\Users\PC\.p2\pool\plugins\org.yaml.snakeyaml_1.17.0.jar org.testng.remote.RemoteTestNG -serport 51444 -protocol json -d C:\Users\PC\Documents\github\Selenium\PrestaShopAutomationPractice\test-output C:\Users\PC\AppData\Local\Temp\testng-eclipse--511859829\testng-customsuite.xml

!ENTRY org.testng.eclipse 1 0 2018-12-18 23:04:25.351
!MESSAGE [TestNGLaunchConfigurationDelegate] Launching:
  Classpath: C:\Users\PC\eclipse\java-2018-09\eclipse\configuration\org.eclipse.osgi\563\0\.cp\lib\testng-remote.jar C:\Users\PC\Documents\github\Selenium\PrestaShopAutomationPractice\bin C:\Users\PC\Documents\github\Selenium\jar\selenium-java-3.141.59\libs\byte-buddy-1.8.15.jar C:\Users\PC\Documents\github\Selenium\jar\selenium-java-3.141.59\libs\commons-exec-1.3.jar C:\Users\PC\Documents\github\Selenium\jar\selenium-java-3.141.59\libs\guava-25.0-jre.jar C:\Users\PC\Documents\github\Selenium\jar\selenium-java-3.141.59\libs\okhttp-3.11.0.jar C:\Users\PC\Documents\github\Selenium\jar\selenium-java-3.141.59\libs\okio-1.14.0.jar C:\Users\PC\Documents\github\Selenium\jar\selenium-java-3.141.59\client-combined-3.141.59.jar C:\Users\PC\Documents\github\Selenium\jar\selenium-java-3.141.59\client-combined-3.141.59-sources.jar C:\Users\PC\.p2\pool\plugins\org.testng_6.14.2.r201802161450.jar C:\Users\PC\.p2\pool\plugins\com.beust.jcommander_1.72.0.jar C:\Users\PC\.p2\pool\plugins\org.apache-extras.beanshell.bsh_2.0.0.b6.jar C:\Users\PC\.p2\pool\plugins\org.yaml.snakeyaml_1.17.0.jar
  VMArgs:    -ea
  Class:     org.testng.remote.RemoteTestNG
  Args:      -serport 51549 -protocol json -d C:\Users\PC\Documents\github\Selenium\PrestaShopAutomationPractice\test-output C:\Users\PC\AppData\Local\Temp\testng-eclipse-364090823\testng-customsuite.xml
java -ea -classpath C:\Users\PC\eclipse\java-2018-09\eclipse\configuration\org.eclipse.osgi\563\0\.cp\lib\testng-remote.jar:C:\Users\PC\Documents\github\Selenium\PrestaShopAutomationPractice\bin:C:\Users\PC\Documents\github\Selenium\jar\selenium-java-3.141.59\libs\byte-buddy-1.8.15.jar:C:\Users\PC\Documents\github\Selenium\jar\selenium-java-3.141.59\libs\commons-exec-1.3.jar:C:\Users\PC\Documents\github\Selenium\jar\selenium-java-3.141.59\libs\guava-25.0-jre.jar:C:\Users\PC\Documents\github\Selenium\jar\selenium-java-3.141.59\libs\okhttp-3.11.0.jar:C:\Users\PC\Documents\github\Selenium\jar\selenium-java-3.141.59\libs\okio-1.14.0.jar:C:\Users\PC\Documents\github\Selenium\jar\selenium-java-3.141.59\client-combined-3.141.59.jar:C:\Users\PC\Documents\github\Selenium\jar\selenium-java-3.141.59\client-combined-3.141.59-sources.jar:C:\Users\PC\.p2\pool\plugins\org.testng_6.14.2.r201802161450.jar:C:\Users\PC\.p2\pool\plugins\com.beust.jcommander_1.72.0.jar:C:\Users\PC\.p2\pool\plugins\org.apache-extras.beanshell.bsh_2.0.0.b6.jar:C:\Users\PC\.p2\pool\plugins\org.yaml.snakeyaml_1.17.0.jar org.testng.remote.RemoteTestNG -serport 51549 -protocol json -d C:\Users\PC\Documents\github\Selenium\PrestaShopAutomationPractice\test-output C:\Users\PC\AppData\Local\Temp\testng-eclipse-364090823\testng-customsuite.xml

!ENTRY org.testng.eclipse 1 0 2018-12-18 23:08:44.195
!MESSAGE [TestNGLaunchConfigurationDelegate] Launching:
  Classpath: C:\Users\PC\eclipse\java-2018-09\eclipse\configuration\org.eclipse.osgi\563\0\.cp\lib\testng-remote.jar C:\Users\PC\Documents\github\Selenium\PrestaShopAutomationPractice\bin C:\Users\PC\Documents\github\Selenium\jar\selenium-java-3.141.59\libs\byte-buddy-1.8.15.jar C:\Users\PC\Documents\github\Selenium\jar\selenium-java-3.141.59\libs\commons-exec-1.3.jar C:\Users\PC\Documents\github\Selenium\jar\selenium-java-3.141.59\libs\guava-25.0-jre.jar C:\Users\PC\Documents\github\Selenium\jar\selenium-java-3.141.59\libs\okhttp-3.11.0.jar C:\Users\PC\Documents\github\Selenium\jar\selenium-java-3.141.59\libs\okio-1.14.0.jar C:\Users\PC\Documents\github\Selenium\jar\selenium-java-3.141.59\client-combined-3.141.59.jar C:\Users\PC\Documents\github\Selenium\jar\selenium-java-3.141.59\client-combined-3.141.59-sources.jar C:\Users\PC\.p2\pool\plugins\org.testng_6.14.2.r201802161450.jar C:\Users\PC\.p2\pool\plugins\com.beust.jcommander_1.72.0.jar C:\Users\PC\.p2\pool\plugins\org.apache-extras.beanshell.bsh_2.0.0.b6.jar C:\Users\PC\.p2\pool\plugins\org.yaml.snakeyaml_1.17.0.jar
  VMArgs:    -ea
  Class:     org.testng.remote.RemoteTestNG
  Args:      -serport 51977 -protocol json -d C:\Users\PC\Documents\github\Selenium\PrestaShopAutomationPractice\test-output C:\Users\PC\AppData\Local\Temp\testng-eclipse-2098137147\testng-customsuite.xml
java -ea -classpath C:\Users\PC\eclipse\java-2018-09\eclipse\configuration\org.eclipse.osgi\563\0\.cp\lib\testng-remote.jar:C:\Users\PC\Documents\github\Selenium\PrestaShopAutomationPractice\bin:C:\Users\PC\Documents\github\Selenium\jar\selenium-java-3.141.59\libs\byte-buddy-1.8.15.jar:C:\Users\PC\Documents\github\Selenium\jar\selenium-java-3.141.59\libs\commons-exec-1.3.jar:C:\Users\PC\Documents\github\Selenium\jar\selenium-java-3.141.59\libs\guava-25.0-jre.jar:C:\Users\PC\Documents\github\Selenium\jar\selenium-java-3.141.59\libs\okhttp-3.11.0.jar:C:\Users\PC\Documents\github\Selenium\jar\selenium-java-3.141.59\libs\okio-1.14.0.jar:C:\Users\PC\Documents\github\Selenium\jar\selenium-java-3.141.59\client-combined-3.141.59.jar:C:\Users\PC\Documents\github\Selenium\jar\selenium-java-3.141.59\client-combined-3.141.59-sources.jar:C:\Users\PC\.p2\pool\plugins\org.testng_6.14.2.r201802161450.jar:C:\Users\PC\.p2\pool\plugins\com.beust.jcommander_1.72.0.jar:C:\Users\PC\.p2\pool\plugins\org.apache-extras.beanshell.bsh_2.0.0.b6.jar:C:\Users\PC\.p2\pool\plugins\org.yaml.snakeyaml_1.17.0.jar org.testng.remote.RemoteTestNG -serport 51977 -protocol json -d C:\Users\PC\Documents\github\Selenium\PrestaShopAutomationPractice\test-output C:\Users\PC\AppData\Local\Temp\testng-eclipse-2098137147\testng-customsuite.xml

!ENTRY org.testng.eclipse 1 0 2018-12-19 00:15:59.282
!MESSAGE [TestNGLaunchConfigurationDelegate] Launching:
  Classpath: C:\Users\PC\eclipse\java-2018-09\eclipse\configuration\org.eclipse.osgi\563\0\.cp\lib\testng-remote.jar C:\Users\PC\Documents\github\Selenium\PrestaShopAutomationPractice\bin C:\Users\PC\Documents\github\Selenium\jar\selenium-java-3.141.59\libs\byte-buddy-1.8.15.jar C:\Users\PC\Documents\github\Selenium\jar\selenium-java-3.141.59\libs\commons-exec-1.3.jar C:\Users\PC\Documents\github\Selenium\jar\selenium-java-3.141.59\libs\guava-25.0-jre.jar C:\Users\PC\Documents\github\Selenium\jar\selenium-java-3.141.59\libs\okhttp-3.11.0.jar C:\Users\PC\Documents\github\Selenium\jar\selenium-java-3.141.59\libs\okio-1.14.0.jar C:\Users\PC\Documents\github\Selenium\jar\selenium-java-3.141.59\client-combined-3.141.59.jar C:\Users\PC\Documents\github\Selenium\jar\selenium-java-3.141.59\client-combined-3.141.59-sources.jar C:\Users\PC\.p2\pool\plugins\org.testng_6.14.2.r201802161450.jar C:\Users\PC\.p2\pool\plugins\com.beust.jcommander_1.72.0.jar C:\Users\PC\.p2\pool\plugins\org.apache-extras.beanshell.bsh_2.0.0.b6.jar C:\Users\PC\.p2\pool\plugins\org.yaml.snakeyaml_1.17.0.jar
  VMArgs:    -ea
  Class:     org.testng.remote.RemoteTestNG
  Args:      -serport 58041 -protocol json -d C:\Users\PC\Documents\github\Selenium\PrestaShopAutomationPractice\test-output C:\Users\PC\AppData\Local\Temp\testng-eclipse-105114822\testng-customsuite.xml
java -ea -classpath C:\Users\PC\eclipse\java-2018-09\eclipse\configuration\org.eclipse.osgi\563\0\.cp\lib\testng-remote.jar:C:\Users\PC\Documents\github\Selenium\PrestaShopAutomationPractice\bin:C:\Users\PC\Documents\github\Selenium\jar\selenium-java-3.141.59\libs\byte-buddy-1.8.15.jar:C:\Users\PC\Documents\github\Selenium\jar\selenium-java-3.141.59\libs\commons-exec-1.3.jar:C:\Users\PC\Documents\github\Selenium\jar\selenium-java-3.141.59\libs\guava-25.0-jre.jar:C:\Users\PC\Documents\github\Selenium\jar\selenium-java-3.141.59\libs\okhttp-3.11.0.jar:C:\Users\PC\Documents\github\Selenium\jar\selenium-java-3.141.59\libs\okio-1.14.0.jar:C:\Users\PC\Documents\github\Selenium\jar\selenium-java-3.141.59\client-combined-3.141.59.jar:C:\Users\PC\Documents\github\Selenium\jar\selenium-java-3.141.59\client-combined-3.141.59-sources.jar:C:\Users\PC\.p2\pool\plugins\org.testng_6.14.2.r201802161450.jar:C:\Users\PC\.p2\pool\plugins\com.beust.jcommander_1.72.0.jar:C:\Users\PC\.p2\pool\plugins\org.apache-extras.beanshell.bsh_2.0.0.b6.jar:C:\Users\PC\.p2\pool\plugins\org.yaml.snakeyaml_1.17.0.jar org.testng.remote.RemoteTestNG -serport 58041 -protocol json -d C:\Users\PC\Documents\github\Selenium\PrestaShopAutomationPractice\test-output C:\Users\PC\AppData\Local\Temp\testng-eclipse-105114822\testng-customsuite.xml

!ENTRY org.testng.eclipse 1 0 2018-12-19 00:17:01.142
!MESSAGE [TestNGLaunchConfigurationDelegate] Launching:
  Classpath: C:\Users\PC\eclipse\java-2018-09\eclipse\configuration\org.eclipse.osgi\563\0\.cp\lib\testng-remote.jar C:\Users\PC\Documents\github\Selenium\PrestaShopAutomationPractice\bin C:\Users\PC\Documents\github\Selenium\jar\selenium-java-3.141.59\libs\byte-buddy-1.8.15.jar C:\Users\PC\Documents\github\Selenium\jar\selenium-java-3.141.59\libs\commons-exec-1.3.jar C:\Users\PC\Documents\github\Selenium\jar\selenium-java-3.141.59\libs\guava-25.0-jre.jar C:\Users\PC\Documents\github\Selenium\jar\selenium-java-3.141.59\libs\okhttp-3.11.0.jar C:\Users\PC\Documents\github\Selenium\jar\selenium-java-3.141.59\libs\okio-1.14.0.jar C:\Users\PC\Documents\github\Selenium\jar\selenium-java-3.141.59\client-combined-3.141.59.jar C:\Users\PC\Documents\github\Selenium\jar\selenium-java-3.141.59\client-combined-3.141.59-sources.jar C:\Users\PC\.p2\pool\plugins\org.testng_6.14.2.r201802161450.jar C:\Users\PC\.p2\pool\plugins\com.beust.jcommander_1.72.0.jar C:\Users\PC\.p2\pool\plugins\org.apache-extras.beanshell.bsh_2.0.0.b6.jar C:\Users\PC\.p2\pool\plugins\org.yaml.snakeyaml_1.17.0.jar
  VMArgs:    -ea
  Class:     org.testng.remote.RemoteTestNG
  Args:      -serport 58166 -protocol json -d C:\Users\PC\Documents\github\Selenium\PrestaShopAutomationPractice\test-output C:\Users\PC\AppData\Local\Temp\testng-eclipse--276663356\testng-customsuite.xml
java -ea -classpath C:\Users\PC\eclipse\java-2018-09\eclipse\configuration\org.eclipse.osgi\563\0\.cp\lib\testng-remote.jar:C:\Users\PC\Documents\github\Selenium\PrestaShopAutomationPractice\bin:C:\Users\PC\Documents\github\Selenium\jar\selenium-java-3.141.59\libs\byte-buddy-1.8.15.jar:C:\Users\PC\Documents\github\Selenium\jar\selenium-java-3.141.59\libs\commons-exec-1.3.jar:C:\Users\PC\Documents\github\Selenium\jar\selenium-java-3.141.59\libs\guava-25.0-jre.jar:C:\Users\PC\Documents\github\Selenium\jar\selenium-java-3.141.59\libs\okhttp-3.11.0.jar:C:\Users\PC\Documents\github\Selenium\jar\selenium-java-3.141.59\libs\okio-1.14.0.jar:C:\Users\PC\Documents\github\Selenium\jar\selenium-java-3.141.59\client-combined-3.141.59.jar:C:\Users\PC\Documents\github\Selenium\jar\selenium-java-3.141.59\client-combined-3.141.59-sources.jar:C:\Users\PC\.p2\pool\plugins\org.testng_6.14.2.r201802161450.jar:C:\Users\PC\.p2\pool\plugins\com.beust.jcommander_1.72.0.jar:C:\Users\PC\.p2\pool\plugins\org.apache-extras.beanshell.bsh_2.0.0.b6.jar:C:\Users\PC\.p2\pool\plugins\org.yaml.snakeyaml_1.17.0.jar org.testng.remote.RemoteTestNG -serport 58166 -protocol json -d C:\Users\PC\Documents\github\Selenium\PrestaShopAutomationPractice\test-output C:\Users\PC\AppData\Local\Temp\testng-eclipse--276663356\testng-customsuite.xml

!ENTRY org.testng.eclipse 1 0 2018-12-19 00:18:40.103
!MESSAGE [TestNGLaunchConfigurationDelegate] Launching:
  Classpath: C:\Users\PC\eclipse\java-2018-09\eclipse\configuration\org.eclipse.osgi\563\0\.cp\lib\testng-remote.jar C:\Users\PC\Documents\github\Selenium\PrestaShopAutomationPractice\bin C:\Users\PC\Documents\github\Selenium\jar\selenium-java-3.141.59\libs\byte-buddy-1.8.15.jar C:\Users\PC\Documents\github\Selenium\jar\selenium-java-3.141.59\libs\commons-exec-1.3.jar C:\Users\PC\Documents\github\Selenium\jar\selenium-java-3.141.59\libs\guava-25.0-jre.jar C:\Users\PC\Documents\github\Selenium\jar\selenium-java-3.141.59\libs\okhttp-3.11.0.jar C:\Users\PC\Documents\github\Selenium\jar\selenium-java-3.141.59\libs\okio-1.14.0.jar C:\Users\PC\Documents\github\Selenium\jar\selenium-java-3.141.59\client-combined-3.141.59.jar C:\Users\PC\Documents\github\Selenium\jar\selenium-java-3.141.59\client-combined-3.141.59-sources.jar C:\Users\PC\.p2\pool\plugins\org.testng_6.14.2.r201802161450.jar C:\Users\PC\.p2\pool\plugins\com.beust.jcommander_1.72.0.jar C:\Users\PC\.p2\pool\plugins\org.apache-extras.beanshell.bsh_2.0.0.b6.jar C:\Users\PC\.p2\pool\plugins\org.yaml.snakeyaml_1.17.0.jar
  VMArgs:    -ea
  Class:     org.testng.remote.RemoteTestNG
  Args:      -serport 58403 -protocol json -d C:\Users\PC\Documents\github\Selenium\PrestaShopAutomationPractice\test-output C:\Users\PC\AppData\Local\Temp\testng-eclipse--85722277\testng-customsuite.xml
java -ea -classpath C:\Users\PC\eclipse\java-2018-09\eclipse\configuration\org.eclipse.osgi\563\0\.cp\lib\testng-remote.jar:C:\Users\PC\Documents\github\Selenium\PrestaShopAutomationPractice\bin:C:\Users\PC\Documents\github\Selenium\jar\selenium-java-3.141.59\libs\byte-buddy-1.8.15.jar:C:\Users\PC\Documents\github\Selenium\jar\selenium-java-3.141.59\libs\commons-exec-1.3.jar:C:\Users\PC\Documents\github\Selenium\jar\selenium-java-3.141.59\libs\guava-25.0-jre.jar:C:\Users\PC\Documents\github\Selenium\jar\selenium-java-3.141.59\libs\okhttp-3.11.0.jar:C:\Users\PC\Documents\github\Selenium\jar\selenium-java-3.141.59\libs\okio-1.14.0.jar:C:\Users\PC\Documents\github\Selenium\jar\selenium-java-3.141.59\client-combined-3.141.59.jar:C:\Users\PC\Documents\github\Selenium\jar\selenium-java-3.141.59\client-combined-3.141.59-sources.jar:C:\Users\PC\.p2\pool\plugins\org.testng_6.14.2.r201802161450.jar:C:\Users\PC\.p2\pool\plugins\com.beust.jcommander_1.72.0.jar:C:\Users\PC\.p2\pool\plugins\org.apache-extras.beanshell.bsh_2.0.0.b6.jar:C:\Users\PC\.p2\pool\plugins\org.yaml.snakeyaml_1.17.0.jar org.testng.remote.RemoteTestNG -serport 58403 -protocol json -d C:\Users\PC\Documents\github\Selenium\PrestaShopAutomationPractice\test-output C:\Users\PC\AppData\Local\Temp\testng-eclipse--85722277\testng-customsuite.xml

!ENTRY org.testng.eclipse 1 0 2018-12-19 00:19:28.985
!MESSAGE [TestNGLaunchConfigurationDelegate] Launching:
  Classpath: C:\Users\PC\eclipse\java-2018-09\eclipse\configuration\org.eclipse.osgi\563\0\.cp\lib\testng-remote.jar C:\Users\PC\Documents\github\Selenium\PrestaShopAutomationPractice\bin C:\Users\PC\Documents\github\Selenium\jar\selenium-java-3.141.59\libs\byte-buddy-1.8.15.jar C:\Users\PC\Documents\github\Selenium\jar\selenium-java-3.141.59\libs\commons-exec-1.3.jar C:\Users\PC\Documents\github\Selenium\jar\selenium-java-3.141.59\libs\guava-25.0-jre.jar C:\Users\PC\Documents\github\Selenium\jar\selenium-java-3.141.59\libs\okhttp-3.11.0.jar C:\Users\PC\Documents\github\Selenium\jar\selenium-java-3.141.59\libs\okio-1.14.0.jar C:\Users\PC\Documents\github\Selenium\jar\selenium-java-3.141.59\client-combined-3.141.59.jar C:\Users\PC\Documents\github\Selenium\jar\selenium-java-3.141.59\client-combined-3.141.59-sources.jar C:\Users\PC\.p2\pool\plugins\org.testng_6.14.2.r201802161450.jar C:\Users\PC\.p2\pool\plugins\com.beust.jcommander_1.72.0.jar C:\Users\PC\.p2\pool\plugins\org.apache-extras.beanshell.bsh_2.0.0.b6.jar C:\Users\PC\.p2\pool\plugins\org.yaml.snakeyaml_1.17.0.jar
  VMArgs:    -ea
  Class:     org.testng.remote.RemoteTestNG
  Args:      -serport 58519 -protocol json -d C:\Users\PC\Documents\github\Selenium\PrestaShopAutomationPractice\test-output C:\Users\PC\AppData\Local\Temp\testng-eclipse-1190181696\testng-customsuite.xml
java -ea -classpath C:\Users\PC\eclipse\java-2018-09\eclipse\configuration\org.eclipse.osgi\563\0\.cp\lib\testng-remote.jar:C:\Users\PC\Documents\github\Selenium\PrestaShopAutomationPractice\bin:C:\Users\PC\Documents\github\Selenium\jar\selenium-java-3.141.59\libs\byte-buddy-1.8.15.jar:C:\Users\PC\Documents\github\Selenium\jar\selenium-java-3.141.59\libs\commons-exec-1.3.jar:C:\Users\PC\Documents\github\Selenium\jar\selenium-java-3.141.59\libs\guava-25.0-jre.jar:C:\Users\PC\Documents\github\Selenium\jar\selenium-java-3.141.59\libs\okhttp-3.11.0.jar:C:\Users\PC\Documents\github\Selenium\jar\selenium-java-3.141.59\libs\okio-1.14.0.jar:C:\Users\PC\Documents\github\Selenium\jar\selenium-java-3.141.59\client-combined-3.141.59.jar:C:\Users\PC\Documents\github\Selenium\jar\selenium-java-3.141.59\client-combined-3.141.59-sources.jar:C:\Users\PC\.p2\pool\plugins\org.testng_6.14.2.r201802161450.jar:C:\Users\PC\.p2\pool\plugins\com.beust.jcommander_1.72.0.jar:C:\Users\PC\.p2\pool\plugins\org.apache-extras.beanshell.bsh_2.0.0.b6.jar:C:\Users\PC\.p2\pool\plugins\org.yaml.snakeyaml_1.17.0.jar org.testng.remote.RemoteTestNG -serport 58519 -protocol json -d C:\Users\PC\Documents\github\Selenium\PrestaShopAutomationPractice\test-output C:\Users\PC\AppData\Local\Temp\testng-eclipse-1190181696\testng-customsuite.xml

!ENTRY org.testng.eclipse 1 0 2018-12-19 00:33:38.150
!MESSAGE [TestNGLaunchConfigurationDelegate] Launching:
  Classpath: C:\Users\PC\eclipse\java-2018-09\eclipse\configuration\org.eclipse.osgi\563\0\.cp\lib\testng-remote.jar C:\Users\PC\Documents\github\Selenium\PrestaShopAutomationPractice\bin C:\Users\PC\Documents\github\Selenium\jar\selenium-java-3.141.59\libs\byte-buddy-1.8.15.jar C:\Users\PC\Documents\github\Selenium\jar\selenium-java-3.141.59\libs\commons-exec-1.3.jar C:\Users\PC\Documents\github\Selenium\jar\selenium-java-3.141.59\libs\guava-25.0-jre.jar C:\Users\PC\Documents\github\Selenium\jar\selenium-java-3.141.59\libs\okhttp-3.11.0.jar C:\Users\PC\Documents\github\Selenium\jar\selenium-java-3.141.59\libs\okio-1.14.0.jar C:\Users\PC\Documents\github\Selenium\jar\selenium-java-3.141.59\client-combined-3.141.59.jar C:\Users\PC\Documents\github\Selenium\jar\selenium-java-3.141.59\client-combined-3.141.59-sources.jar C:\Users\PC\.p2\pool\plugins\org.testng_6.14.2.r201802161450.jar C:\Users\PC\.p2\pool\plugins\com.beust.jcommander_1.72.0.jar C:\Users\PC\.p2\pool\plugins\org.apache-extras.beanshell.bsh_2.0.0.b6.jar C:\Users\PC\.p2\pool\plugins\org.yaml.snakeyaml_1.17.0.jar
  VMArgs:    -ea
  Class:     org.testng.remote.RemoteTestNG
  Args:      -serport 61217 -protocol json -d C:\Users\PC\Documents\github\Selenium\PrestaShopAutomationPractice\test-output C:\Users\PC\AppData\Local\Temp\testng-eclipse--1417632145\testng-customsuite.xml
java -ea -classpath C:\Users\PC\eclipse\java-2018-09\eclipse\configuration\org.eclipse.osgi\563\0\.cp\lib\testng-remote.jar:C:\Users\PC\Documents\github\Selenium\PrestaShopAutomationPractice\bin:C:\Users\PC\Documents\github\Selenium\jar\selenium-java-3.141.59\libs\byte-buddy-1.8.15.jar:C:\Users\PC\Documents\github\Selenium\jar\selenium-java-3.141.59\libs\commons-exec-1.3.jar:C:\Users\PC\Documents\github\Selenium\jar\selenium-java-3.141.59\libs\guava-25.0-jre.jar:C:\Users\PC\Documents\github\Selenium\jar\selenium-java-3.141.59\libs\okhttp-3.11.0.jar:C:\Users\PC\Documents\github\Selenium\jar\selenium-java-3.141.59\libs\okio-1.14.0.jar:C:\Users\PC\Documents\github\Selenium\jar\selenium-java-3.141.59\client-combined-3.141.59.jar:C:\Users\PC\Documents\github\Selenium\jar\selenium-java-3.141.59\client-combined-3.141.59-sources.jar:C:\Users\PC\.p2\pool\plugins\org.testng_6.14.2.r201802161450.jar:C:\Users\PC\.p2\pool\plugins\com.beust.jcommander_1.72.0.jar:C:\Users\PC\.p2\pool\plugins\org.apache-extras.beanshell.bsh_2.0.0.b6.jar:C:\Users\PC\.p2\pool\plugins\org.yaml.snakeyaml_1.17.0.jar org.testng.remote.RemoteTestNG -serport 61217 -protocol json -d C:\Users\PC\Documents\github\Selenium\PrestaShopAutomationPractice\test-output C:\Users\PC\AppData\Local\Temp\testng-eclipse--1417632145\testng-customsuite.xml

!ENTRY org.testng.eclipse 1 0 2018-12-19 00:34:11.519
!MESSAGE [TestNGLaunchConfigurationDelegate] Launching:
  Classpath: C:\Users\PC\eclipse\java-2018-09\eclipse\configuration\org.eclipse.osgi\563\0\.cp\lib\testng-remote.jar C:\Users\PC\Documents\github\Selenium\PrestaShopAutomationPractice\bin C:\Users\PC\Documents\github\Selenium\jar\selenium-java-3.141.59\libs\byte-buddy-1.8.15.jar C:\Users\PC\Documents\github\Selenium\jar\selenium-java-3.141.59\libs\commons-exec-1.3.jar C:\Users\PC\Documents\github\Selenium\jar\selenium-java-3.141.59\libs\guava-25.0-jre.jar C:\Users\PC\Documents\github\Selenium\jar\selenium-java-3.141.59\libs\okhttp-3.11.0.jar C:\Users\PC\Documents\github\Selenium\jar\selenium-java-3.141.59\libs\okio-1.14.0.jar C:\Users\PC\Documents\github\Selenium\jar\selenium-java-3.141.59\client-combined-3.141.59.jar C:\Users\PC\Documents\github\Selenium\jar\selenium-java-3.141.59\client-combined-3.141.59-sources.jar C:\Users\PC\.p2\pool\plugins\org.testng_6.14.2.r201802161450.jar C:\Users\PC\.p2\pool\plugins\com.beust.jcommander_1.72.0.jar C:\Users\PC\.p2\pool\plugins\org.apache-extras.beanshell.bsh_2.0.0.b6.jar C:\Users\PC\.p2\pool\plugins\org.yaml.snakeyaml_1.17.0.jar
  VMArgs:    -ea
  Class:     org.testng.remote.RemoteTestNG
  Args:      -serport 61343 -protocol json -d C:\Users\PC\Documents\github\Selenium\PrestaShopAutomationPractice\test-output C:\Users\PC\AppData\Local\Temp\testng-eclipse-1924558957\testng-customsuite.xml
java -ea -classpath C:\Users\PC\eclipse\java-2018-09\eclipse\configuration\org.eclipse.osgi\563\0\.cp\lib\testng-remote.jar:C:\Users\PC\Documents\github\Selenium\PrestaShopAutomationPractice\bin:C:\Users\PC\Documents\github\Selenium\jar\selenium-java-3.141.59\libs\byte-buddy-1.8.15.jar:C:\Users\PC\Documents\github\Selenium\jar\selenium-java-3.141.59\libs\commons-exec-1.3.jar:C:\Users\PC\Documents\github\Selenium\jar\selenium-java-3.141.59\libs\guava-25.0-jre.jar:C:\Users\PC\Documents\github\Selenium\jar\selenium-java-3.141.59\libs\okhttp-3.11.0.jar:C:\Users\PC\Documents\github\Selenium\jar\selenium-java-3.141.59\libs\okio-1.14.0.jar:C:\Users\PC\Documents\github\Selenium\jar\selenium-java-3.141.59\client-combined-3.141.59.jar:C:\Users\PC\Documents\github\Selenium\jar\selenium-java-3.141.59\client-combined-3.141.59-sources.jar:C:\Users\PC\.p2\pool\plugins\org.testng_6.14.2.r201802161450.jar:C:\Users\PC\.p2\pool\plugins\com.beust.jcommander_1.72.0.jar:C:\Users\PC\.p2\pool\plugins\org.apache-extras.beanshell.bsh_2.0.0.b6.jar:C:\Users\PC\.p2\pool\plugins\org.yaml.snakeyaml_1.17.0.jar org.testng.remote.RemoteTestNG -serport 61343 -protocol json -d C:\Users\PC\Documents\github\Selenium\PrestaShopAutomationPractice\test-output C:\Users\PC\AppData\Local\Temp\testng-eclipse-1924558957\testng-customsuite.xml
!SESSION 2018-12-19 18:17:23.646 -----------------------------------------------
eclipse.buildId=4.9.0.I20180906-0745
java.version=1.8.0_191
java.vendor=Oracle Corporation
BootLoader constants: OS=win32, ARCH=x86_64, WS=win32, NL=en_US
Framework arguments:  -product org.eclipse.epp.package.java.product -product org.eclipse.epp.package.java.product
Command-line arguments:  -os win32 -ws win32 -arch x86_64 -product org.eclipse.epp.package.java.product -data C:/Users/PC/Documents/GitHub/Selenium -product org.eclipse.epp.package.java.product

!ENTRY org.eclipse.egit.ui 2 0 2018-12-19 18:18:13.623
!MESSAGE Warning: The environment variable HOME is not set. The following directory will be used to store the Git
user global configuration and to define the default location to store repositories: 'C:\Users\PC'. If this is
not correct please set the HOME environment variable and restart Eclipse. Otherwise Git for Windows and
EGit might behave differently since they see different configuration options.
This warning can be switched off on the Team > Git > Confirmations and Warnings preference page.
!SESSION 2018-12-19 20:50:16.695 -----------------------------------------------
eclipse.buildId=4.9.0.I20180906-0745
java.version=1.8.0_191
java.vendor=Oracle Corporation
BootLoader constants: OS=win32, ARCH=x86_64, WS=win32, NL=en_US
Framework arguments:  -product org.eclipse.epp.package.java.product
Command-line arguments:  -os win32 -ws win32 -arch x86_64 -product org.eclipse.epp.package.java.product

!ENTRY org.eclipse.egit.ui 2 0 2018-12-19 20:51:43.768
!MESSAGE Warning: The environment variable HOME is not set. The following directory will be used to store the Git
user global configuration and to define the default location to store repositories: 'C:\Users\PC'. If this is
not correct please set the HOME environment variable and restart Eclipse. Otherwise Git for Windows and
EGit might behave differently since they see different configuration options.
This warning can be switched off on the Team > Git > Confirmations and Warnings preference page.
!SESSION 2018-12-26 08:40:01.132 -----------------------------------------------
eclipse.buildId=4.9.0.I20180906-0745
java.version=1.8.0_191
java.vendor=Oracle Corporation
BootLoader constants: OS=win32, ARCH=x86_64, WS=win32, NL=en_US
Framework arguments:  -product org.eclipse.epp.package.java.product -product org.eclipse.epp.package.java.product -product org.eclipse.epp.package.java.product
Command-line arguments:  -os win32 -ws win32 -arch x86_64 -product org.eclipse.epp.package.java.product -product org.eclipse.epp.package.java.product -data C:/Users/PC/Documents/GitHub/Selenium -product org.eclipse.epp.package.java.product

!ENTRY org.eclipse.egit.ui 2 0 2018-12-26 08:40:33.365
!MESSAGE Warning: The environment variable HOME is not set. The following directory will be used to store the Git
user global configuration and to define the default location to store repositories: 'C:\Users\PC'. If this is
not correct please set the HOME environment variable and restart Eclipse. Otherwise Git for Windows and
EGit might behave differently since they see different configuration options.
This warning can be switched off on the Team > Git > Confirmations and Warnings preference page.

!ENTRY org.eclipse.m2e.logback.appender 2 0 2018-12-26 09:01:07.593
!MESSAGE The POM for junit:junit:jar:4.1.2 is missing, no dependency information available

!ENTRY org.eclipse.m2e.logback.appender 2 0 2018-12-26 09:01:09.040
!MESSAGE The POM for junit:junit:jar:4.1.2 is missing, no dependency information available

!ENTRY org.eclipse.m2e.logback.appender 4 0 2018-12-26 09:01:09.575
!MESSAGE Could not download sources for junit:junit:4.1.2
!STACK 1
org.eclipse.core.runtime.CoreException: Could not resolve artifact junit:junit:jar:sources:4.1.2
	at org.eclipse.m2e.core.internal.embedder.MavenImpl$5.call(MavenImpl.java:776)
	at org.eclipse.m2e.core.internal.embedder.MavenImpl$5.call(MavenImpl.java:1)
	at org.eclipse.m2e.core.internal.embedder.MavenExecutionContext.executeBare(MavenExecutionContext.java:177)
	at org.eclipse.m2e.core.internal.embedder.MavenExecutionContext.execute(MavenExecutionContext.java:112)
	at org.eclipse.m2e.core.internal.embedder.MavenExecutionContext.execute(MavenExecutionContext.java:99)
	at org.eclipse.m2e.core.internal.embedder.MavenImpl.resolve(MavenImpl.java:743)
	at org.eclipse.m2e.core.internal.embedder.MavenImpl.resolve(MavenImpl.java:720)
	at org.eclipse.m2e.jdt.internal.DownloadSourcesJob.download(DownloadSourcesJob.java:279)
	at org.eclipse.m2e.jdt.internal.DownloadSourcesJob.downloadAttachments(DownloadSourcesJob.java:254)
	at org.eclipse.m2e.jdt.internal.DownloadSourcesJob.downloadMaven(DownloadSourcesJob.java:221)
	at org.eclipse.m2e.jdt.internal.DownloadSourcesJob.run(DownloadSourcesJob.java:161)
	at org.eclipse.m2e.jdt.internal.DownloadSourcesJob$1.call(DownloadSourcesJob.java:137)
	at org.eclipse.m2e.jdt.internal.DownloadSourcesJob$1.call(DownloadSourcesJob.java:1)
	at org.eclipse.m2e.core.internal.embedder.MavenExecutionContext.executeBare(MavenExecutionContext.java:177)
	at org.eclipse.m2e.core.internal.embedder.MavenExecutionContext.execute(MavenExecutionContext.java:151)
	at org.eclipse.m2e.core.internal.embedder.MavenExecutionContext.execute(MavenExecutionContext.java:99)
	at org.eclipse.m2e.core.internal.embedder.MavenImpl.execute(MavenImpl.java:1355)
	at org.eclipse.m2e.jdt.internal.DownloadSourcesJob.run(DownloadSourcesJob.java:135)
	at org.eclipse.core.internal.jobs.Worker.run(Worker.java:63)
Contains: Missing junit:junit:jar:sources:4.1.2
!SUBENTRY 1 org.eclipse.m2e.core 4 -1 2018-12-26 09:01:09.576
!MESSAGE Could not resolve artifact junit:junit:jar:sources:4.1.2
!SUBENTRY 2 org.eclipse.m2e.core 4 -1 2018-12-26 09:01:09.576
!MESSAGE Missing junit:junit:jar:sources:4.1.2

!ENTRY org.eclipse.m2e.logback.appender 2 0 2018-12-26 09:01:55.383
!MESSAGE The POM for junit:junit:jar:4.1.2 is missing, no dependency information available

!ENTRY org.eclipse.m2e.logback.appender 2 0 2018-12-26 09:01:56.513
!MESSAGE The POM for junit:junit:jar:4.1.2 is missing, no dependency information available

!ENTRY org.eclipse.m2e.logback.appender 4 0 2018-12-26 09:01:56.823
!MESSAGE Could not download javadoc for junit:junit:4.1.2
!STACK 1
org.eclipse.core.runtime.CoreException: Could not resolve artifact junit:junit:jar:javadoc:4.1.2
	at org.eclipse.m2e.core.internal.embedder.MavenImpl$5.call(MavenImpl.java:776)
	at org.eclipse.m2e.core.internal.embedder.MavenImpl$5.call(MavenImpl.java:1)
	at org.eclipse.m2e.core.internal.embedder.MavenExecutionContext.executeBare(MavenExecutionContext.java:177)
	at org.eclipse.m2e.core.internal.embedder.MavenExecutionContext.execute(MavenExecutionContext.java:112)
	at org.eclipse.m2e.core.internal.embedder.MavenExecutionContext.execute(MavenExecutionContext.java:99)
	at org.eclipse.m2e.core.internal.embedder.MavenImpl.resolve(MavenImpl.java:743)
	at org.eclipse.m2e.core.internal.embedder.MavenImpl.resolve(MavenImpl.java:720)
	at org.eclipse.m2e.jdt.internal.DownloadSourcesJob.download(DownloadSourcesJob.java:279)
	at org.eclipse.m2e.jdt.internal.DownloadSourcesJob.downloadAttachments(DownloadSourcesJob.java:265)
	at org.eclipse.m2e.jdt.internal.DownloadSourcesJob.downloadMaven(DownloadSourcesJob.java:221)
	at org.eclipse.m2e.jdt.internal.DownloadSourcesJob.run(DownloadSourcesJob.java:161)
	at org.eclipse.m2e.jdt.internal.DownloadSourcesJob$1.call(DownloadSourcesJob.java:137)
	at org.eclipse.m2e.jdt.internal.DownloadSourcesJob$1.call(DownloadSourcesJob.java:1)
	at org.eclipse.m2e.core.internal.embedder.MavenExecutionContext.executeBare(MavenExecutionContext.java:177)
	at org.eclipse.m2e.core.internal.embedder.MavenExecutionContext.execute(MavenExecutionContext.java:151)
	at org.eclipse.m2e.core.internal.embedder.MavenExecutionContext.execute(MavenExecutionContext.java:99)
	at org.eclipse.m2e.core.internal.embedder.MavenImpl.execute(MavenImpl.java:1355)
	at org.eclipse.m2e.jdt.internal.DownloadSourcesJob.run(DownloadSourcesJob.java:135)
	at org.eclipse.core.internal.jobs.Worker.run(Worker.java:63)
Contains: Missing junit:junit:jar:javadoc:4.1.2
!SUBENTRY 1 org.eclipse.m2e.core 4 -1 2018-12-26 09:01:56.823
!MESSAGE Could not resolve artifact junit:junit:jar:javadoc:4.1.2
!SUBENTRY 2 org.eclipse.m2e.core 4 -1 2018-12-26 09:01:56.823
!MESSAGE Missing junit:junit:jar:javadoc:4.1.2

!ENTRY org.eclipse.ui 4 0 2018-12-26 09:47:11.571
!MESSAGE The proxied handler for 'org.agileware.natural.cucumber.ui.CucumberExecutableExtensionFactory:org.eclipse.xtext.ui.refactoring.ui.IRenameElementHandler' could not be loaded
!STACK 1
org.eclipse.core.runtime.CoreException: Guice configuration errors:

1) No implementation for org.eclipse.xtext.ui.refactoring.IReferenceUpdater was bound.
  while locating org.eclipse.xtext.ui.refactoring.IReferenceUpdater
    for field at org.eclipse.xtext.ui.refactoring.ui.DefaultLinkedPositionGroupCalculator.referenceUpdater(Unknown Source)
  while locating org.eclipse.xtext.ui.refactoring.ILinkedPositionGroupCalculator
    for field at org.eclipse.xtext.ui.refactoring.ui.RenameRefactoringController.linkedPositionGroupCalculator(Unknown Source)
  while locating org.eclipse.xtext.ui.refactoring.ui.RenameRefactoringController
    for field at org.eclipse.xtext.ui.refactoring.ui.DefaultRenameElementHandler.renameRefactoringController(Unknown Source)
  while locating org.eclipse.xtext.ui.refactoring.ui.IRenameElementHandler

2) No implementation for org.eclipse.xtext.ui.refactoring.ui.IRenameSupport$Factory was bound.
  while locating org.eclipse.xtext.ui.refactoring.ui.IRenameSupport$Factory
    for field at org.eclipse.xtext.ui.refactoring.ui.RenameRefactoringController.renameSupportFactory(Unknown Source)
  while locating org.eclipse.xtext.ui.refactoring.ui.RenameRefactoringController
    for field at org.eclipse.xtext.ui.refactoring.ui.DefaultRenameElementHandler.renameRefactoringController(Unknown Source)
  while locating org.eclipse.xtext.ui.refactoring.ui.IRenameElementHandler

2 errors (occurred in org.agileware.natural.cucumber.ui.CucumberExecutableExtensionFactory)
	at org.eclipse.xtext.ui.guice.AbstractGuiceAwareExecutableExtensionFactory.handleCreationError(AbstractGuiceAwareExecutableExtensionFactory.java:96)
	at org.eclipse.xtext.ui.guice.AbstractGuiceAwareExecutableExtensionFactory.create(AbstractGuiceAwareExecutableExtensionFactory.java:64)
	at org.eclipse.core.internal.registry.ConfigurationElement.createExecutableExtension(ConfigurationElement.java:265)
	at org.eclipse.core.internal.registry.ConfigurationElementHandle.createExecutableExtension(ConfigurationElementHandle.java:63)
	at org.eclipse.ui.internal.handlers.HandlerProxy.loadHandler(HandlerProxy.java:355)
	at org.eclipse.ui.internal.handlers.HandlerProxy.setEnabled(HandlerProxy.java:234)
	at org.eclipse.ui.internal.handlers.E4HandlerProxy.setEnabled(E4HandlerProxy.java:134)
	at sun.reflect.GeneratedMethodAccessor5.invoke(Unknown Source)
	at sun.reflect.DelegatingMethodAccessorImpl.invoke(Unknown Source)
	at java.lang.reflect.Method.invoke(Unknown Source)
	at org.eclipse.e4.core.internal.di.MethodRequestor.execute(MethodRequestor.java:58)
	at org.eclipse.e4.core.internal.di.InjectorImpl.invokeUsingClass(InjectorImpl.java:320)
	at org.eclipse.e4.core.internal.di.InjectorImpl.invoke(InjectorImpl.java:254)
	at org.eclipse.e4.core.contexts.ContextInjectionFactory.invoke(ContextInjectionFactory.java:164)
	at org.eclipse.e4.core.commands.internal.HandlerServiceHandler.setEnabled(HandlerServiceHandler.java:84)
	at org.eclipse.core.commands.Command.setEnabled(Command.java:865)
	at org.eclipse.e4.core.commands.internal.HandlerServiceImpl.canExecute(HandlerServiceImpl.java:179)
	at org.eclipse.e4.ui.workbench.renderers.swt.MenuManagerRendererFilter.updateElementVisibility(MenuManagerRendererFilter.java:223)
	at org.eclipse.e4.ui.workbench.renderers.swt.MenuManagerShowProcessor.showMenu(MenuManagerShowProcessor.java:258)
	at org.eclipse.e4.ui.workbench.renderers.swt.MenuManagerShowProcessor.menuAboutToHide(MenuManagerShowProcessor.java:115)
	at org.eclipse.jface.internal.MenuManagerEventHelper.showEventPostHelper(MenuManagerEventHelper.java:95)
	at org.eclipse.jface.action.MenuManager.handleAboutToShow(MenuManager.java:474)
	at org.eclipse.jface.action.MenuManager.access$1(MenuManager.java:468)
	at org.eclipse.jface.action.MenuManager$2.menuShown(MenuManager.java:500)
	at org.eclipse.swt.widgets.TypedListener.handleEvent(TypedListener.java:259)
	at org.eclipse.swt.widgets.EventTable.sendEvent(EventTable.java:89)
	at org.eclipse.swt.widgets.Display.sendEvent(Display.java:4145)
	at org.eclipse.swt.widgets.Widget.sendEvent(Widget.java:1055)
	at org.eclipse.swt.widgets.Widget.sendEvent(Widget.java:1079)
	at org.eclipse.swt.widgets.Widget.sendEvent(Widget.java:1060)
	at org.eclipse.swt.widgets.Control.WM_INITMENUPOPUP(Control.java:5148)
	at org.eclipse.swt.widgets.Control.windowProc(Control.java:4797)
	at org.eclipse.swt.widgets.Canvas.windowProc(Canvas.java:348)
	at org.eclipse.swt.widgets.Decorations.windowProc(Decorations.java:1502)
	at org.eclipse.swt.widgets.Shell.windowProc(Shell.java:2162)
	at org.eclipse.swt.widgets.Display.windowProc(Display.java:4784)
	at org.eclipse.swt.internal.win32.OS.TrackPopupMenu(Native Method)
	at org.eclipse.swt.widgets.Menu._setVisible(Menu.java:253)
	at org.eclipse.swt.widgets.Display.runPopups(Display.java:3999)
	at org.eclipse.swt.widgets.Display.readAndDispatch(Display.java:3555)
	at org.eclipse.e4.ui.internal.workbench.swt.PartRenderingEngine$5.run(PartRenderingEngine.java:1173)
	at org.eclipse.core.databinding.observable.Realm.runWithDefault(Realm.java:339)
	at org.eclipse.e4.ui.internal.workbench.swt.PartRenderingEngine.run(PartRenderingEngine.java:1062)
	at org.eclipse.e4.ui.internal.workbench.E4Workbench.createAndRunUI(E4Workbench.java:156)
	at org.eclipse.ui.internal.Workbench.lambda$3(Workbench.java:628)
	at org.eclipse.core.databinding.observable.Realm.runWithDefault(Realm.java:339)
	at org.eclipse.ui.internal.Workbench.createAndRunWorkbench(Workbench.java:563)
	at org.eclipse.ui.PlatformUI.createAndRunWorkbench(PlatformUI.java:151)
	at org.eclipse.ui.internal.ide.application.IDEApplication.start(IDEApplication.java:155)
	at org.eclipse.equinox.internal.app.EclipseAppHandle.run(EclipseAppHandle.java:199)
	at org.eclipse.core.runtime.internal.adaptor.EclipseAppLauncher.runApplication(EclipseAppLauncher.java:137)
	at org.eclipse.core.runtime.internal.adaptor.EclipseAppLauncher.start(EclipseAppLauncher.java:107)
	at org.eclipse.core.runtime.adaptor.EclipseStarter.run(EclipseStarter.java:391)
	at org.eclipse.core.runtime.adaptor.EclipseStarter.run(EclipseStarter.java:246)
	at sun.reflect.NativeMethodAccessorImpl.invoke0(Native Method)
	at sun.reflect.NativeMethodAccessorImpl.invoke(Unknown Source)
	at sun.reflect.DelegatingMethodAccessorImpl.invoke(Unknown Source)
	at java.lang.reflect.Method.invoke(Unknown Source)
	at org.eclipse.equinox.launcher.Main.invokeFramework(Main.java:659)
	at org.eclipse.equinox.launcher.Main.basicRun(Main.java:595)
	at org.eclipse.equinox.launcher.Main.run(Main.java:1501)
Caused by: com.google.inject.ConfigurationException: Guice configuration errors:

1) No implementation for org.eclipse.xtext.ui.refactoring.IReferenceUpdater was bound.
  while locating org.eclipse.xtext.ui.refactoring.IReferenceUpdater
    for field at org.eclipse.xtext.ui.refactoring.ui.DefaultLinkedPositionGroupCalculator.referenceUpdater(Unknown Source)
  while locating org.eclipse.xtext.ui.refactoring.ILinkedPositionGroupCalculator
    for field at org.eclipse.xtext.ui.refactoring.ui.RenameRefactoringController.linkedPositionGroupCalculator(Unknown Source)
  while locating org.eclipse.xtext.ui.refactoring.ui.RenameRefactoringController
    for field at org.eclipse.xtext.ui.refactoring.ui.DefaultRenameElementHandler.renameRefactoringController(Unknown Source)
  while locating org.eclipse.xtext.ui.refactoring.ui.IRenameElementHandler

2) No implementation for org.eclipse.xtext.ui.refactoring.ui.IRenameSupport$Factory was bound.
  while locating org.eclipse.xtext.ui.refactoring.ui.IRenameSupport$Factory
    for field at org.eclipse.xtext.ui.refactoring.ui.RenameRefactoringController.renameSupportFactory(Unknown Source)
  while locating org.eclipse.xtext.ui.refactoring.ui.RenameRefactoringController
    for field at org.eclipse.xtext.ui.refactoring.ui.DefaultRenameElementHandler.renameRefactoringController(Unknown Source)
  while locating org.eclipse.xtext.ui.refactoring.ui.IRenameElementHandler

2 errors
	at com.google.inject.internal.InjectorImpl.getProvider(InjectorImpl.java:1004)
	at com.google.inject.internal.InjectorImpl.getProvider(InjectorImpl.java:961)
	at com.google.inject.internal.InjectorImpl.getInstance(InjectorImpl.java:1013)
	at org.eclipse.xtext.ui.guice.AbstractGuiceAwareExecutableExtensionFactory.create(AbstractGuiceAwareExecutableExtensionFactory.java:57)
	... 59 more
!SUBENTRY 1 org.agileware.natural.cucumber.ui 4 0 2018-12-26 09:47:11.572
!MESSAGE Guice configuration errors:

1) No implementation for org.eclipse.xtext.ui.refactoring.IReferenceUpdater was bound.
  while locating org.eclipse.xtext.ui.refactoring.IReferenceUpdater
    for field at org.eclipse.xtext.ui.refactoring.ui.DefaultLinkedPositionGroupCalculator.referenceUpdater(Unknown Source)
  while locating org.eclipse.xtext.ui.refactoring.ILinkedPositionGroupCalculator
    for field at org.eclipse.xtext.ui.refactoring.ui.RenameRefactoringController.linkedPositionGroupCalculator(Unknown Source)
  while locating org.eclipse.xtext.ui.refactoring.ui.RenameRefactoringController
    for field at org.eclipse.xtext.ui.refactoring.ui.DefaultRenameElementHandler.renameRefactoringController(Unknown Source)
  while locating org.eclipse.xtext.ui.refactoring.ui.IRenameElementHandler

2) No implementation for org.eclipse.xtext.ui.refactoring.ui.IRenameSupport$Factory was bound.
  while locating org.eclipse.xtext.ui.refactoring.ui.IRenameSupport$Factory
    for field at org.eclipse.xtext.ui.refactoring.ui.RenameRefactoringController.renameSupportFactory(Unknown Source)
  while locating org.eclipse.xtext.ui.refactoring.ui.RenameRefactoringController
    for field at org.eclipse.xtext.ui.refactoring.ui.DefaultRenameElementHandler.renameRefactoringController(Unknown Source)
  while locating org.eclipse.xtext.ui.refactoring.ui.IRenameElementHandler

2 errors (occurred in org.agileware.natural.cucumber.ui.CucumberExecutableExtensionFactory)
!STACK 0
com.google.inject.ConfigurationException: Guice configuration errors:

1) No implementation for org.eclipse.xtext.ui.refactoring.IReferenceUpdater was bound.
  while locating org.eclipse.xtext.ui.refactoring.IReferenceUpdater
    for field at org.eclipse.xtext.ui.refactoring.ui.DefaultLinkedPositionGroupCalculator.referenceUpdater(Unknown Source)
  while locating org.eclipse.xtext.ui.refactoring.ILinkedPositionGroupCalculator
    for field at org.eclipse.xtext.ui.refactoring.ui.RenameRefactoringController.linkedPositionGroupCalculator(Unknown Source)
  while locating org.eclipse.xtext.ui.refactoring.ui.RenameRefactoringController
    for field at org.eclipse.xtext.ui.refactoring.ui.DefaultRenameElementHandler.renameRefactoringController(Unknown Source)
  while locating org.eclipse.xtext.ui.refactoring.ui.IRenameElementHandler

2) No implementation for org.eclipse.xtext.ui.refactoring.ui.IRenameSupport$Factory was bound.
  while locating org.eclipse.xtext.ui.refactoring.ui.IRenameSupport$Factory
    for field at org.eclipse.xtext.ui.refactoring.ui.RenameRefactoringController.renameSupportFactory(Unknown Source)
  while locating org.eclipse.xtext.ui.refactoring.ui.RenameRefactoringController
    for field at org.eclipse.xtext.ui.refactoring.ui.DefaultRenameElementHandler.renameRefactoringController(Unknown Source)
  while locating org.eclipse.xtext.ui.refactoring.ui.IRenameElementHandler

2 errors
	at com.google.inject.internal.InjectorImpl.getProvider(InjectorImpl.java:1004)
	at com.google.inject.internal.InjectorImpl.getProvider(InjectorImpl.java:961)
	at com.google.inject.internal.InjectorImpl.getInstance(InjectorImpl.java:1013)
	at org.eclipse.xtext.ui.guice.AbstractGuiceAwareExecutableExtensionFactory.create(AbstractGuiceAwareExecutableExtensionFactory.java:57)
	at org.eclipse.core.internal.registry.ConfigurationElement.createExecutableExtension(ConfigurationElement.java:265)
	at org.eclipse.core.internal.registry.ConfigurationElementHandle.createExecutableExtension(ConfigurationElementHandle.java:63)
	at org.eclipse.ui.internal.handlers.HandlerProxy.loadHandler(HandlerProxy.java:355)
	at org.eclipse.ui.internal.handlers.HandlerProxy.setEnabled(HandlerProxy.java:234)
	at org.eclipse.ui.internal.handlers.E4HandlerProxy.setEnabled(E4HandlerProxy.java:134)
	at sun.reflect.GeneratedMethodAccessor5.invoke(Unknown Source)
	at sun.reflect.DelegatingMethodAccessorImpl.invoke(Unknown Source)
	at java.lang.reflect.Method.invoke(Unknown Source)
	at org.eclipse.e4.core.internal.di.MethodRequestor.execute(MethodRequestor.java:58)
	at org.eclipse.e4.core.internal.di.InjectorImpl.invokeUsingClass(InjectorImpl.java:320)
	at org.eclipse.e4.core.internal.di.InjectorImpl.invoke(InjectorImpl.java:254)
	at org.eclipse.e4.core.contexts.ContextInjectionFactory.invoke(ContextInjectionFactory.java:164)
	at org.eclipse.e4.core.commands.internal.HandlerServiceHandler.setEnabled(HandlerServiceHandler.java:84)
	at org.eclipse.core.commands.Command.setEnabled(Command.java:865)
	at org.eclipse.e4.core.commands.internal.HandlerServiceImpl.canExecute(HandlerServiceImpl.java:179)
	at org.eclipse.e4.ui.workbench.renderers.swt.MenuManagerRendererFilter.updateElementVisibility(MenuManagerRendererFilter.java:223)
	at org.eclipse.e4.ui.workbench.renderers.swt.MenuManagerShowProcessor.showMenu(MenuManagerShowProcessor.java:258)
	at org.eclipse.e4.ui.workbench.renderers.swt.MenuManagerShowProcessor.menuAboutToHide(MenuManagerShowProcessor.java:115)
	at org.eclipse.jface.internal.MenuManagerEventHelper.showEventPostHelper(MenuManagerEventHelper.java:95)
	at org.eclipse.jface.action.MenuManager.handleAboutToShow(MenuManager.java:474)
	at org.eclipse.jface.action.MenuManager.access$1(MenuManager.java:468)
	at org.eclipse.jface.action.MenuManager$2.menuShown(MenuManager.java:500)
	at org.eclipse.swt.widgets.TypedListener.handleEvent(TypedListener.java:259)
	at org.eclipse.swt.widgets.EventTable.sendEvent(EventTable.java:89)
	at org.eclipse.swt.widgets.Display.sendEvent(Display.java:4145)
	at org.eclipse.swt.widgets.Widget.sendEvent(Widget.java:1055)
	at org.eclipse.swt.widgets.Widget.sendEvent(Widget.java:1079)
	at org.eclipse.swt.widgets.Widget.sendEvent(Widget.java:1060)
	at org.eclipse.swt.widgets.Control.WM_INITMENUPOPUP(Control.java:5148)
	at org.eclipse.swt.widgets.Control.windowProc(Control.java:4797)
	at org.eclipse.swt.widgets.Canvas.windowProc(Canvas.java:348)
	at org.eclipse.swt.widgets.Decorations.windowProc(Decorations.java:1502)
	at org.eclipse.swt.widgets.Shell.windowProc(Shell.java:2162)
	at org.eclipse.swt.widgets.Display.windowProc(Display.java:4784)
	at org.eclipse.swt.internal.win32.OS.TrackPopupMenu(Native Method)
	at org.eclipse.swt.widgets.Menu._setVisible(Menu.java:253)
	at org.eclipse.swt.widgets.Display.runPopups(Display.java:3999)
	at org.eclipse.swt.widgets.Display.readAndDispatch(Display.java:3555)
	at org.eclipse.e4.ui.internal.workbench.swt.PartRenderingEngine$5.run(PartRenderingEngine.java:1173)
	at org.eclipse.core.databinding.observable.Realm.runWithDefault(Realm.java:339)
	at org.eclipse.e4.ui.internal.workbench.swt.PartRenderingEngine.run(PartRenderingEngine.java:1062)
	at org.eclipse.e4.ui.internal.workbench.E4Workbench.createAndRunUI(E4Workbench.java:156)
	at org.eclipse.ui.internal.Workbench.lambda$3(Workbench.java:628)
	at org.eclipse.core.databinding.observable.Realm.runWithDefault(Realm.java:339)
	at org.eclipse.ui.internal.Workbench.createAndRunWorkbench(Workbench.java:563)
	at org.eclipse.ui.PlatformUI.createAndRunWorkbench(PlatformUI.java:151)
	at org.eclipse.ui.internal.ide.application.IDEApplication.start(IDEApplication.java:155)
	at org.eclipse.equinox.internal.app.EclipseAppHandle.run(EclipseAppHandle.java:199)
	at org.eclipse.core.runtime.internal.adaptor.EclipseAppLauncher.runApplication(EclipseAppLauncher.java:137)
	at org.eclipse.core.runtime.internal.adaptor.EclipseAppLauncher.start(EclipseAppLauncher.java:107)
	at org.eclipse.core.runtime.adaptor.EclipseStarter.run(EclipseStarter.java:391)
	at org.eclipse.core.runtime.adaptor.EclipseStarter.run(EclipseStarter.java:246)
	at sun.reflect.NativeMethodAccessorImpl.invoke0(Native Method)
	at sun.reflect.NativeMethodAccessorImpl.invoke(Unknown Source)
	at sun.reflect.DelegatingMethodAccessorImpl.invoke(Unknown Source)
	at java.lang.reflect.Method.invoke(Unknown Source)
	at org.eclipse.equinox.launcher.Main.invokeFramework(Main.java:659)
	at org.eclipse.equinox.launcher.Main.basicRun(Main.java:595)
	at org.eclipse.equinox.launcher.Main.run(Main.java:1501)

!ENTRY org.eclipse.jdt.junit.core 4 4 2018-12-26 10:31:35.761
!MESSAGE Error
!STACK 0
java.lang.Exception: Unexpected TestElement type for testId '3': TestSuite: Scenario: Home page default login : Not Started - Undefined (4)
	at org.eclipse.jdt.internal.junit.model.TestRunSession$TestSessionNotifier.logUnexpectedTest(TestRunSession.java:807)
	at org.eclipse.jdt.internal.junit.model.TestRunSession$TestSessionNotifier.testStarted(TestRunSession.java:714)
	at org.eclipse.jdt.internal.junit.model.RemoteTestRunnerClient$5.run(RemoteTestRunnerClient.java:541)
	at org.eclipse.core.runtime.SafeRunner.run(SafeRunner.java:45)
	at org.eclipse.jdt.internal.junit.model.RemoteTestRunnerClient.notifyTestStarted(RemoteTestRunnerClient.java:537)
	at org.eclipse.jdt.internal.junit.model.RemoteTestRunnerClient.access$6(RemoteTestRunnerClient.java:532)
	at org.eclipse.jdt.internal.junit.model.RemoteTestRunnerClient$DefaultProcessingState.readMessage(RemoteTestRunnerClient.java:92)
	at org.eclipse.jdt.internal.junit.model.RemoteTestRunnerClient.receiveMessage(RemoteTestRunnerClient.java:376)
	at org.eclipse.jdt.internal.junit.model.RemoteTestRunnerClient.access$27(RemoteTestRunnerClient.java:375)
	at org.eclipse.jdt.internal.junit.model.RemoteTestRunnerClient$ServerConnection.run(RemoteTestRunnerClient.java:273)

!ENTRY org.eclipse.jdt.junit.core 4 4 2018-12-26 10:31:35.810
!MESSAGE Error
!STACK 0
java.lang.Exception: Unexpected TestElement type for testId '3': TestSuite: Scenario: Home page default login : Completed - OK (4)
	at org.eclipse.jdt.internal.junit.model.TestRunSession$TestSessionNotifier.logUnexpectedTest(TestRunSession.java:807)
	at org.eclipse.jdt.internal.junit.model.TestRunSession$TestSessionNotifier.testStarted(TestRunSession.java:714)
	at org.eclipse.jdt.internal.junit.model.RemoteTestRunnerClient$5.run(RemoteTestRunnerClient.java:541)
	at org.eclipse.core.runtime.SafeRunner.run(SafeRunner.java:45)
	at org.eclipse.jdt.internal.junit.model.RemoteTestRunnerClient.notifyTestStarted(RemoteTestRunnerClient.java:537)
	at org.eclipse.jdt.internal.junit.model.RemoteTestRunnerClient.access$6(RemoteTestRunnerClient.java:532)
	at org.eclipse.jdt.internal.junit.model.RemoteTestRunnerClient$DefaultProcessingState.readMessage(RemoteTestRunnerClient.java:92)
	at org.eclipse.jdt.internal.junit.model.RemoteTestRunnerClient.receiveMessage(RemoteTestRunnerClient.java:376)
	at org.eclipse.jdt.internal.junit.model.RemoteTestRunnerClient.access$27(RemoteTestRunnerClient.java:375)
	at org.eclipse.jdt.internal.junit.model.RemoteTestRunnerClient$ServerConnection.run(RemoteTestRunnerClient.java:273)

!ENTRY org.eclipse.jdt.junit.core 4 4 2018-12-26 10:31:35.842
!MESSAGE Error
!STACK 0
java.lang.Exception: Unexpected TestElement type for testId '3': TestSuite: Scenario: Home page default login : Completed - OK (4)
	at org.eclipse.jdt.internal.junit.model.TestRunSession$TestSessionNotifier.logUnexpectedTest(TestRunSession.java:807)
	at org.eclipse.jdt.internal.junit.model.TestRunSession$TestSessionNotifier.testEnded(TestRunSession.java:744)
	at org.eclipse.jdt.internal.junit.model.RemoteTestRunnerClient$4.run(RemoteTestRunnerClient.java:526)
	at org.eclipse.core.runtime.SafeRunner.run(SafeRunner.java:45)
	at org.eclipse.jdt.internal.junit.model.RemoteTestRunnerClient.notifyTestEnded(RemoteTestRunnerClient.java:522)
	at org.eclipse.jdt.internal.junit.model.RemoteTestRunnerClient.access$7(RemoteTestRunnerClient.java:517)
	at org.eclipse.jdt.internal.junit.model.RemoteTestRunnerClient$DefaultProcessingState.readMessage(RemoteTestRunnerClient.java:96)
	at org.eclipse.jdt.internal.junit.model.RemoteTestRunnerClient.receiveMessage(RemoteTestRunnerClient.java:376)
	at org.eclipse.jdt.internal.junit.model.RemoteTestRunnerClient.access$27(RemoteTestRunnerClient.java:375)
	at org.eclipse.jdt.internal.junit.model.RemoteTestRunnerClient$ServerConnection.run(RemoteTestRunnerClient.java:273)

!ENTRY org.eclipse.jdt.junit.core 4 4 2018-12-26 10:32:32.456
!MESSAGE Error
!STACK 0
java.lang.Exception: Unexpected TestElement type for testId '3': TestSuite: Scenario: Home page default login : Not Started - Undefined (4)
	at org.eclipse.jdt.internal.junit.model.TestRunSession$TestSessionNotifier.logUnexpectedTest(TestRunSession.java:807)
	at org.eclipse.jdt.internal.junit.model.TestRunSession$TestSessionNotifier.testStarted(TestRunSession.java:714)
	at org.eclipse.jdt.internal.junit.model.RemoteTestRunnerClient$5.run(RemoteTestRunnerClient.java:541)
	at org.eclipse.core.runtime.SafeRunner.run(SafeRunner.java:45)
	at org.eclipse.jdt.internal.junit.model.RemoteTestRunnerClient.notifyTestStarted(RemoteTestRunnerClient.java:537)
	at org.eclipse.jdt.internal.junit.model.RemoteTestRunnerClient.access$6(RemoteTestRunnerClient.java:532)
	at org.eclipse.jdt.internal.junit.model.RemoteTestRunnerClient$DefaultProcessingState.readMessage(RemoteTestRunnerClient.java:92)
	at org.eclipse.jdt.internal.junit.model.RemoteTestRunnerClient.receiveMessage(RemoteTestRunnerClient.java:376)
	at org.eclipse.jdt.internal.junit.model.RemoteTestRunnerClient.access$27(RemoteTestRunnerClient.java:375)
	at org.eclipse.jdt.internal.junit.model.RemoteTestRunnerClient$ServerConnection.run(RemoteTestRunnerClient.java:273)

!ENTRY org.eclipse.jdt.junit.core 4 4 2018-12-26 10:32:32.467
!MESSAGE Error
!STACK 0
java.lang.Exception: Unexpected TestElement type for testId '3': TestSuite: Scenario: Home page default login : Completed - OK (4)
	at org.eclipse.jdt.internal.junit.model.TestRunSession$TestSessionNotifier.logUnexpectedTest(TestRunSession.java:807)
	at org.eclipse.jdt.internal.junit.model.TestRunSession$TestSessionNotifier.testStarted(TestRunSession.java:714)
	at org.eclipse.jdt.internal.junit.model.RemoteTestRunnerClient$5.run(RemoteTestRunnerClient.java:541)
	at org.eclipse.core.runtime.SafeRunner.run(SafeRunner.java:45)
	at org.eclipse.jdt.internal.junit.model.RemoteTestRunnerClient.notifyTestStarted(RemoteTestRunnerClient.java:537)
	at org.eclipse.jdt.internal.junit.model.RemoteTestRunnerClient.access$6(RemoteTestRunnerClient.java:532)
	at org.eclipse.jdt.internal.junit.model.RemoteTestRunnerClient$DefaultProcessingState.readMessage(RemoteTestRunnerClient.java:92)
	at org.eclipse.jdt.internal.junit.model.RemoteTestRunnerClient.receiveMessage(RemoteTestRunnerClient.java:376)
	at org.eclipse.jdt.internal.junit.model.RemoteTestRunnerClient.access$27(RemoteTestRunnerClient.java:375)
	at org.eclipse.jdt.internal.junit.model.RemoteTestRunnerClient$ServerConnection.run(RemoteTestRunnerClient.java:273)

!ENTRY org.eclipse.jdt.junit.core 4 4 2018-12-26 10:32:32.482
!MESSAGE Error
!STACK 0
java.lang.Exception: Unexpected TestElement type for testId '3': TestSuite: Scenario: Home page default login : Completed - OK (4)
	at org.eclipse.jdt.internal.junit.model.TestRunSession$TestSessionNotifier.logUnexpectedTest(TestRunSession.java:807)
	at org.eclipse.jdt.internal.junit.model.TestRunSession$TestSessionNotifier.testEnded(TestRunSession.java:744)
	at org.eclipse.jdt.internal.junit.model.RemoteTestRunnerClient$4.run(RemoteTestRunnerClient.java:526)
	at org.eclipse.core.runtime.SafeRunner.run(SafeRunner.java:45)
	at org.eclipse.jdt.internal.junit.model.RemoteTestRunnerClient.notifyTestEnded(RemoteTestRunnerClient.java:522)
	at org.eclipse.jdt.internal.junit.model.RemoteTestRunnerClient.access$7(RemoteTestRunnerClient.java:517)
	at org.eclipse.jdt.internal.junit.model.RemoteTestRunnerClient$DefaultProcessingState.readMessage(RemoteTestRunnerClient.java:96)
	at org.eclipse.jdt.internal.junit.model.RemoteTestRunnerClient.receiveMessage(RemoteTestRunnerClient.java:376)
	at org.eclipse.jdt.internal.junit.model.RemoteTestRunnerClient.access$27(RemoteTestRunnerClient.java:375)
	at org.eclipse.jdt.internal.junit.model.RemoteTestRunnerClient$ServerConnection.run(RemoteTestRunnerClient.java:273)

!ENTRY org.eclipse.jdt.junit.core 4 4 2018-12-26 10:33:32.801
!MESSAGE Error
!STACK 0
java.lang.Exception: Unexpected TestElement type for testId '3': TestSuite: Scenario: Home page default login : Not Started - Undefined (4)
	at org.eclipse.jdt.internal.junit.model.TestRunSession$TestSessionNotifier.logUnexpectedTest(TestRunSession.java:807)
	at org.eclipse.jdt.internal.junit.model.TestRunSession$TestSessionNotifier.testStarted(TestRunSession.java:714)
	at org.eclipse.jdt.internal.junit.model.RemoteTestRunnerClient$5.run(RemoteTestRunnerClient.java:541)
	at org.eclipse.core.runtime.SafeRunner.run(SafeRunner.java:45)
	at org.eclipse.jdt.internal.junit.model.RemoteTestRunnerClient.notifyTestStarted(RemoteTestRunnerClient.java:537)
	at org.eclipse.jdt.internal.junit.model.RemoteTestRunnerClient.access$6(RemoteTestRunnerClient.java:532)
	at org.eclipse.jdt.internal.junit.model.RemoteTestRunnerClient$DefaultProcessingState.readMessage(RemoteTestRunnerClient.java:92)
	at org.eclipse.jdt.internal.junit.model.RemoteTestRunnerClient.receiveMessage(RemoteTestRunnerClient.java:376)
	at org.eclipse.jdt.internal.junit.model.RemoteTestRunnerClient.access$27(RemoteTestRunnerClient.java:375)
	at org.eclipse.jdt.internal.junit.model.RemoteTestRunnerClient$ServerConnection.run(RemoteTestRunnerClient.java:273)

!ENTRY org.eclipse.jdt.junit.core 4 4 2018-12-26 10:33:32.814
!MESSAGE Error
!STACK 0
java.lang.Exception: Unexpected TestElement type for testId '3': TestSuite: Scenario: Home page default login : Completed - OK (4)
	at org.eclipse.jdt.internal.junit.model.TestRunSession$TestSessionNotifier.logUnexpectedTest(TestRunSession.java:807)
	at org.eclipse.jdt.internal.junit.model.TestRunSession$TestSessionNotifier.testStarted(TestRunSession.java:714)
	at org.eclipse.jdt.internal.junit.model.RemoteTestRunnerClient$5.run(RemoteTestRunnerClient.java:541)
	at org.eclipse.core.runtime.SafeRunner.run(SafeRunner.java:45)
	at org.eclipse.jdt.internal.junit.model.RemoteTestRunnerClient.notifyTestStarted(RemoteTestRunnerClient.java:537)
	at org.eclipse.jdt.internal.junit.model.RemoteTestRunnerClient.access$6(RemoteTestRunnerClient.java:532)
	at org.eclipse.jdt.internal.junit.model.RemoteTestRunnerClient$DefaultProcessingState.readMessage(RemoteTestRunnerClient.java:92)
	at org.eclipse.jdt.internal.junit.model.RemoteTestRunnerClient.receiveMessage(RemoteTestRunnerClient.java:376)
	at org.eclipse.jdt.internal.junit.model.RemoteTestRunnerClient.access$27(RemoteTestRunnerClient.java:375)
	at org.eclipse.jdt.internal.junit.model.RemoteTestRunnerClient$ServerConnection.run(RemoteTestRunnerClient.java:273)

!ENTRY org.eclipse.jdt.junit.core 4 4 2018-12-26 10:33:32.831
!MESSAGE Error
!STACK 0
java.lang.Exception: Unexpected TestElement type for testId '3': TestSuite: Scenario: Home page default login : Completed - OK (4)
	at org.eclipse.jdt.internal.junit.model.TestRunSession$TestSessionNotifier.logUnexpectedTest(TestRunSession.java:807)
	at org.eclipse.jdt.internal.junit.model.TestRunSession$TestSessionNotifier.testEnded(TestRunSession.java:744)
	at org.eclipse.jdt.internal.junit.model.RemoteTestRunnerClient$4.run(RemoteTestRunnerClient.java:526)
	at org.eclipse.core.runtime.SafeRunner.run(SafeRunner.java:45)
	at org.eclipse.jdt.internal.junit.model.RemoteTestRunnerClient.notifyTestEnded(RemoteTestRunnerClient.java:522)
	at org.eclipse.jdt.internal.junit.model.RemoteTestRunnerClient.access$7(RemoteTestRunnerClient.java:517)
	at org.eclipse.jdt.internal.junit.model.RemoteTestRunnerClient$DefaultProcessingState.readMessage(RemoteTestRunnerClient.java:96)
	at org.eclipse.jdt.internal.junit.model.RemoteTestRunnerClient.receiveMessage(RemoteTestRunnerClient.java:376)
	at org.eclipse.jdt.internal.junit.model.RemoteTestRunnerClient.access$27(RemoteTestRunnerClient.java:375)
	at org.eclipse.jdt.internal.junit.model.RemoteTestRunnerClient$ServerConnection.run(RemoteTestRunnerClient.java:273)

!ENTRY org.eclipse.jface 4 2 2018-12-26 10:41:30.013
!MESSAGE Problems occurred when invoking code from plug-in: "org.eclipse.jface".
!STACK 0
java.lang.ClassCastException: org.eclipse.core.internal.resources.Folder cannot be cast to org.eclipse.core.resources.IProject
	at org.eclipse.jdt.internal.ui.preferences.PropertyAndPreferencePage.setElement(PropertyAndPreferencePage.java:338)
	at org.eclipse.ui.internal.dialogs.RegistryPageContributor.createPage(RegistryPageContributor.java:165)
	at org.eclipse.ui.internal.dialogs.PropertyPageNode.createPage(PropertyPageNode.java:60)
	at org.eclipse.jface.preference.PreferenceDialog.createPage(PreferenceDialog.java:1279)
	at org.eclipse.ui.internal.dialogs.FilteredPreferenceDialog.createPage(FilteredPreferenceDialog.java:361)
	at org.eclipse.jface.preference.PreferenceDialog.showPage(PreferenceDialog.java:1166)
	at org.eclipse.ui.internal.dialogs.FilteredPreferenceDialog.showPage(FilteredPreferenceDialog.java:675)
	at org.eclipse.jface.preference.PreferenceDialog$5.lambda$0(PreferenceDialog.java:660)
	at org.eclipse.swt.custom.BusyIndicator.showWhile(BusyIndicator.java:72)
	at org.eclipse.jface.preference.PreferenceDialog$5.selectionChanged(PreferenceDialog.java:657)
	at org.eclipse.jface.viewers.StructuredViewer$3.run(StructuredViewer.java:874)
	at org.eclipse.core.runtime.SafeRunner.run(SafeRunner.java:45)
	at org.eclipse.ui.internal.JFaceUtil.lambda$0(JFaceUtil.java:47)
	at org.eclipse.jface.util.SafeRunnable.run(SafeRunnable.java:176)
	at org.eclipse.jface.viewers.StructuredViewer.firePostSelectionChanged(StructuredViewer.java:871)
	at org.eclipse.jface.viewers.StructuredViewer.handlePostSelect(StructuredViewer.java:1240)
	at org.eclipse.jface.viewers.StructuredViewer.lambda$0(StructuredViewer.java:1263)
	at org.eclipse.swt.events.SelectionListener$1.widgetSelected(SelectionListener.java:84)
	at org.eclipse.jface.util.OpenStrategy.firePostSelectionEvent(OpenStrategy.java:264)
	at org.eclipse.jface.util.OpenStrategy.access$5(OpenStrategy.java:259)
	at org.eclipse.jface.util.OpenStrategy$1.lambda$1(OpenStrategy.java:429)
	at org.eclipse.swt.widgets.RunnableLock.run(RunnableLock.java:40)
	at org.eclipse.swt.widgets.Synchronizer.runAsyncMessages(Synchronizer.java:185)
	at org.eclipse.swt.widgets.Display.runAsyncMessages(Display.java:3933)
	at org.eclipse.swt.widgets.Display.readAndDispatch(Display.java:3564)
	at org.eclipse.jface.window.Window.runEventLoop(Window.java:821)
	at org.eclipse.jface.window.Window.open(Window.java:797)
	at org.eclipse.ui.dialogs.PropertyDialogAction.run(PropertyDialogAction.java:160)
	at org.eclipse.jface.action.Action.runWithEvent(Action.java:476)
	at org.eclipse.jface.action.ActionContributionItem.handleWidgetSelection(ActionContributionItem.java:568)
	at org.eclipse.jface.action.ActionContributionItem.lambda$4(ActionContributionItem.java:400)
	at org.eclipse.swt.widgets.EventTable.sendEvent(EventTable.java:89)
	at org.eclipse.swt.widgets.Display.sendEvent(Display.java:4145)
	at org.eclipse.swt.widgets.Widget.sendEvent(Widget.java:1055)
	at org.eclipse.swt.widgets.Display.runDeferredEvents(Display.java:3958)
	at org.eclipse.swt.widgets.Display.readAndDispatch(Display.java:3561)
	at org.eclipse.e4.ui.internal.workbench.swt.PartRenderingEngine$5.run(PartRenderingEngine.java:1173)
	at org.eclipse.core.databinding.observable.Realm.runWithDefault(Realm.java:339)
	at org.eclipse.e4.ui.internal.workbench.swt.PartRenderingEngine.run(PartRenderingEngine.java:1062)
	at org.eclipse.e4.ui.internal.workbench.E4Workbench.createAndRunUI(E4Workbench.java:156)
	at org.eclipse.ui.internal.Workbench.lambda$3(Workbench.java:628)
	at org.eclipse.core.databinding.observable.Realm.runWithDefault(Realm.java:339)
	at org.eclipse.ui.internal.Workbench.createAndRunWorkbench(Workbench.java:563)
	at org.eclipse.ui.PlatformUI.createAndRunWorkbench(PlatformUI.java:151)
	at org.eclipse.ui.internal.ide.application.IDEApplication.start(IDEApplication.java:155)
	at org.eclipse.equinox.internal.app.EclipseAppHandle.run(EclipseAppHandle.java:199)
	at org.eclipse.core.runtime.internal.adaptor.EclipseAppLauncher.runApplication(EclipseAppLauncher.java:137)
	at org.eclipse.core.runtime.internal.adaptor.EclipseAppLauncher.start(EclipseAppLauncher.java:107)
	at org.eclipse.core.runtime.adaptor.EclipseStarter.run(EclipseStarter.java:391)
	at org.eclipse.core.runtime.adaptor.EclipseStarter.run(EclipseStarter.java:246)
	at sun.reflect.NativeMethodAccessorImpl.invoke0(Native Method)
	at sun.reflect.NativeMethodAccessorImpl.invoke(Unknown Source)
	at sun.reflect.DelegatingMethodAccessorImpl.invoke(Unknown Source)
	at java.lang.reflect.Method.invoke(Unknown Source)
	at org.eclipse.equinox.launcher.Main.invokeFramework(Main.java:659)
	at org.eclipse.equinox.launcher.Main.basicRun(Main.java:595)
	at org.eclipse.equinox.launcher.Main.run(Main.java:1501)

!ENTRY org.eclipse.jdt.junit.core 4 4 2018-12-26 10:52:55.983
!MESSAGE Error
!STACK 0
java.lang.Exception: Unexpected TestElement type for testId '3': TestSuite: Scenario: Home page default login : Not Started - Undefined (4)
	at org.eclipse.jdt.internal.junit.model.TestRunSession$TestSessionNotifier.logUnexpectedTest(TestRunSession.java:807)
	at org.eclipse.jdt.internal.junit.model.TestRunSession$TestSessionNotifier.testStarted(TestRunSession.java:714)
	at org.eclipse.jdt.internal.junit.model.RemoteTestRunnerClient$5.run(RemoteTestRunnerClient.java:541)
	at org.eclipse.core.runtime.SafeRunner.run(SafeRunner.java:45)
	at org.eclipse.jdt.internal.junit.model.RemoteTestRunnerClient.notifyTestStarted(RemoteTestRunnerClient.java:537)
	at org.eclipse.jdt.internal.junit.model.RemoteTestRunnerClient.access$6(RemoteTestRunnerClient.java:532)
	at org.eclipse.jdt.internal.junit.model.RemoteTestRunnerClient$DefaultProcessingState.readMessage(RemoteTestRunnerClient.java:92)
	at org.eclipse.jdt.internal.junit.model.RemoteTestRunnerClient.receiveMessage(RemoteTestRunnerClient.java:376)
	at org.eclipse.jdt.internal.junit.model.RemoteTestRunnerClient.access$27(RemoteTestRunnerClient.java:375)
	at org.eclipse.jdt.internal.junit.model.RemoteTestRunnerClient$ServerConnection.run(RemoteTestRunnerClient.java:273)

!ENTRY org.eclipse.jdt.junit.core 4 4 2018-12-26 10:52:56.003
!MESSAGE Error
!STACK 0
java.lang.Exception: Unexpected TestElement type for testId '3': TestSuite: Scenario: Home page default login : Completed - OK (4)
	at org.eclipse.jdt.internal.junit.model.TestRunSession$TestSessionNotifier.logUnexpectedTest(TestRunSession.java:807)
	at org.eclipse.jdt.internal.junit.model.TestRunSession$TestSessionNotifier.testStarted(TestRunSession.java:714)
	at org.eclipse.jdt.internal.junit.model.RemoteTestRunnerClient$5.run(RemoteTestRunnerClient.java:541)
	at org.eclipse.core.runtime.SafeRunner.run(SafeRunner.java:45)
	at org.eclipse.jdt.internal.junit.model.RemoteTestRunnerClient.notifyTestStarted(RemoteTestRunnerClient.java:537)
	at org.eclipse.jdt.internal.junit.model.RemoteTestRunnerClient.access$6(RemoteTestRunnerClient.java:532)
	at org.eclipse.jdt.internal.junit.model.RemoteTestRunnerClient$DefaultProcessingState.readMessage(RemoteTestRunnerClient.java:92)
	at org.eclipse.jdt.internal.junit.model.RemoteTestRunnerClient.receiveMessage(RemoteTestRunnerClient.java:376)
	at org.eclipse.jdt.internal.junit.model.RemoteTestRunnerClient.access$27(RemoteTestRunnerClient.java:375)
	at org.eclipse.jdt.internal.junit.model.RemoteTestRunnerClient$ServerConnection.run(RemoteTestRunnerClient.java:273)

!ENTRY org.eclipse.jdt.junit.core 4 4 2018-12-26 10:52:56.017
!MESSAGE Error
!STACK 0
java.lang.Exception: Unexpected TestElement type for testId '3': TestSuite: Scenario: Home page default login : Completed - OK (4)
	at org.eclipse.jdt.internal.junit.model.TestRunSession$TestSessionNotifier.logUnexpectedTest(TestRunSession.java:807)
	at org.eclipse.jdt.internal.junit.model.TestRunSession$TestSessionNotifier.testEnded(TestRunSession.java:744)
	at org.eclipse.jdt.internal.junit.model.RemoteTestRunnerClient$4.run(RemoteTestRunnerClient.java:526)
	at org.eclipse.core.runtime.SafeRunner.run(SafeRunner.java:45)
	at org.eclipse.jdt.internal.junit.model.RemoteTestRunnerClient.notifyTestEnded(RemoteTestRunnerClient.java:522)
	at org.eclipse.jdt.internal.junit.model.RemoteTestRunnerClient.access$7(RemoteTestRunnerClient.java:517)
	at org.eclipse.jdt.internal.junit.model.RemoteTestRunnerClient$DefaultProcessingState.readMessage(RemoteTestRunnerClient.java:96)
	at org.eclipse.jdt.internal.junit.model.RemoteTestRunnerClient.receiveMessage(RemoteTestRunnerClient.java:376)
	at org.eclipse.jdt.internal.junit.model.RemoteTestRunnerClient.access$27(RemoteTestRunnerClient.java:375)
	at org.eclipse.jdt.internal.junit.model.RemoteTestRunnerClient$ServerConnection.run(RemoteTestRunnerClient.java:273)

!ENTRY org.eclipse.jdt.junit.core 4 4 2018-12-26 10:55:44.826
!MESSAGE Error
!STACK 0
java.lang.Exception: Unexpected TestElement type for testId '3': TestSuite: Scenario: Home page default login : Not Started - Undefined (4)
	at org.eclipse.jdt.internal.junit.model.TestRunSession$TestSessionNotifier.logUnexpectedTest(TestRunSession.java:807)
	at org.eclipse.jdt.internal.junit.model.TestRunSession$TestSessionNotifier.testStarted(TestRunSession.java:714)
	at org.eclipse.jdt.internal.junit.model.RemoteTestRunnerClient$5.run(RemoteTestRunnerClient.java:541)
	at org.eclipse.core.runtime.SafeRunner.run(SafeRunner.java:45)
	at org.eclipse.jdt.internal.junit.model.RemoteTestRunnerClient.notifyTestStarted(RemoteTestRunnerClient.java:537)
	at org.eclipse.jdt.internal.junit.model.RemoteTestRunnerClient.access$6(RemoteTestRunnerClient.java:532)
	at org.eclipse.jdt.internal.junit.model.RemoteTestRunnerClient$DefaultProcessingState.readMessage(RemoteTestRunnerClient.java:92)
	at org.eclipse.jdt.internal.junit.model.RemoteTestRunnerClient.receiveMessage(RemoteTestRunnerClient.java:376)
	at org.eclipse.jdt.internal.junit.model.RemoteTestRunnerClient.access$27(RemoteTestRunnerClient.java:375)
	at org.eclipse.jdt.internal.junit.model.RemoteTestRunnerClient$ServerConnection.run(RemoteTestRunnerClient.java:273)

!ENTRY org.eclipse.jdt.junit.core 4 4 2018-12-26 10:55:44.842
!MESSAGE Error
!STACK 0
java.lang.Exception: Unexpected TestElement type for testId '3': TestSuite: Scenario: Home page default login : Completed - OK (4)
	at org.eclipse.jdt.internal.junit.model.TestRunSession$TestSessionNotifier.logUnexpectedTest(TestRunSession.java:807)
	at org.eclipse.jdt.internal.junit.model.TestRunSession$TestSessionNotifier.testStarted(TestRunSession.java:714)
	at org.eclipse.jdt.internal.junit.model.RemoteTestRunnerClient$5.run(RemoteTestRunnerClient.java:541)
	at org.eclipse.core.runtime.SafeRunner.run(SafeRunner.java:45)
	at org.eclipse.jdt.internal.junit.model.RemoteTestRunnerClient.notifyTestStarted(RemoteTestRunnerClient.java:537)
	at org.eclipse.jdt.internal.junit.model.RemoteTestRunnerClient.access$6(RemoteTestRunnerClient.java:532)
	at org.eclipse.jdt.internal.junit.model.RemoteTestRunnerClient$DefaultProcessingState.readMessage(RemoteTestRunnerClient.java:92)
	at org.eclipse.jdt.internal.junit.model.RemoteTestRunnerClient.receiveMessage(RemoteTestRunnerClient.java:376)
	at org.eclipse.jdt.internal.junit.model.RemoteTestRunnerClient.access$27(RemoteTestRunnerClient.java:375)
	at org.eclipse.jdt.internal.junit.model.RemoteTestRunnerClient$ServerConnection.run(RemoteTestRunnerClient.java:273)

!ENTRY org.eclipse.jdt.junit.core 4 4 2018-12-26 10:55:44.860
!MESSAGE Error
!STACK 0
java.lang.Exception: Unexpected TestElement type for testId '3': TestSuite: Scenario: Home page default login : Completed - OK (4)
	at org.eclipse.jdt.internal.junit.model.TestRunSession$TestSessionNotifier.logUnexpectedTest(TestRunSession.java:807)
	at org.eclipse.jdt.internal.junit.model.TestRunSession$TestSessionNotifier.testEnded(TestRunSession.java:744)
	at org.eclipse.jdt.internal.junit.model.RemoteTestRunnerClient$4.run(RemoteTestRunnerClient.java:526)
	at org.eclipse.core.runtime.SafeRunner.run(SafeRunner.java:45)
	at org.eclipse.jdt.internal.junit.model.RemoteTestRunnerClient.notifyTestEnded(RemoteTestRunnerClient.java:522)
	at org.eclipse.jdt.internal.junit.model.RemoteTestRunnerClient.access$7(RemoteTestRunnerClient.java:517)
	at org.eclipse.jdt.internal.junit.model.RemoteTestRunnerClient$DefaultProcessingState.readMessage(RemoteTestRunnerClient.java:96)
	at org.eclipse.jdt.internal.junit.model.RemoteTestRunnerClient.receiveMessage(RemoteTestRunnerClient.java:376)
	at org.eclipse.jdt.internal.junit.model.RemoteTestRunnerClient.access$27(RemoteTestRunnerClient.java:375)
	at org.eclipse.jdt.internal.junit.model.RemoteTestRunnerClient$ServerConnection.run(RemoteTestRunnerClient.java:273)
