<?xml version="1.0" encoding="UTF-8"?>
<testng-results skipped="0" failed="0" ignored="0" total="0" passed="0">
  <reporter-output>
  </reporter-output>
  <suite name="Default suite" duration-ms="15188" started-at="2018-12-18T21:24:25Z" finished-at="2018-12-18T21:24:40Z">
    <groups>
    </groups>
    <test name="Default test" duration-ms="15188" started-at="2018-12-18T21:24:25Z" finished-at="2018-12-18T21:24:40Z">
      <class name="com.prestashop.tests.NegativeTests">
        <test-method status="PASS" signature="setup()[pri:0, instance:com.prestashop.tests.NegativeTests@6d00a15d]" name="setup" is-config="true" duration-ms="15172" started-at="2018-12-18T21:24:25Z" finished-at="2018-12-18T21:24:40Z">
          <reporter-output>
          </reporter-output>
        </test-method> <!-- setup -->
      </class> <!-- com.prestashop.tests.NegativeTests -->
    </test> <!-- Default test -->
  </suite> <!-- Default suite -->
</testng-results>
