<?xml version="1.0" encoding="UTF-8"?>
<testng-results skipped="0" failed="0" ignored="0" total="1" passed="1">
  <reporter-output>
  </reporter-output>
  <suite name="Default suite" duration-ms="23814" started-at="2018-12-18T23:34:12Z" finished-at="2018-12-18T23:34:36Z">
    <groups>
    </groups>
    <test name="Default test" duration-ms="23814" started-at="2018-12-18T23:34:12Z" finished-at="2018-12-18T23:34:36Z">
      <class name="com.prestashop.tests.PositiveTests">
        <test-method status="PASS" signature="setUp()[pri:0, instance:com.prestashop.tests.PositiveTests@7dc7cbad]" name="setUp" is-config="true" duration-ms="15314" started-at="2018-12-18T23:34:12Z" finished-at="2018-12-18T23:34:27Z">
          <reporter-output>
          </reporter-output>
        </test-method> <!-- setUp -->
        <test-method status="PASS" signature="createAccount()[pri:0, instance:com.prestashop.tests.PositiveTests@7dc7cbad]" name="createAccount" duration-ms="8476" started-at="2018-12-18T23:34:27Z" finished-at="2018-12-18T23:34:36Z">
          <reporter-output>
          </reporter-output>
        </test-method> <!-- createAccount -->
      </class> <!-- com.prestashop.tests.PositiveTests -->
    </test> <!-- Default test -->
  </suite> <!-- Default suite -->
</testng-results>
