<?xml version="1.0" encoding="UTF-8"?>
<testng-results skipped="0" failed="0" ignored="0" total="4" passed="4">
  <reporter-output>
  </reporter-output>
  <suite name="Default suite" duration-ms="593" started-at="2018-12-03T20:10:40Z" finished-at="2018-12-03T20:10:41Z">
    <groups>
    </groups>
    <test name="Default test" duration-ms="593" started-at="2018-12-03T20:10:40Z" finished-at="2018-12-03T20:10:41Z">
      <class name="Task">
        <test-method status="PASS" signature="Login()[pri:0, instance:Task@5d5eef3d]" name="Login" is-config="true" duration-ms="47" started-at="2018-12-03T20:10:40Z" finished-at="2018-12-03T20:10:40Z">
          <reporter-output>
          </reporter-output>
        </test-method> <!-- Login -->
        <test-method status="PASS" signature="Register()[pri:1, instance:Task@5d5eef3d]" name="Register" duration-ms="49" started-at="2018-12-03T20:10:40Z" finished-at="2018-12-03T20:10:40Z">
          <reporter-output>
          </reporter-output>
        </test-method> <!-- Register -->
        <test-method status="PASS" signature="Logout()[pri:0, instance:Task@5d5eef3d]" name="Logout" is-config="true" duration-ms="1" started-at="2018-12-03T20:10:40Z" finished-at="2018-12-03T20:10:40Z">
          <reporter-output>
          </reporter-output>
        </test-method> <!-- Logout -->
        <test-method status="PASS" signature="Login()[pri:0, instance:Task@5d5eef3d]" name="Login" is-config="true" duration-ms="1" started-at="2018-12-03T20:10:40Z" finished-at="2018-12-03T20:10:40Z">
          <reporter-output>
          </reporter-output>
        </test-method> <!-- Login -->
        <test-method status="PASS" signature="Search()[pri:2, instance:Task@5d5eef3d]" name="Search" duration-ms="20" started-at="2018-12-03T20:10:40Z" depends-on-methods="Task.Register" finished-at="2018-12-03T20:10:40Z">
          <reporter-output>
          </reporter-output>
        </test-method> <!-- Search -->
        <test-method status="PASS" signature="Logout()[pri:0, instance:Task@5d5eef3d]" name="Logout" is-config="true" duration-ms="6" started-at="2018-12-03T20:10:40Z" finished-at="2018-12-03T20:10:40Z">
          <reporter-output>
          </reporter-output>
        </test-method> <!-- Logout -->
        <test-method status="PASS" signature="Login()[pri:0, instance:Task@5d5eef3d]" name="Login" is-config="true" duration-ms="5" started-at="2018-12-03T20:10:40Z" finished-at="2018-12-03T20:10:40Z">
          <reporter-output>
          </reporter-output>
        </test-method> <!-- Login -->
        <test-method status="PASS" signature="Buy()[pri:3, instance:Task@5d5eef3d]" name="Buy" duration-ms="79" started-at="2018-12-03T20:10:40Z" depends-on-methods="Task.Search" finished-at="2018-12-03T20:10:40Z">
          <reporter-output>
          </reporter-output>
        </test-method> <!-- Buy -->
        <test-method status="PASS" signature="Logout()[pri:0, instance:Task@5d5eef3d]" name="Logout" is-config="true" duration-ms="0" started-at="2018-12-03T20:10:40Z" finished-at="2018-12-03T20:10:40Z">
          <reporter-output>
          </reporter-output>
        </test-method> <!-- Logout -->
        <test-method status="PASS" signature="Login()[pri:0, instance:Task@5d5eef3d]" name="Login" is-config="true" duration-ms="1" started-at="2018-12-03T20:10:40Z" finished-at="2018-12-03T20:10:40Z">
          <reporter-output>
          </reporter-output>
        </test-method> <!-- Login -->
        <test-method status="PASS" signature="Pay()[pri:4, instance:Task@5d5eef3d]" name="Pay" duration-ms="3" started-at="2018-12-03T20:10:40Z" depends-on-methods="Task.Buy" finished-at="2018-12-03T20:10:40Z">
          <reporter-output>
          </reporter-output>
        </test-method> <!-- Pay -->
        <test-method status="PASS" signature="Logout()[pri:0, instance:Task@5d5eef3d]" name="Logout" is-config="true" duration-ms="5" started-at="2018-12-03T20:10:40Z" finished-at="2018-12-03T20:10:41Z">
          <reporter-output>
          </reporter-output>
        </test-method> <!-- Logout -->
      </class> <!-- Task -->
    </test> <!-- Default test -->
  </suite> <!-- Default suite -->
</testng-results>
