<?xml version="1.0" encoding="UTF-8"?>
<!-- Generated by org.testng.reporters.JUnitXMLReporter -->
<testsuite hostname="PC1" ignored="0" name="Default test" tests="4" failures="0" timestamp="18 Dec 2018 22:09:01 GMT" time="16.527" errors="0">
  <testcase name="blankEmailTest" time="1.233" classname="com.prestashop.tests.NegativeTests"/>
  <testcase name="blankPasswordTest" time="1.097" classname="com.prestashop.tests.NegativeTests"/>
  <testcase name="invalidEmailTest" time="1.19" classname="com.prestashop.tests.NegativeTests"/>
  <testcase name="wrongCredentials" time="1.266" classname="com.prestashop.tests.NegativeTests"/>
</testsuite> <!-- Default test -->
